Replace Part C1 C-100nF-0603 in D:\OneDrive\Documents\HES-SO\TM\Schematics\UCL-MB-802154RT-1\Ethernet.SchDoc with C-100nF-0603 from Components.SchLib
Replace Part C2 C-10pF-0603 in D:\OneDrive\Documents\HES-SO\TM\Schematics\UCL-MB-802154RT-1\Ethernet.SchDoc with C-10pF-0603 from Components.SchLib
Replace Part C3 C-10pF-0603 in D:\OneDrive\Documents\HES-SO\TM\Schematics\UCL-MB-802154RT-1\Ethernet.SchDoc with C-10pF-0603 from Components.SchLib
Replace Part C4 C-10pF-0603 in D:\OneDrive\Documents\HES-SO\TM\Schematics\UCL-MB-802154RT-1\Ethernet.SchDoc with C-10pF-0603 from Components.SchLib
Replace Part C5 C-10pF-0603 in D:\OneDrive\Documents\HES-SO\TM\Schematics\UCL-MB-802154RT-1\Ethernet.SchDoc with C-10pF-0603 from Components.SchLib
Replace Part C6 C-22nF-0603 in D:\OneDrive\Documents\HES-SO\TM\Schematics\UCL-MB-802154RT-1\Ethernet.SchDoc with C-22nF-0603 from Components.SchLib
Replace Part C7 C-100nF-0603 in D:\OneDrive\Documents\HES-SO\TM\Schematics\UCL-MB-802154RT-1\Ethernet.SchDoc with C-100nF-0603 from Components.SchLib
Replace Part C8 C-4.7uF-0603 in D:\OneDrive\Documents\HES-SO\TM\Schematics\UCL-MB-802154RT-1\Ethernet.SchDoc with C-4.7uF-0603 from Components.SchLib
Replace Part C9 C-100nF-0603 in D:\OneDrive\Documents\HES-SO\TM\Schematics\UCL-MB-802154RT-1\Ethernet.SchDoc with C-100nF-0603 from Components.SchLib
Replace Part C10 C-4.7uF-0603 in D:\OneDrive\Documents\HES-SO\TM\Schematics\UCL-MB-802154RT-1\Ethernet.SchDoc with C-4.7uF-0603 from Components.SchLib
Replace Part C11 C-100nF-0603 in D:\OneDrive\Documents\HES-SO\TM\Schematics\UCL-MB-802154RT-1\Ethernet.SchDoc with C-100nF-0603 from Components.SchLib
Replace Part C12 C-100nF-0603 in D:\OneDrive\Documents\HES-SO\TM\Schematics\UCL-MB-802154RT-1\Ethernet.SchDoc with C-100nF-0603 from Components.SchLib
Replace Part C13 C-4.7uF-0603 in D:\OneDrive\Documents\HES-SO\TM\Schematics\UCL-MB-802154RT-1\Ethernet.SchDoc with C-4.7uF-0603 from Components.SchLib
Replace Part C14 C-16pF-0603 in D:\OneDrive\Documents\HES-SO\TM\Schematics\UCL-MB-802154RT-1\Ethernet.SchDoc with C-16pF-0603 from Components.SchLib
Replace Part C15 C-16pF-0603 in D:\OneDrive\Documents\HES-SO\TM\Schematics\UCL-MB-802154RT-1\Ethernet.SchDoc with C-16pF-0603 from Components.SchLib
Replace Part J1 ARJE-0034 in D:\OneDrive\Documents\HES-SO\TM\Schematics\UCL-MB-802154RT-1\Ethernet.SchDoc with ARJE-0034 from Components.SchLib
Replace Part L1 PE-0603PFB121ST in D:\OneDrive\Documents\HES-SO\TM\Schematics\UCL-MB-802154RT-1\Ethernet.SchDoc with PE-0603PFB121ST from Components.SchLib
Replace Part R1 R-0R-0603 in D:\OneDrive\Documents\HES-SO\TM\Schematics\UCL-MB-802154RT-1\Ethernet.SchDoc with R-0R-0603 from Components.SchLib
Replace Part R2 R-49R9-0603 in D:\OneDrive\Documents\HES-SO\TM\Schematics\UCL-MB-802154RT-1\Ethernet.SchDoc with R-49R9-0603 from Components.SchLib
Replace Part R3 R-49R9-0603 in D:\OneDrive\Documents\HES-SO\TM\Schematics\UCL-MB-802154RT-1\Ethernet.SchDoc with R-49R9-0603 from Components.SchLib
Replace Part R4 R-49R9-0603 in D:\OneDrive\Documents\HES-SO\TM\Schematics\UCL-MB-802154RT-1\Ethernet.SchDoc with R-49R9-0603 from Components.SchLib
Replace Part R5 R-49R9-0603 in D:\OneDrive\Documents\HES-SO\TM\Schematics\UCL-MB-802154RT-1\Ethernet.SchDoc with R-49R9-0603 from Components.SchLib
Replace Part R6 R-0R-0603 in D:\OneDrive\Documents\HES-SO\TM\Schematics\UCL-MB-802154RT-1\Ethernet.SchDoc with R-0R-0603 from Components.SchLib
Replace Part R7 R-10K-0603 in D:\OneDrive\Documents\HES-SO\TM\Schematics\UCL-MB-802154RT-1\Ethernet.SchDoc with R-10K-0603 from Components.SchLib
Replace Part R8 R-0R-0603 in D:\OneDrive\Documents\HES-SO\TM\Schematics\UCL-MB-802154RT-1\Ethernet.SchDoc with R-0R-0603 from Components.SchLib
Replace Part R9 R-0R-0603 in D:\OneDrive\Documents\HES-SO\TM\Schematics\UCL-MB-802154RT-1\Ethernet.SchDoc with R-0R-0603 from Components.SchLib
Replace Part R10 R-0R-0603 in D:\OneDrive\Documents\HES-SO\TM\Schematics\UCL-MB-802154RT-1\Ethernet.SchDoc with R-0R-0603 from Components.SchLib
Replace Part R11 R-10K-0603 in D:\OneDrive\Documents\HES-SO\TM\Schematics\UCL-MB-802154RT-1\Ethernet.SchDoc with R-10K-0603 from Components.SchLib
Replace Part R12 R-100R-0603 in D:\OneDrive\Documents\HES-SO\TM\Schematics\UCL-MB-802154RT-1\Ethernet.SchDoc with R-100R-0603 from Components.SchLib
Replace Part R13 R-10K-0603 in D:\OneDrive\Documents\HES-SO\TM\Schematics\UCL-MB-802154RT-1\Ethernet.SchDoc with R-10K-0603 from Components.SchLib
Replace Part R14 R-100R-0603 in D:\OneDrive\Documents\HES-SO\TM\Schematics\UCL-MB-802154RT-1\Ethernet.SchDoc with R-100R-0603 from Components.SchLib
Replace Part R15 R-100R-0603 in D:\OneDrive\Documents\HES-SO\TM\Schematics\UCL-MB-802154RT-1\Ethernet.SchDoc with R-100R-0603 from Components.SchLib
Replace Part R16 R-100R-0603 in D:\OneDrive\Documents\HES-SO\TM\Schematics\UCL-MB-802154RT-1\Ethernet.SchDoc with R-100R-0603 from Components.SchLib
Replace Part R17 R-100R-0603 in D:\OneDrive\Documents\HES-SO\TM\Schematics\UCL-MB-802154RT-1\Ethernet.SchDoc with R-100R-0603 from Components.SchLib
Replace Part R18 R-100R-0603 in D:\OneDrive\Documents\HES-SO\TM\Schematics\UCL-MB-802154RT-1\Ethernet.SchDoc with R-100R-0603 from Components.SchLib
Replace Part R19 R-100R-0603 in D:\OneDrive\Documents\HES-SO\TM\Schematics\UCL-MB-802154RT-1\Ethernet.SchDoc with R-100R-0603 from Components.SchLib
Replace Part R20 R-4K7-0603 in D:\OneDrive\Documents\HES-SO\TM\Schematics\UCL-MB-802154RT-1\Ethernet.SchDoc with R-4K7-0603 from Components.SchLib
Replace Part R21 R-330R-0603 in D:\OneDrive\Documents\HES-SO\TM\Schematics\UCL-MB-802154RT-1\Ethernet.SchDoc with R-330R-0603 from Components.SchLib
Replace Part R22 R-330R-0603 in D:\OneDrive\Documents\HES-SO\TM\Schematics\UCL-MB-802154RT-1\Ethernet.SchDoc with R-330R-0603 from Components.SchLib
Replace Part R23 R-10K-0603 in D:\OneDrive\Documents\HES-SO\TM\Schematics\UCL-MB-802154RT-1\Ethernet.SchDoc with R-10K-0603 from Components.SchLib
Replace Part R24 R-10K-0603 in D:\OneDrive\Documents\HES-SO\TM\Schematics\UCL-MB-802154RT-1\Ethernet.SchDoc with R-10K-0603 from Components.SchLib
Replace Part R25 R-100R-0603 in D:\OneDrive\Documents\HES-SO\TM\Schematics\UCL-MB-802154RT-1\Ethernet.SchDoc with R-100R-0603 from Components.SchLib
Replace Part R26 R-10K-0603 in D:\OneDrive\Documents\HES-SO\TM\Schematics\UCL-MB-802154RT-1\Ethernet.SchDoc with R-10K-0603 from Components.SchLib
Replace Part R27 R-4K7-0603 in D:\OneDrive\Documents\HES-SO\TM\Schematics\UCL-MB-802154RT-1\Ethernet.SchDoc with R-4K7-0603 from Components.SchLib
Replace Part R28 R-1K5-0603 in D:\OneDrive\Documents\HES-SO\TM\Schematics\UCL-MB-802154RT-1\Ethernet.SchDoc with R-1K5-0603 from Components.SchLib
Replace Part R29 R-100R-0603 in D:\OneDrive\Documents\HES-SO\TM\Schematics\UCL-MB-802154RT-1\Ethernet.SchDoc with R-100R-0603 from Components.SchLib
Replace Part R30 R-0R-0603 in D:\OneDrive\Documents\HES-SO\TM\Schematics\UCL-MB-802154RT-1\Ethernet.SchDoc with R-0R-0603 from Components.SchLib
Replace Part R31 R-0R-0603 in D:\OneDrive\Documents\HES-SO\TM\Schematics\UCL-MB-802154RT-1\Ethernet.SchDoc with R-0R-0603 from Components.SchLib
Replace Part R32 R-0R-0603 in D:\OneDrive\Documents\HES-SO\TM\Schematics\UCL-MB-802154RT-1\Ethernet.SchDoc with R-0R-0603 from Components.SchLib
Replace Part R33 R-100R-0603 in D:\OneDrive\Documents\HES-SO\TM\Schematics\UCL-MB-802154RT-1\Ethernet.SchDoc with R-100R-0603 from Components.SchLib
Replace Part R34 R-0R-0603 in D:\OneDrive\Documents\HES-SO\TM\Schematics\UCL-MB-802154RT-1\Ethernet.SchDoc with R-0R-0603 from Components.SchLib
Replace Part R35 R-0R-0603 in D:\OneDrive\Documents\HES-SO\TM\Schematics\UCL-MB-802154RT-1\Ethernet.SchDoc with R-0R-0603 from Components.SchLib
Replace Part R36 R-0R-0603 in D:\OneDrive\Documents\HES-SO\TM\Schematics\UCL-MB-802154RT-1\Ethernet.SchDoc with R-0R-0603 from Components.SchLib
Replace Part R37 R-12K4-1%-0603 in D:\OneDrive\Documents\HES-SO\TM\Schematics\UCL-MB-802154RT-1\Ethernet.SchDoc with R-12K4-1%-0603 from Components.SchLib
Replace Part U1 LAN8187-JT in D:\OneDrive\Documents\HES-SO\TM\Schematics\UCL-MB-802154RT-1\Ethernet.SchDoc with LAN8187-JT from Components.SchLib
Replace Part Y1 830107871909 in D:\OneDrive\Documents\HES-SO\TM\Schematics\UCL-MB-802154RT-1\Ethernet.SchDoc with 830107871909 from Components.SchLib
