Added Rule: Name=Schematic Clearance Constraint
Added Rule: Name=Schematic Differential Pairs Routing
Added Rule: Name=Schematic Differential Pairs Routing_2
Added Rule: Name=Schematic Differential Pairs Routing_10
Added Rule: Name=Schematic Differential Pairs Routing_11
Added Rule: Name=Schematic Differential Pairs Routing_12
Added Rule: Name=Schematic Impedance Constraint_5
Added Rule: Name=Schematic Impedance Constraint_6
Added Rule: Name=Schematic Impedance Constraint_7
Added Rule: Name=Schematic Impedance Constraint_8
Added Rule: Name=Schematic Impedance Constraint_9
Added Rule: Name=Schematic Impedance Constraint_10
Added Rule: Name=Schematic Impedance Constraint_11
Added Rule: Name=Schematic Impedance Constraint_12
Added Rule: Name=Schematic Matched Net Lengths
Added Rule: Name=Schematic Matched Net Lengths_1
Added Rule: Name=Schematic Matched Net Lengths_2
Added Rule: Name=Schematic Width Constraint
Added Rule: Name=Schematic Width Constraint_1
Added Rule: Name=Schematic Width Constraint_2
Added Rule: Name=Schematic Width Constraint_3
Added Rule: Name=Schematic Width Constraint_4
Added Rule: Name=Schematic Width Constraint_5
Added Rule: Name=Schematic Width Constraint_6
Added Rule: Name=Schematic Width Constraint_7
