Removed Pin From Net: NetName=GND Pin=C16-1
Removed Pin From Net: NetName=3V3_AT86 Pin=C16-2
Removed Pin From Net: NetName=3V3_AT86 Pin=C17-1
Removed Pin From Net: NetName=3V3_AT86 Pin=C19-1
Removed Pin From Net: NetName=GND Pin=C19-2
Removed Pin From Net: NetName=NetC28_1 Pin=J2-1
Removed Pin From Net: NetName=GND Pin=J2-3
Removed Pin From Net: NetName=GND Pin=J2-4
Removed Pin From Net: NetName=GND Pin=J2-5
Removed Pin From Net: NetName=GND Pin=J2-6
Removed Pin From Net: NetName=GND Pin=J11-2
Removed Pin From Net: NetName=GND Pin=J11-2
Removed Pin From Net: NetName=GND Pin=J11-2
Removed Pin From Net: NetName=GND Pin=J11-2
Removed Pin From Net: NetName=3V3_AT86 Pin=L4-2
Removed Pin From Net: NetName=GND Pin=L6-2
Removed Pin From Net: NetName=GND Pin=R44-1
Removed Pin From Net: NetName=NetR43_1 Pin=R44-2
Removed Pin From Net: NetName=GND Pin=R45-1
Removed Pin From Net: NetName=+2V_MCU Pin=R50-2
Removed Pin From Net: NetName=GND Pin=R57-1
Removed Pin From Net: NetName=NetC28_1 Pin=R76-1
Removed Pin From Net: NetName=GND Pin=R76-2
Removed Pin From Net: NetName=GND Pin=U3-0
Removed Pin From Net: NetName=GND Pin=U3-0
Removed Pin From Net: NetName=GND Pin=U3-0
Removed Pin From Net: NetName=GND Pin=U3-0
Removed Pin From Net: NetName=GND Pin=U3-0
Removed Pin From Net: NetName=GND Pin=U3-0
Removed Pin From Net: NetName=GND Pin=U3-0
Removed Pin From Net: NetName=GND Pin=U3-0
Removed Pin From Net: NetName=GND Pin=U3-0
Removed Pin From Net: NetName=GND Pin=U3-0
Removed Pin From Net: NetName=GND Pin=U3-0
Removed Pin From Net: NetName=GND Pin=U3-0
Removed Pin From Net: NetName=GND Pin=U3-0
Removed Pin From Net: NetName=GND Pin=U3-0
Removed Pin From Net: NetName=GND Pin=U3-0
Removed Pin From Net: NetName=GND Pin=U3-0
Removed Pin From Net: NetName=GND Pin=U3-0
Removed Pin From Net: NetName=GND Pin=U3-0
Removed Pin From Net: NetName=GND Pin=U3-0
Removed Pin From Net: NetName=GND Pin=U3-0
Removed Pin From Net: NetName=NetR39_2 Pin=U3-1
Removed Pin From Net: NetName=AT86_CPS Pin=U3-3
Removed Pin From Net: NetName=NetR38_2 Pin=U3-4
Removed Pin From Net: NetName=NetJ3_2 Pin=U3-6
Removed Pin From Net: NetName=GND Pin=U3-8
Removed Pin From Net: NetName=GND Pin=U3-10
Removed Pin From Net: NetName=NetR43_1 Pin=U3-12
Removed Pin From Net: NetName=GND Pin=U3-13
Removed Pin From Net: NetName=NetR40_1 Pin=U3-14
Removed Pin From Net: NetName=GND Pin=U3-15
Removed Pin From Net: NetName=GND Pin=U3-17
Removed Pin From Net: NetName=GND Pin=U3-18
Removed Pin From Net: NetName=GND Pin=U3-19
Removed Pin From Net: NetName=GND Pin=U3-22
Removed Pin From Net: NetName=GND Pin=U4-1
Removed Pin From Net: NetName=GND Pin=U4-4
Removed Pin From Net: NetName=GND Pin=U4-6
Removed Pin From Net: NetName=GND Pin=U5-1
Removed Pin From Net: NetName=GND Pin=U5-3
Removed Pin From Net: NetName=GND Pin=U5-4
Removed Pin From Net: NetName=GND Pin=U5-6
Removed Member From Class: ClassName=U_IEEE-802 Member=C29
Removed Member From Class: ClassName=U_IEEE-802 Member=C30
Removed Member From Class: ClassName=U_IEEE-802 Member=J2
Removed Member From Class: ClassName=Top Member=J11
Removed Member From Class: ClassName=U_IEEE-802 Member=L4
Removed Member From Class: ClassName=U_IEEE-802 Member=L6
Removed Member From Class: ClassName=U_IEEE-802 Member=R44
Removed Member From Class: ClassName=U_IEEE-802 Member=R45
Removed Member From Class: ClassName=Top Member=R50
Removed Member From Class: ClassName=Top Member=R57
Removed Member From Class: ClassName=U_IEEE-802 Member=R76
Removed Member From Class: ClassName=U_IEEE-802 Member=U5
Change Component Footprint: Designator=U4 Old Footprint=EPCOS-DCC6C New Footprint=SKY66122-11
Change Component Footprint: Designator=U3 Old Footprint=SE2435L New Footprint=B39871B4377P810
Change Component Footprint: Designator=C18 Old Footprint=SM/C_0402 New Footprint=SM/C_0603
Change Component Footprint: Designator=C16 Old Footprint=SM/C_0603 New Footprint=SM/C_0402
Change Component Footprint: Designator=L3 Old Footprint=SM/L_0402 New Footprint=SM/L_0603 (1608)
Change Component Comment : Designator=U4 Old Comment=B3725 New Comment=SKY66122-11
Change Component Comment : Designator=C17 Old Comment=C-1nF-0402 New Comment=C-1pF-0402
Change Component Comment : Designator=C16 Old Comment=C-4.7uF-0603 New Comment=C-1nF-0402
Change Component Comment : Designator=C18 Old Comment=C-10nF-0402 New Comment=C-4.7uF-0603
Change Component Comment : Designator=C28 Old Comment=C-10pF-0402 New Comment=C-22pF-0402
Change Component Comment : Designator=C22 Old Comment=C-22pF-0402 New Comment=C-68pF-0402
Change Component Comment : Designator=C19 Old Comment=C-33pF-0402 New Comment=C-1nF-0402
Change Component Comment : Designator=C20 Old Comment=C-100pF-0402 New Comment=C-33pF-0402
Change Component Comment : Designator=L3 Old Comment=L-4.7nH-0402 New Comment=L-6.8nH-0603
Change Component Comment : Designator=U3 Old Comment=SE2435L-R New Comment=B39871B4377P810
Change component parameters: Designator = "L3"; Footprint = "SM/L_0603 (1608)"; UniqueID = "\FYYOTIGR\PKGZTEOQ"
Change component parameters. Clean all parameters for all variants
Change component parameters (AddParameter): Name = "Fabricant"; Value = "Murata"; VariantName = "[No Variations]"
Change component parameters (AddParameter): Name = "Fabricant_Ref"; Value = "LQG18HN6N8J00D"; VariantName = "[No Variations]"
Change component parameters (AddParameter): Name = "I_DC"; Value = "300mA"; VariantName = "[No Variations]"
Change component parameters (AddParameter): Name = "Supplier 1"; Value = "Digi-Key"; VariantName = "[No Variations]"
Change component parameters (AddParameter): Name = "Supplier 1b"; Value = "DigiReel"; VariantName = "[No Variations]"
Change component parameters (AddParameter): Name = "Supplier 2"; Value = "Mouser"; VariantName = "[No Variations]"
Change component parameters (AddParameter): Name = "Supplier Part Number 1"; Value = "490-1108-1-ND"; VariantName = "[No Variations]"
Change component parameters (AddParameter): Name = "Supplier Part Number 1b"; Value = "490-1108-6-ND"; VariantName = "[No Variations]"
Change component parameters (AddParameter): Name = "Supplier Part Number 2"; Value = "81-LQG18HN6N8J00D"; VariantName = "[No Variations]"
Change component parameters (AddParameter): Name = "Tolerance"; Value = "5%"; VariantName = "[No Variations]"
Change component parameters (AddParameter): Name = "Value"; Value = "6.8nH"; VariantName = "[No Variations]"
Change component parameters: Designator = "C19"; Footprint = "SM/C_0402"; UniqueID = "\FYYOTIGR\HCXUQXAU"
Change component parameters. Clean all parameters for all variants
Change component parameters (AddParameter): Name = "ESR"; Value = ""; VariantName = "[No Variations]"
Change component parameters (AddParameter): Name = "Fabricant"; Value = "Murata"; VariantName = "[No Variations]"
Change component parameters (AddParameter): Name = "Fabricant_Ref"; Value = "GRM1555C1H102FA01D"; VariantName = "[No Variations]"
Change component parameters (AddParameter): Name = "IRMS"; Value = ""; VariantName = "[No Variations]"
Change component parameters (AddParameter): Name = "Supplier 1"; Value = "Digi-Key"; VariantName = "[No Variations]"
Change component parameters (AddParameter): Name = "Supplier 1b"; Value = "DigiReel"; VariantName = "[No Variations]"
Change component parameters (AddParameter): Name = "Supplier 2"; Value = "Mouser"; VariantName = "[No Variations]"
Change component parameters (AddParameter): Name = "Supplier Part Number 1"; Value = "490-6189-1-ND"; VariantName = "[No Variations]"
Change component parameters (AddParameter): Name = "Supplier Part Number 1b"; Value = "490-6189-6-ND"; VariantName = "[No Variations]"
Change component parameters (AddParameter): Name = "Supplier Part Number 2"; Value = "81-GRM1555C1H102FA1D"; VariantName = "[No Variations]"
Change component parameters (AddParameter): Name = "Technologie"; Value = "NPO"; VariantName = "[No Variations]"
Change component parameters (AddParameter): Name = "Tolerance"; Value = "1%"; VariantName = "[No Variations]"
Change component parameters (AddParameter): Name = "Value"; Value = "1nF"; VariantName = "[No Variations]"
Change component parameters (AddParameter): Name = "Voltage"; Value = "50V"; VariantName = "[No Variations]"
Change component parameters: Designator = "C20"; Footprint = "SM/C_0402"; UniqueID = "\FYYOTIGR\TDUGAUVX"
Change component parameters. Clean all parameters for all variants
Change component parameters (AddParameter): Name = "ESR"; Value = ""; VariantName = "[No Variations]"
Change component parameters (AddParameter): Name = "Fabricant"; Value = "TDK"; VariantName = "[No Variations]"
Change component parameters (AddParameter): Name = "Fabricant_Ref"; Value = "C1005C0G1H330J050BA"; VariantName = "[No Variations]"
Change component parameters (AddParameter): Name = "IRMS"; Value = ""; VariantName = "[No Variations]"
Change component parameters (AddParameter): Name = "Supplier 1"; Value = "Digi-Key"; VariantName = "[No Variations]"
Change component parameters (AddParameter): Name = "Supplier 1b"; Value = "DigiReel"; VariantName = "[No Variations]"
Change component parameters (AddParameter): Name = "Supplier 2"; Value = "Mouser"; VariantName = "[No Variations]"
Change component parameters (AddParameter): Name = "Supplier Part Number 1"; Value = "445-1241-1-ND"; VariantName = "[No Variations]"
Change component parameters (AddParameter): Name = "Supplier Part Number 1b"; Value = "445-1241-6-ND"; VariantName = "[No Variations]"
Change component parameters (AddParameter): Name = "Supplier Part Number 2"; Value = "810-C1005C0G1H330J"; VariantName = "[No Variations]"
Change component parameters (AddParameter): Name = "Technologie"; Value = "NPO"; VariantName = "[No Variations]"
Change component parameters (AddParameter): Name = "Tolerance"; Value = "5%"; VariantName = "[No Variations]"
Change component parameters (AddParameter): Name = "Value"; Value = "33pF"; VariantName = "[No Variations]"
Change component parameters (AddParameter): Name = "Voltage"; Value = "50V"; VariantName = "[No Variations]"
Change component parameters: Designator = "C22"; Footprint = "SM/C_0402"; UniqueID = "\FYYOTIGR\LIGMBNJO"
Change component parameters. Clean all parameters for all variants
Change component parameters (AddParameter): Name = "ESR"; Value = ""; VariantName = "[No Variations]"
Change component parameters (AddParameter): Name = "Fabricant"; Value = "TDK"; VariantName = "[No Variations]"
Change component parameters (AddParameter): Name = "Fabricant_Ref"; Value = "C1005C0G1H330J050BA"; VariantName = "[No Variations]"
Change component parameters (AddParameter): Name = "IRMS"; Value = ""; VariantName = "[No Variations]"
Change component parameters (AddParameter): Name = "Supplier 1"; Value = "Digi-Key"; VariantName = "[No Variations]"
Change component parameters (AddParameter): Name = "Supplier 1b"; Value = "DigiReel"; VariantName = "[No Variations]"
Change component parameters (AddParameter): Name = "Supplier Part Number 1"; Value = "478-1080-1-ND"; VariantName = "[No Variations]"
Change component parameters (AddParameter): Name = "Supplier Part Number 1b"; Value = "445-1241-6-ND"; VariantName = "[No Variations]"
Change component parameters (AddParameter): Name = "Technologie"; Value = "NPO"; VariantName = "[No Variations]"
Change component parameters (AddParameter): Name = "Tolerance"; Value = "5%"; VariantName = "[No Variations]"
Change component parameters (AddParameter): Name = "Value"; Value = "68pF"; VariantName = "[No Variations]"
Change component parameters (AddParameter): Name = "Voltage"; Value = "50V"; VariantName = "[No Variations]"
Change component parameters: Designator = "C18"; Footprint = "SM/C_0603"; UniqueID = "\FYYOTIGR\OJGHVATN"
Change component parameters. Clean all parameters for all variants
Change component parameters (AddParameter): Name = "ESR"; Value = ""; VariantName = "[No Variations]"
Change component parameters (AddParameter): Name = "Fabricant"; Value = "Murata"; VariantName = "[No Variations]"
Change component parameters (AddParameter): Name = "Fabricant_Ref"; Value = "GRM188R60J475KE19D"; VariantName = "[No Variations]"
Change component parameters (AddParameter): Name = "IRMS"; Value = ""; VariantName = "[No Variations]"
Change component parameters (AddParameter): Name = "Supplier 1"; Value = "Digi-Key"; VariantName = "[No Variations]"
Change component parameters (AddParameter): Name = "Supplier 1b"; Value = "DigiReel"; VariantName = "[No Variations]"
Change component parameters (AddParameter): Name = "Supplier Part Number 1"; Value = "490-7203-1-ND"; VariantName = "[No Variations]"
Change component parameters (AddParameter): Name = "Supplier Part Number 1b"; Value = "490-3297-6-ND"; VariantName = "[No Variations]"
Change component parameters (AddParameter): Name = "Technologie"; Value = "X5R"; VariantName = "[No Variations]"
Change component parameters (AddParameter): Name = "Tolerance"; Value = "10%"; VariantName = "[No Variations]"
Change component parameters (AddParameter): Name = "Value"; Value = "4.7uF"; VariantName = "[No Variations]"
Change component parameters (AddParameter): Name = "Voltage"; Value = "6.3V"; VariantName = "[No Variations]"
Change component parameters: Designator = "C28"; Footprint = "SM/C_0402"; UniqueID = "\FYYOTIGR\TXYDSLSU"
Change component parameters. Clean all parameters for all variants
Change component parameters (AddParameter): Name = "ESR"; Value = ""; VariantName = "[No Variations]"
Change component parameters (AddParameter): Name = "Fabricant"; Value = "Murata"; VariantName = "[No Variations]"
Change component parameters (AddParameter): Name = "Fabricant_Ref"; Value = "GRM1555C1H220FA01D"; VariantName = "[No Variations]"
Change component parameters (AddParameter): Name = "IRMS"; Value = ""; VariantName = "[No Variations]"
Change component parameters (AddParameter): Name = "Supplier 1"; Value = "Digi-Key"; VariantName = "[No Variations]"
Change component parameters (AddParameter): Name = "Supplier 2"; Value = "Mouser"; VariantName = "[No Variations]"
Change component parameters (AddParameter): Name = "Supplier Part Number 1"; Value = "490-8589-1-ND"; VariantName = "[No Variations]"
Change component parameters (AddParameter): Name = "Supplier Part Number 2"; Value = "81-GRM1555C1H220FA1D"; VariantName = "[No Variations]"
Change component parameters (AddParameter): Name = "Technologie"; Value = "NPO"; VariantName = "[No Variations]"
Change component parameters (AddParameter): Name = "Tolerance"; Value = "1%"; VariantName = "[No Variations]"
Change component parameters (AddParameter): Name = "Value"; Value = "22pF"; VariantName = "[No Variations]"
Change component parameters (AddParameter): Name = "Voltage"; Value = "50V"; VariantName = "[No Variations]"
Change component parameters: Designator = "C16"; Footprint = "SM/C_0402"; UniqueID = "\FYYOTIGR\PAHDUGXH"
Change component parameters. Clean all parameters for all variants
Change component parameters (AddParameter): Name = "Value"; Value = "1.5nF"; VariantName = "[No Variations]"
Change component parameters: Designator = "C17"; Footprint = "SM/C_0402"; UniqueID = "\FYYOTIGR\OFHPDRXF"
Change component parameters. Clean all parameters for all variants
Change component parameters (AddParameter): Name = "Supplier 1"; Value = "Digi-Key"; VariantName = "[No Variations]"
Change component parameters (AddParameter): Name = "Supplier Part Number 1"; Value = "1276-1595-1-ND"; VariantName = "[No Variations]"
Change component parameters (AddParameter): Name = "Value"; Value = "1pF"; VariantName = "[No Variations]"
Change component parameters: Designator = "U4"; Footprint = "SKY66122-11"; UniqueID = "\FYYOTIGR\TZFXYZTY"
Change component parameters. Clean all parameters for all variants
Change component parameters (AddParameter): Name = "Supplier 1"; Value = "Digi-Key"; VariantName = "[No Variations]"
Change component parameters (AddParameter): Name = "Supplier Part Number 1"; Value = "863-SKY66122-11CT-ND"; VariantName = "[No Variations]"
Change component parameters: Designator = "U3"; Footprint = "B39871B4377P810"; UniqueID = "\FYYOTIGR\WQUYONKG"
Change component parameters. Clean all parameters for all variants
Change component parameters (AddParameter): Name = "Supplier 1"; Value = "Mouser"; VariantName = "[No Variations]"
Change component parameters (AddParameter): Name = "Supplier Part Number 1"; Value = "871-B39871B4377P810"; VariantName = "[No Variations]"
Added Pin To Net: NetName=GND Pin=C16-2
Added Pin To Net: NetName=GND Pin=C19-1
Added Pin To Net: NetName=3V3_AT86 Pin=C19-2
Added Pin To Net: NetName=3V3_AT86 Pin=C20-2
Added Pin To Net: NetName=3V3_AT86 Pin=C22-2
Added Pin To Net: NetName=GND Pin=C28-2
Added Pin To Net: NetName=GND Pin=U3-2
Added Pin To Net: NetName=GND Pin=U3-3
Added Pin To Net: NetName=GND Pin=U3-5
Added Pin To Net: NetName=GND Pin=U4-0
Added Pin To Net: NetName=GND Pin=U4-0
Added Pin To Net: NetName=GND Pin=U4-0
Added Pin To Net: NetName=GND Pin=U4-0
Added Pin To Net: NetName=GND Pin=U4-0
Added Pin To Net: NetName=GND Pin=U4-0
Added Pin To Net: NetName=GND Pin=U4-0
Added Pin To Net: NetName=GND Pin=U4-0
Added Pin To Net: NetName=GND Pin=U4-0
Added Pin To Net: NetName=GND Pin=U4-0
Added Pin To Net: NetName=GND Pin=U4-0
Added Pin To Net: NetName=GND Pin=U4-0
Added Pin To Net: NetName=GND Pin=U4-0
Added Pin To Net: NetName=GND Pin=U4-0
Added Pin To Net: NetName=GND Pin=U4-0
Added Pin To Net: NetName=GND Pin=U4-0
Added Pin To Net: NetName=GND Pin=U4-0
Added Pin To Net: NetName=GND Pin=U4-0
Added Pin To Net: NetName=GND Pin=U4-0
Added Pin To Net: NetName=GND Pin=U4-0
Added Pin To Net: NetName=GND Pin=U4-0
Added Pin To Net: NetName=GND Pin=U4-0
Added Pin To Net: NetName=GND Pin=U4-0
Added Pin To Net: NetName=GND Pin=U4-0
Added Pin To Net: NetName=GND Pin=U4-0
Added Pin To Net: NetName=GND Pin=U4-0
Added Pin To Net: NetName=GND Pin=U4-0
Added Pin To Net: NetName=GND Pin=U4-0
Added Pin To Net: NetName=GND Pin=U4-0
Added Pin To Net: NetName=GND Pin=U4-0
Added Pin To Net: NetName=GND Pin=U4-0
Added Pin To Net: NetName=GND Pin=U4-0
Added Pin To Net: NetName=GND Pin=U4-0
Added Pin To Net: NetName=GND Pin=U4-0
Added Pin To Net: NetName=GND Pin=U4-0
Added Pin To Net: NetName=GND Pin=U4-0
Added Pin To Net: NetName=GND Pin=U4-0
Added Pin To Net: NetName=GND Pin=U4-0
Added Pin To Net: NetName=GND Pin=U4-0
Added Pin To Net: NetName=GND Pin=U4-0
Added Pin To Net: NetName=GND Pin=U4-0
Added Pin To Net: NetName=GND Pin=U4-0
Added Pin To Net: NetName=GND Pin=U4-0
Added Pin To Net: NetName=GND Pin=U4-0
Added Pin To Net: NetName=GND Pin=U4-0
Added Pin To Net: NetName=GND Pin=U4-0
Added Pin To Net: NetName=GND Pin=U4-0
Added Pin To Net: NetName=GND Pin=U4-0
Added Pin To Net: NetName=GND Pin=U4-0
Added Pin To Net: NetName=AT86_CPS Pin=U4-1
Added Pin To Net: NetName=NetR38_2 Pin=U4-2
Added Pin To Net: NetName=GND Pin=U4-5
Added Pin To Net: NetName=GND Pin=U4-7
Added Pin To Net: NetName=GND Pin=U4-8
Added Pin To Net: NetName=NetJ3_2 Pin=U4-9
Added Pin To Net: NetName=GND Pin=U4-10
Added Pin To Net: NetName=NetR39_2 Pin=U4-11
Added Pin To Net: NetName=GND Pin=U4-12
Added Pin To Net: NetName=GND Pin=U4-13
Added Pin To Net: NetName=GND Pin=U4-15
Added Pin To Net: NetName=GND Pin=U4-17
Added Pin To Net: NetName=NetR43_1 Pin=U4-18
Added Pin To Net: NetName=GND Pin=U4-19
Added Pin To Net: NetName=NetR40_1 Pin=U4-20
Added Pin To Net: NetName=GND Pin=U4-21
Added Pin To Net: NetName=GND Pin=U4-22
Added Pin To Net: NetName=GND Pin=U4-23
Added Pin To Net: NetName=GND Pin=U4-24
Added Pin To Net: NetName=GND Pin=U4-25
Added Pin To Net: NetName=GND Pin=U4-26
Added Pin To Net: NetName=GND Pin=U4-27
Added Pin To Net: NetName=GND Pin=U4-28
Added Pin To Net: NetName=GND Pin=U4-30
Added Pin To Net: NetName=NetC28_1 Pin=U4-31
Added Pin To Net: NetName=GND Pin=U4-32
Added Pin To Net: NetName=GND Pin=U4-34
Added Pin To Net: NetName=3V3_AT86 Pin=U4-35
Added Pin To Net: NetName=GND Pin=U4-36
Added Pin To Net: NetName=NetC16_1 Pin=C16-1
Added Pin To Net: NetName=NetC16_1 Pin=L2-1
Added Pin To Net: NetName=NetC16_1 Pin=U4-33
Added Net: Name=NetC16_1
Added Pin To Net: NetName=NetC17_1 Pin=C17-1
Added Pin To Net: NetName=NetC17_1 Pin=L3-1
Added Pin To Net: NetName=NetC17_1 Pin=U4-29
Added Net: Name=NetC17_1
Added Pin To Net: NetName=NetR43_2 Pin=R43-2
Added Net: Name=NetR43_2
Added Pin To Net: NetName=NetU3_1 Pin=U3-1
Added Pin To Net: NetName=NetU3_1 Pin=U4-16
Added Net: Name=NetU3_1
Added Pin To Net: NetName=NetU3_4 Pin=U3-4
Added Pin To Net: NetName=NetU3_4 Pin=U4-14
Added Net: Name=NetU3_4
Added Pin To Net: NetName=NetU4_4 Pin=U4-4
Added Pin To Net: NetName=NetU4_4 Pin=U4-7
Added Net: Name=NetU4_4
Added Rule: Name=Schematic Differential Pairs Routing
Added Rule: Name=Schematic Differential Pairs Routing_2
Added Rule: Name=Schematic Differential Pairs Routing_10
Added Rule: Name=Schematic Differential Pairs Routing_11
Added Rule: Name=Schematic Differential Pairs Routing_12
Added Rule: Name=Schematic Impedance Constraint_5
Added Rule: Name=Schematic Impedance Constraint_6
Added Rule: Name=Schematic Impedance Constraint_7
Added Rule: Name=Schematic Matched Net Lengths
Added Rule: Name=Schematic Matched Net Lengths_1
Added Rule: Name=Schematic Matched Net Lengths_2
