Change Component Footprint: Designator=L4 Old Footprint=MURA-DLW21SN900SQ2L-4_V New Footprint=SM/L_0603 (1608)
Change Component Footprint: Designator=C16 Old Footprint=SM/C_0402 New Footprint=SM/C_0603
Change Component Footprint: Designator=L5 Old Footprint=SM/L_0402 New Footprint=MURA-DLW21SN900SQ2L-4_V
Change Component Footprint: Designator=L3 Old Footprint=SM/L_0603 (1608) New Footprint=SM/L_0402
Change Component Comment : Designator=C16 Old Comment=C-10pF-0402 New Comment=C-4.7uF-0603
Change Component Comment : Designator=C24 Old Comment=C-10pF-0402 New Comment=C-100nF-0402
Change Component Comment : Designator=C25 Old Comment=C-10pF-0402 New Comment=C-100nF-0402
Change Component Comment : Designator=C17 Old Comment=C-100nF-0402 New Comment=C-1nF-0402
Change Component Comment : Designator=C23 Old Comment=C-100nF-0402 New Comment=C-8.2pF-0402
Change Component Comment : Designator=C18 Old Comment=C-100nF-0402 New Comment=C-10nF-0402
Change Component Comment : Designator=C21 Old Comment=C-100nF-0402 New Comment=C-15pF-0402
Change Component Comment : Designator=C22 Old Comment=C-100nF-0402 New Comment=C-22pF-0402
Change Component Comment : Designator=C19 Old Comment=C-100nF-0402 New Comment=C-33pF-0402
Change Component Comment : Designator=C20 Old Comment=C-100nF-0402 New Comment=C-100pF-0402
Change Component Comment : Designator=L4 Old Comment=DLW21SN900SQ2L New Comment=L-6.8nH-0603
Change Component Comment : Designator=L6 Old Comment=L-1.8nH-0402 New Comment=L-3nH-0402
Change Component Comment : Designator=L5 Old Comment=L-3nH-0402 New Comment=DLW21SN900SQ2L
Change Component Comment : Designator=L2 Old Comment=L-4.7nH-0402 New Comment=L-3.3nH-0402
Change Component Comment : Designator=L3 Old Comment=L-6.8nH-0603 New Comment=L-4.7nH-0402
Change component parameters: Designator = "C16"; Footprint = "SM/C_0603"; UniqueID = "\DSMOQAXP\GWGQIUDP"
Change component parameters. Clean all parameters for all variants
Change component parameters (AddParameter): Name = "ESR"; Value = ""; VariantName = "[No Variations]"
Change component parameters (AddParameter): Name = "Fabricant"; Value = "Murata"; VariantName = "[No Variations]"
Change component parameters (AddParameter): Name = "Fabricant_Ref"; Value = "GRM188R60J475KE19D"; VariantName = "[No Variations]"
Change component parameters (AddParameter): Name = "IRMS"; Value = ""; VariantName = "[No Variations]"
Change component parameters (AddParameter): Name = "Supplier 1"; Value = "Digi-Key"; VariantName = "[No Variations]"
Change component parameters (AddParameter): Name = "Supplier 1b"; Value = "DigiReel"; VariantName = "[No Variations]"
Change component parameters (AddParameter): Name = "Supplier Part Number 1"; Value = "490-7203-1-ND"; VariantName = "[No Variations]"
Change component parameters (AddParameter): Name = "Supplier Part Number 1b"; Value = "490-3297-6-ND"; VariantName = "[No Variations]"
Change component parameters (AddParameter): Name = "Technologie"; Value = "X5R"; VariantName = "[No Variations]"
Change component parameters (AddParameter): Name = "Tolerance"; Value = "10%"; VariantName = "[No Variations]"
Change component parameters (AddParameter): Name = "Value"; Value = "4.7uF"; VariantName = "[No Variations]"
Change component parameters (AddParameter): Name = "Voltage"; Value = "6.3V"; VariantName = "[No Variations]"
Change component parameters: Designator = "L6"; Footprint = "SM/L_0402"; UniqueID = "\DSMOQAXP\UXBEBJVZ"
Change component parameters. Clean all parameters for all variants
Change component parameters (AddParameter): Name = "Fabricant"; Value = "Murata"; VariantName = "[No Variations]"
Change component parameters (AddParameter): Name = "Fabricant_Ref"; Value = "LQG15HN3N3S02D"; VariantName = "[No Variations]"
Change component parameters (AddParameter): Name = "I_DC"; Value = "300mA"; VariantName = "[No Variations]"
Change component parameters (AddParameter): Name = "Supplier 1"; Value = "Digi-Key"; VariantName = "[No Variations]"
Change component parameters (AddParameter): Name = "Supplier 1b"; Value = "DigiReel"; VariantName = "[No Variations]"
Change component parameters (AddParameter): Name = "Supplier Part Number 1"; Value = "490-15162-1-ND"; VariantName = "[No Variations]"
Change component parameters (AddParameter): Name = "Supplier Part Number 1b"; Value = "490-6561-6-ND"; VariantName = "[No Variations]"
Change component parameters (AddParameter): Name = "Tolerance"; Value = "0.3nH"; VariantName = "[No Variations]"
Change component parameters (AddParameter): Name = "Value"; Value = "3nH"; VariantName = "[No Variations]"
Change component parameters: Designator = "L2"; Footprint = "SM/L_0402"; UniqueID = "\DSMOQAXP\MYPJEOWE"
Change component parameters. Clean all parameters for all variants
Change component parameters (AddParameter): Name = "Fabricant"; Value = "Murata"; VariantName = "[No Variations]"
Change component parameters (AddParameter): Name = "Fabricant_Ref"; Value = "LQG15HN3N3S02D"; VariantName = "[No Variations]"
Change component parameters (AddParameter): Name = "I_DC"; Value = "300mA"; VariantName = "[No Variations]"
Change component parameters (AddParameter): Name = "Supplier 1"; Value = "Digi-Key"; VariantName = "[No Variations]"
Change component parameters (AddParameter): Name = "Supplier 1b"; Value = "DigiReel"; VariantName = "[No Variations]"
Change component parameters (AddParameter): Name = "Supplier 2"; Value = "Mouser"; VariantName = "[No Variations]"
Change component parameters (AddParameter): Name = "Supplier Part Number 1"; Value = "490-6561-1-ND"; VariantName = "[No Variations]"
Change component parameters (AddParameter): Name = "Supplier Part Number 1b"; Value = "490-6561-6-ND"; VariantName = "[No Variations]"
Change component parameters (AddParameter): Name = "Supplier Part Number 2"; Value = "81-LQG15HN3N0S02D"; VariantName = "[No Variations]"
Change component parameters (AddParameter): Name = "Tolerance"; Value = "0.3nH"; VariantName = "[No Variations]"
Change component parameters (AddParameter): Name = "Value"; Value = "3.3nH"; VariantName = "[No Variations]"
Change component parameters: Designator = "C18"; Footprint = "SM/C_0402"; UniqueID = "\DSMOQAXP\XFPHMJYJ"
Change component parameters. Clean all parameters for all variants
Change component parameters (AddParameter): Name = "ESR"; Value = ""; VariantName = "[No Variations]"
Change component parameters (AddParameter): Name = "Fabricant"; Value = "Murata"; VariantName = "[No Variations]"
Change component parameters (AddParameter): Name = "Fabricant_Ref"; Value = "GRM155R71H103KA88J"; VariantName = "[No Variations]"
Change component parameters (AddParameter): Name = "IRMS"; Value = ""; VariantName = "[No Variations]"
Change component parameters (AddParameter): Name = "Supplier 1"; Value = "Digi-Key"; VariantName = "[No Variations]"
Change component parameters (AddParameter): Name = "Supplier 2"; Value = "Mouser"; VariantName = "[No Variations]"
Change component parameters (AddParameter): Name = "Supplier Part Number 1"; Value = "490-4762-1-ND"; VariantName = "[No Variations]"
Change component parameters (AddParameter): Name = "Supplier Part Number 2"; Value = "81-GCM155R71H103KA5D"; VariantName = "[No Variations]"
Change component parameters (AddParameter): Name = "Technologie"; Value = "X7R"; VariantName = "[No Variations]"
Change component parameters (AddParameter): Name = "Tolerance"; Value = "10%"; VariantName = "[No Variations]"
Change component parameters (AddParameter): Name = "Value"; Value = "10nF"; VariantName = "[No Variations]"
Change component parameters (AddParameter): Name = "Voltage"; Value = "50V"; VariantName = "[No Variations]"
Change component parameters: Designator = "L3"; Footprint = "SM/L_0402"; UniqueID = "\DSMOQAXP\KPEIARPP"
Change component parameters. Clean all parameters for all variants
Change component parameters (AddParameter): Name = "Fabricant"; Value = "Murata"; VariantName = "[No Variations]"
Change component parameters (AddParameter): Name = "Fabricant_Ref"; Value = "LQG15HN3N3S02D"; VariantName = "[No Variations]"
Change component parameters (AddParameter): Name = "I_DC"; Value = "300mA"; VariantName = "[No Variations]"
Change component parameters (AddParameter): Name = "Supplier 1"; Value = "Digi-Key"; VariantName = "[No Variations]"
Change component parameters (AddParameter): Name = "Supplier 1b"; Value = "DigiReel"; VariantName = "[No Variations]"
Change component parameters (AddParameter): Name = "Supplier 2"; Value = "Mouser"; VariantName = "[No Variations]"
Change component parameters (AddParameter): Name = "Supplier Part Number 1"; Value = "490-1080-1-ND"; VariantName = "[No Variations]"
Change component parameters (AddParameter): Name = "Supplier Part Number 1b"; Value = "490-6561-6-ND"; VariantName = "[No Variations]"
Change component parameters (AddParameter): Name = "Supplier Part Number 2"; Value = "81-LQG15HN4N7S02D"; VariantName = "[No Variations]"
Change component parameters (AddParameter): Name = "Tolerance"; Value = "0.3nH"; VariantName = "[No Variations]"
Change component parameters (AddParameter): Name = "Value"; Value = "4.7nH"; VariantName = "[No Variations]"
Change component parameters: Designator = "C20"; Footprint = "SM/C_0402"; UniqueID = "\DSMOQAXP\ZWGUXGOT"
Change component parameters. Clean all parameters for all variants
Change component parameters (AddParameter): Name = "ESR"; Value = ""; VariantName = "[No Variations]"
Change component parameters (AddParameter): Name = "Fabricant"; Value = "Murata"; VariantName = "[No Variations]"
Change component parameters (AddParameter): Name = "Fabricant_Ref"; Value = "GRM1555C1H101FA01J"; VariantName = "[No Variations]"
Change component parameters (AddParameter): Name = "IRMS"; Value = ""; VariantName = "[No Variations]"
Change component parameters (AddParameter): Name = "Supplier 1"; Value = "Digi-Key"; VariantName = "[No Variations]"
Change component parameters (AddParameter): Name = "Supplier 2"; Value = "Mouser"; VariantName = "[No Variations]"
Change component parameters (AddParameter): Name = "Supplier Part Number 1"; Value = "490-7753-1-ND"; VariantName = "[No Variations]"
Change component parameters (AddParameter): Name = "Supplier Part Number 2"; Value = "81-GRM1555C1H101FA1J"; VariantName = "[No Variations]"
Change component parameters (AddParameter): Name = "Technologie"; Value = "NPO"; VariantName = "[No Variations]"
Change component parameters (AddParameter): Name = "Tolerance"; Value = "1%"; VariantName = "[No Variations]"
Change component parameters (AddParameter): Name = "Value"; Value = "100pF"; VariantName = "[No Variations]"
Change component parameters (AddParameter): Name = "Voltage"; Value = "50V"; VariantName = "[No Variations]"
Change component parameters: Designator = "C22"; Footprint = "SM/C_0402"; UniqueID = "\DSMOQAXP\GZTLLRAX"
Change component parameters. Clean all parameters for all variants
Change component parameters (AddParameter): Name = "ESR"; Value = ""; VariantName = "[No Variations]"
Change component parameters (AddParameter): Name = "Fabricant"; Value = "Murata"; VariantName = "[No Variations]"
Change component parameters (AddParameter): Name = "Fabricant_Ref"; Value = "GRM1555C1H220FA01D"; VariantName = "[No Variations]"
Change component parameters (AddParameter): Name = "IRMS"; Value = ""; VariantName = "[No Variations]"
Change component parameters (AddParameter): Name = "Supplier 1"; Value = "Digi-Key"; VariantName = "[No Variations]"
Change component parameters (AddParameter): Name = "Supplier 2"; Value = "Mouser"; VariantName = "[No Variations]"
Change component parameters (AddParameter): Name = "Supplier Part Number 1"; Value = "490-8589-1-ND"; VariantName = "[No Variations]"
Change component parameters (AddParameter): Name = "Supplier Part Number 2"; Value = "81-GRM1555C1H220FA1D"; VariantName = "[No Variations]"
Change component parameters (AddParameter): Name = "Technologie"; Value = "NPO"; VariantName = "[No Variations]"
Change component parameters (AddParameter): Name = "Tolerance"; Value = "1%"; VariantName = "[No Variations]"
Change component parameters (AddParameter): Name = "Value"; Value = "22pF"; VariantName = "[No Variations]"
Change component parameters (AddParameter): Name = "Voltage"; Value = "50V"; VariantName = "[No Variations]"
Change component parameters: Designator = "C21"; Footprint = "SM/C_0402"; UniqueID = "\DSMOQAXP\DEMQQGEN"
Change component parameters. Clean all parameters for all variants
Change component parameters (AddParameter): Name = "ESR"; Value = ""; VariantName = "[No Variations]"
Change component parameters (AddParameter): Name = "Fabricant"; Value = "Murata"; VariantName = "[No Variations]"
Change component parameters (AddParameter): Name = "Fabricant_Ref"; Value = "GRM188R60J475KE19D"; VariantName = "[No Variations]"
Change component parameters (AddParameter): Name = "IRMS"; Value = ""; VariantName = "[No Variations]"
Change component parameters (AddParameter): Name = "Supplier 1"; Value = "Digi-Key"; VariantName = "[No Variations]"
Change component parameters (AddParameter): Name = "Supplier 1b"; Value = "DigiReel"; VariantName = "[No Variations]"
Change component parameters (AddParameter): Name = "Supplier Part Number 1"; Value = "490-11191-1-ND"; VariantName = "[No Variations]"
Change component parameters (AddParameter): Name = "Supplier Part Number 1b"; Value = "490-3297-6-ND"; VariantName = "[No Variations]"
Change component parameters (AddParameter): Name = "Technologie"; Value = "X5R"; VariantName = "[No Variations]"
Change component parameters (AddParameter): Name = "Tolerance"; Value = "10%"; VariantName = "[No Variations]"
Change component parameters (AddParameter): Name = "Value"; Value = "15pF"; VariantName = "[No Variations]"
Change component parameters (AddParameter): Name = "Voltage"; Value = "6.3V"; VariantName = "[No Variations]"
Change component parameters: Designator = "C23"; Footprint = "SM/C_0402"; UniqueID = "\DSMOQAXP\JQGLIWSJ"
Change component parameters. Clean all parameters for all variants
Change component parameters (AddParameter): Name = "ESR"; Value = ""; VariantName = "[No Variations]"
Change component parameters (AddParameter): Name = "Fabricant"; Value = "Murata"; VariantName = "[No Variations]"
Change component parameters (AddParameter): Name = "Fabricant_Ref"; Value = "GRM188R60J475KE19D"; VariantName = "[No Variations]"
Change component parameters (AddParameter): Name = "IRMS"; Value = ""; VariantName = "[No Variations]"
Change component parameters (AddParameter): Name = "Supplier 1"; Value = "Digi-Key"; VariantName = "[No Variations]"
Change component parameters (AddParameter): Name = "Supplier 1b"; Value = "DigiReel"; VariantName = "[No Variations]"
Change component parameters (AddParameter): Name = "Supplier Part Number 1"; Value = "490-11240-1-ND"; VariantName = "[No Variations]"
Change component parameters (AddParameter): Name = "Supplier Part Number 1b"; Value = "490-3297-6-ND"; VariantName = "[No Variations]"
Change component parameters (AddParameter): Name = "Technologie"; Value = "X5R"; VariantName = "[No Variations]"
Change component parameters (AddParameter): Name = "Tolerance"; Value = "10%"; VariantName = "[No Variations]"
Change component parameters (AddParameter): Name = "Value"; Value = "8.2pF"; VariantName = "[No Variations]"
Change component parameters (AddParameter): Name = "Voltage"; Value = "6.3V"; VariantName = "[No Variations]"
Change component parameters: Designator = "C24"; Footprint = "SM/C_0402"; UniqueID = "\DSMOQAXP\VGUGAXYP"
Change component parameters. Clean all parameters for all variants
Change component parameters (AddParameter): Name = "ESR"; Value = ""; VariantName = "[No Variations]"
Change component parameters (AddParameter): Name = "Fabricant"; Value = "Murata"; VariantName = "[No Variations]"
Change component parameters (AddParameter): Name = "Fabricant_Ref"; Value = "GRM155R71H103KA88J"; VariantName = "[No Variations]"
Change component parameters (AddParameter): Name = "IRMS"; Value = ""; VariantName = "[No Variations]"
Change component parameters (AddParameter): Name = "Supplier 1"; Value = "Digi-Key"; VariantName = "[No Variations]"
Change component parameters (AddParameter): Name = "Supplier 2"; Value = "Mouser"; VariantName = "[No Variations]"
Change component parameters (AddParameter): Name = "Supplier Part Number 1"; Value = "1276-6720-1-ND"; VariantName = "[No Variations]"
Change component parameters (AddParameter): Name = "Supplier Part Number 2"; Value = "710-885012205037"; VariantName = "[No Variations]"
Change component parameters (AddParameter): Name = "Technologie"; Value = "X7R"; VariantName = "[No Variations]"
Change component parameters (AddParameter): Name = "Tolerance"; Value = "10%"; VariantName = "[No Variations]"
Change component parameters (AddParameter): Name = "Value"; Value = "100nF"; VariantName = "[No Variations]"
Change component parameters (AddParameter): Name = "Voltage"; Value = "25V"; VariantName = "[No Variations]"
Change component parameters: Designator = "C25"; Footprint = "SM/C_0402"; UniqueID = "\DSMOQAXP\GFDWRRDG"
Change component parameters. Clean all parameters for all variants
Change component parameters (AddParameter): Name = "ESR"; Value = ""; VariantName = "[No Variations]"
Change component parameters (AddParameter): Name = "Fabricant"; Value = "Murata"; VariantName = "[No Variations]"
Change component parameters (AddParameter): Name = "Fabricant_Ref"; Value = "GRM155R71H103KA88J"; VariantName = "[No Variations]"
Change component parameters (AddParameter): Name = "IRMS"; Value = ""; VariantName = "[No Variations]"
Change component parameters (AddParameter): Name = "Supplier 1"; Value = "Digi-Key"; VariantName = "[No Variations]"
Change component parameters (AddParameter): Name = "Supplier 2"; Value = "Mouser"; VariantName = "[No Variations]"
Change component parameters (AddParameter): Name = "Supplier Part Number 1"; Value = "1276-6720-1-ND"; VariantName = "[No Variations]"
Change component parameters (AddParameter): Name = "Supplier Part Number 2"; Value = "710-885012205037"; VariantName = "[No Variations]"
Change component parameters (AddParameter): Name = "Technologie"; Value = "X7R"; VariantName = "[No Variations]"
Change component parameters (AddParameter): Name = "Tolerance"; Value = "10%"; VariantName = "[No Variations]"
Change component parameters (AddParameter): Name = "Value"; Value = "100nF"; VariantName = "[No Variations]"
Change component parameters (AddParameter): Name = "Voltage"; Value = "25V"; VariantName = "[No Variations]"
Change component parameters: Designator = "C17"; Footprint = "SM/C_0402"; UniqueID = "\DSMOQAXP\PEEOQDUX"
Change component parameters. Clean all parameters for all variants
Change component parameters (AddParameter): Name = "ESR"; Value = ""; VariantName = "[No Variations]"
Change component parameters (AddParameter): Name = "Fabricant"; Value = "Murata"; VariantName = "[No Variations]"
Change component parameters (AddParameter): Name = "Fabricant_Ref"; Value = "GRM1555C1H102FA01D"; VariantName = "[No Variations]"
Change component parameters (AddParameter): Name = "IRMS"; Value = ""; VariantName = "[No Variations]"
Change component parameters (AddParameter): Name = "Supplier 1"; Value = "Digi-Key"; VariantName = "[No Variations]"
Change component parameters (AddParameter): Name = "Supplier 1b"; Value = "DigiReel"; VariantName = "[No Variations]"
Change component parameters (AddParameter): Name = "Supplier 2"; Value = "Mouser"; VariantName = "[No Variations]"
Change component parameters (AddParameter): Name = "Supplier Part Number 1"; Value = "490-6189-1-ND"; VariantName = "[No Variations]"
Change component parameters (AddParameter): Name = "Supplier Part Number 1b"; Value = "490-6189-6-ND"; VariantName = "[No Variations]"
Change component parameters (AddParameter): Name = "Supplier Part Number 2"; Value = "81-GRM1555C1H102FA1D"; VariantName = "[No Variations]"
Change component parameters (AddParameter): Name = "Technologie"; Value = "NPO"; VariantName = "[No Variations]"
Change component parameters (AddParameter): Name = "Tolerance"; Value = "1%"; VariantName = "[No Variations]"
Change component parameters (AddParameter): Name = "Value"; Value = "1nF"; VariantName = "[No Variations]"
Change component parameters (AddParameter): Name = "Voltage"; Value = "50V"; VariantName = "[No Variations]"
Change component parameters: Designator = "C19"; Footprint = "SM/C_0402"; UniqueID = "\DSMOQAXP\QBRVMWCU"
Change component parameters. Clean all parameters for all variants
Change component parameters (AddParameter): Name = "ESR"; Value = ""; VariantName = "[No Variations]"
Change component parameters (AddParameter): Name = "Fabricant"; Value = "TDK"; VariantName = "[No Variations]"
Change component parameters (AddParameter): Name = "Fabricant_Ref"; Value = "C1005C0G1H330J050BA"; VariantName = "[No Variations]"
Change component parameters (AddParameter): Name = "IRMS"; Value = ""; VariantName = "[No Variations]"
Change component parameters (AddParameter): Name = "Supplier 1"; Value = "Digi-Key"; VariantName = "[No Variations]"
Change component parameters (AddParameter): Name = "Supplier 1b"; Value = "DigiReel"; VariantName = "[No Variations]"
Change component parameters (AddParameter): Name = "Supplier 2"; Value = "Mouser"; VariantName = "[No Variations]"
Change component parameters (AddParameter): Name = "Supplier Part Number 1"; Value = "445-1241-1-ND"; VariantName = "[No Variations]"
Change component parameters (AddParameter): Name = "Supplier Part Number 1b"; Value = "445-1241-6-ND"; VariantName = "[No Variations]"
Change component parameters (AddParameter): Name = "Supplier Part Number 2"; Value = "810-C1005C0G1H330J"; VariantName = "[No Variations]"
Change component parameters (AddParameter): Name = "Technologie"; Value = "NPO"; VariantName = "[No Variations]"
Change component parameters (AddParameter): Name = "Tolerance"; Value = "5%"; VariantName = "[No Variations]"
Change component parameters (AddParameter): Name = "Value"; Value = "33pF"; VariantName = "[No Variations]"
Change component parameters (AddParameter): Name = "Voltage"; Value = "50V"; VariantName = "[No Variations]"
Change component parameters: Designator = "L5"; Footprint = "MURA-DLW21SN900SQ2L-4_V"; UniqueID = "\DSMOQAXP\SAHLFALU"
Change component parameters. Clean all parameters for all variants
Change component parameters (AddParameter): Name = "Case Size/Dimension"; Value = "0805"; VariantName = "[No Variations]"
Change component parameters (AddParameter): Name = "Datasheet URL"; Value = "http://www.murata.com/zh-cn/products/productdata/8796757917726/EFLC0003.pdf?1441769419000"; VariantName = "[No Variations]"
Change component parameters (AddParameter): Name = "Datasheet Version"; Value = "Aug-14"; VariantName = "[No Variations]"
Change component parameters (AddParameter): Name = "DC Resistance-Max"; Value = "0.41O"; VariantName = "[No Variations]"
Change component parameters (AddParameter): Name = "Impedance"; Value = "90O"; VariantName = "[No Variations]"
Change component parameters (AddParameter): Name = "Manufacturer"; Value = "Murata"; VariantName = "[No Variations]"
Change component parameters (AddParameter): Name = "Manufacturer URL"; Value = "http://www.murata.com/"; VariantName = "[No Variations]"
Change component parameters (AddParameter): Name = "Rated Current"; Value = "280mA"; VariantName = "[No Variations]"
Change component parameters (AddParameter): Name = "Rated Voltage"; Value = "50V"; VariantName = "[No Variations]"
Change component parameters (AddParameter): Name = "Supplier 1"; Value = "Digi-Key"; VariantName = "[No Variations]"
Change component parameters (AddParameter): Name = "Supplier Part Number 1"; Value = "490-5137-1-ND"; VariantName = "[No Variations]"
Change component parameters: Designator = "L4"; Footprint = "SM/L_0603 (1608)"; UniqueID = "\DSMOQAXP\IQVJZVIN"
Change component parameters. Clean all parameters for all variants
Change component parameters (AddParameter): Name = "Fabricant"; Value = "Murata"; VariantName = "[No Variations]"
Change component parameters (AddParameter): Name = "Fabricant_Ref"; Value = "LQG18HN6N8J00D"; VariantName = "[No Variations]"
Change component parameters (AddParameter): Name = "I_DC"; Value = "300mA"; VariantName = "[No Variations]"
Change component parameters (AddParameter): Name = "Supplier 1"; Value = "Digi-Key"; VariantName = "[No Variations]"
Change component parameters (AddParameter): Name = "Supplier 1b"; Value = "DigiReel"; VariantName = "[No Variations]"
Change component parameters (AddParameter): Name = "Supplier 2"; Value = "Mouser"; VariantName = "[No Variations]"
Change component parameters (AddParameter): Name = "Supplier Part Number 1"; Value = "490-1108-1-ND"; VariantName = "[No Variations]"
Change component parameters (AddParameter): Name = "Supplier Part Number 1b"; Value = "490-1108-6-ND"; VariantName = "[No Variations]"
Change component parameters (AddParameter): Name = "Supplier Part Number 2"; Value = "81-LQG18HN6N8J00D"; VariantName = "[No Variations]"
Change component parameters (AddParameter): Name = "Tolerance"; Value = "5%"; VariantName = "[No Variations]"
Change component parameters (AddParameter): Name = "Value"; Value = "6.8nH"; VariantName = "[No Variations]"
Added Component: Designator=C26(SM/C_0402)
Add component. Clean all parameters for all variants
Add component (AddParameter): Name = "ESR"; Value = ""; VariantName = "[No Variations]"
Add component (AddParameter): Name = "Fabricant"; Value = "Murata"; VariantName = "[No Variations]"
Add component (AddParameter): Name = "Fabricant_Ref"; Value = "GRM155R71H103KA88J"; VariantName = "[No Variations]"
Add component (AddParameter): Name = "IRMS"; Value = ""; VariantName = "[No Variations]"
Add component (AddParameter): Name = "Supplier 1"; Value = "Digi-Key"; VariantName = "[No Variations]"
Add component (AddParameter): Name = "Supplier 2"; Value = "Mouser"; VariantName = "[No Variations]"
Add component (AddParameter): Name = "Supplier Part Number 1"; Value = "1276-6720-1-ND"; VariantName = "[No Variations]"
Add component (AddParameter): Name = "Supplier Part Number 2"; Value = "710-885012205037"; VariantName = "[No Variations]"
Add component (AddParameter): Name = "Technologie"; Value = "X7R"; VariantName = "[No Variations]"
Add component (AddParameter): Name = "Tolerance"; Value = "10%"; VariantName = "[No Variations]"
Add component (AddParameter): Name = "Value"; Value = "100nF"; VariantName = "[No Variations]"
Add component (AddParameter): Name = "Voltage"; Value = "25V"; VariantName = "[No Variations]"
Added Component: Designator=C27(SM/C_0402)
Add component. Clean all parameters for all variants
Add component (AddParameter): Name = "ESR"; Value = ""; VariantName = "[No Variations]"
Add component (AddParameter): Name = "Fabricant"; Value = "Murata"; VariantName = "[No Variations]"
Add component (AddParameter): Name = "Fabricant_Ref"; Value = "GRM155R71H103KA88J"; VariantName = "[No Variations]"
Add component (AddParameter): Name = "IRMS"; Value = ""; VariantName = "[No Variations]"
Add component (AddParameter): Name = "Supplier 1"; Value = "Digi-Key"; VariantName = "[No Variations]"
Add component (AddParameter): Name = "Supplier 2"; Value = "Mouser"; VariantName = "[No Variations]"
Add component (AddParameter): Name = "Supplier Part Number 1"; Value = "1276-6720-1-ND"; VariantName = "[No Variations]"
Add component (AddParameter): Name = "Supplier Part Number 2"; Value = "710-885012205037"; VariantName = "[No Variations]"
Add component (AddParameter): Name = "Technologie"; Value = "X7R"; VariantName = "[No Variations]"
Add component (AddParameter): Name = "Tolerance"; Value = "10%"; VariantName = "[No Variations]"
Add component (AddParameter): Name = "Value"; Value = "100nF"; VariantName = "[No Variations]"
Add component (AddParameter): Name = "Voltage"; Value = "25V"; VariantName = "[No Variations]"
Added Component: Designator=C28(SM/C_0402)
Add component. Clean all parameters for all variants
Add component (AddParameter): Name = "ESR"; Value = ""; VariantName = "[No Variations]"
Add component (AddParameter): Name = "Fabricant"; Value = "Murata"; VariantName = "[No Variations]"
Add component (AddParameter): Name = "Fabricant_Ref"; Value = "GRM188R60J475KE19D"; VariantName = "[No Variations]"
Add component (AddParameter): Name = "IRMS"; Value = ""; VariantName = "[No Variations]"
Add component (AddParameter): Name = "Supplier 1"; Value = "Digi-Key"; VariantName = "[No Variations]"
Add component (AddParameter): Name = "Supplier 1b"; Value = "DigiReel"; VariantName = "[No Variations]"
Add component (AddParameter): Name = "Supplier Part Number 1"; Value = "490-6186-1-ND"; VariantName = "[No Variations]"
Add component (AddParameter): Name = "Supplier Part Number 1b"; Value = "490-3297-6-ND"; VariantName = "[No Variations]"
Add component (AddParameter): Name = "Technologie"; Value = "X5R"; VariantName = "[No Variations]"
Add component (AddParameter): Name = "Tolerance"; Value = "10%"; VariantName = "[No Variations]"
Add component (AddParameter): Name = "Value"; Value = "10pF"; VariantName = "[No Variations]"
Add component (AddParameter): Name = "Voltage"; Value = "6.3V"; VariantName = "[No Variations]"
Added Component: Designator=C29(SM/C_0402)
Add component. Clean all parameters for all variants
Add component (AddParameter): Name = "ESR"; Value = ""; VariantName = "[No Variations]"
Add component (AddParameter): Name = "Fabricant"; Value = "Murata"; VariantName = "[No Variations]"
Add component (AddParameter): Name = "Fabricant_Ref"; Value = "GRM188R60J475KE19D"; VariantName = "[No Variations]"
Add component (AddParameter): Name = "IRMS"; Value = ""; VariantName = "[No Variations]"
Add component (AddParameter): Name = "Supplier 1"; Value = "Digi-Key"; VariantName = "[No Variations]"
Add component (AddParameter): Name = "Supplier 1b"; Value = "DigiReel"; VariantName = "[No Variations]"
Add component (AddParameter): Name = "Supplier Part Number 1"; Value = "490-6186-1-ND"; VariantName = "[No Variations]"
Add component (AddParameter): Name = "Supplier Part Number 1b"; Value = "490-3297-6-ND"; VariantName = "[No Variations]"
Add component (AddParameter): Name = "Technologie"; Value = "X5R"; VariantName = "[No Variations]"
Add component (AddParameter): Name = "Tolerance"; Value = "10%"; VariantName = "[No Variations]"
Add component (AddParameter): Name = "Value"; Value = "10pF"; VariantName = "[No Variations]"
Add component (AddParameter): Name = "Voltage"; Value = "6.3V"; VariantName = "[No Variations]"
Added Component: Designator=C30(SM/C_0402)
Add component. Clean all parameters for all variants
Add component (AddParameter): Name = "ESR"; Value = ""; VariantName = "[No Variations]"
Add component (AddParameter): Name = "Fabricant"; Value = "Murata"; VariantName = "[No Variations]"
Add component (AddParameter): Name = "Fabricant_Ref"; Value = "GRM188R60J475KE19D"; VariantName = "[No Variations]"
Add component (AddParameter): Name = "IRMS"; Value = ""; VariantName = "[No Variations]"
Add component (AddParameter): Name = "Supplier 1"; Value = "Digi-Key"; VariantName = "[No Variations]"
Add component (AddParameter): Name = "Supplier 1b"; Value = "DigiReel"; VariantName = "[No Variations]"
Add component (AddParameter): Name = "Supplier Part Number 1"; Value = "490-6186-1-ND"; VariantName = "[No Variations]"
Add component (AddParameter): Name = "Supplier Part Number 1b"; Value = "490-3297-6-ND"; VariantName = "[No Variations]"
Add component (AddParameter): Name = "Technologie"; Value = "X5R"; VariantName = "[No Variations]"
Add component (AddParameter): Name = "Tolerance"; Value = "10%"; VariantName = "[No Variations]"
Add component (AddParameter): Name = "Value"; Value = "10pF"; VariantName = "[No Variations]"
Add component (AddParameter): Name = "Voltage"; Value = "6.3V"; VariantName = "[No Variations]"
Added Component: Designator=C31(SM/C_0402)
Add component. Clean all parameters for all variants
Add component (AddParameter): Name = "ESR"; Value = ""; VariantName = "[No Variations]"
Add component (AddParameter): Name = "Fabricant"; Value = "Murata"; VariantName = "[No Variations]"
Add component (AddParameter): Name = "Fabricant_Ref"; Value = "GRM155R71H103KA88J"; VariantName = "[No Variations]"
Add component (AddParameter): Name = "IRMS"; Value = ""; VariantName = "[No Variations]"
Add component (AddParameter): Name = "Supplier 1"; Value = "Digi-Key"; VariantName = "[No Variations]"
Add component (AddParameter): Name = "Supplier 2"; Value = "Mouser"; VariantName = "[No Variations]"
Add component (AddParameter): Name = "Supplier Part Number 1"; Value = "1276-6720-1-ND"; VariantName = "[No Variations]"
Add component (AddParameter): Name = "Supplier Part Number 2"; Value = "710-885012205037"; VariantName = "[No Variations]"
Add component (AddParameter): Name = "Technologie"; Value = "X7R"; VariantName = "[No Variations]"
Add component (AddParameter): Name = "Tolerance"; Value = "10%"; VariantName = "[No Variations]"
Add component (AddParameter): Name = "Value"; Value = "100nF"; VariantName = "[No Variations]"
Add component (AddParameter): Name = "Voltage"; Value = "25V"; VariantName = "[No Variations]"
Added Component: Designator=C32(SM/C_0402)
Add component. Clean all parameters for all variants
Add component (AddParameter): Name = "ESR"; Value = ""; VariantName = "[No Variations]"
Add component (AddParameter): Name = "Fabricant"; Value = "Murata"; VariantName = "[No Variations]"
Add component (AddParameter): Name = "Fabricant_Ref"; Value = "GRM155R71H103KA88J"; VariantName = "[No Variations]"
Add component (AddParameter): Name = "IRMS"; Value = ""; VariantName = "[No Variations]"
Add component (AddParameter): Name = "Supplier 1"; Value = "Digi-Key"; VariantName = "[No Variations]"
Add component (AddParameter): Name = "Supplier 2"; Value = "Mouser"; VariantName = "[No Variations]"
Add component (AddParameter): Name = "Supplier Part Number 1"; Value = "1276-6720-1-ND"; VariantName = "[No Variations]"
Add component (AddParameter): Name = "Supplier Part Number 2"; Value = "710-885012205037"; VariantName = "[No Variations]"
Add component (AddParameter): Name = "Technologie"; Value = "X7R"; VariantName = "[No Variations]"
Add component (AddParameter): Name = "Tolerance"; Value = "10%"; VariantName = "[No Variations]"
Add component (AddParameter): Name = "Value"; Value = "100nF"; VariantName = "[No Variations]"
Add component (AddParameter): Name = "Voltage"; Value = "25V"; VariantName = "[No Variations]"
Added Component: Designator=C33(SM/C_0402)
Add component. Clean all parameters for all variants
Add component (AddParameter): Name = "ESR"; Value = ""; VariantName = "[No Variations]"
Add component (AddParameter): Name = "Fabricant"; Value = "Murata"; VariantName = "[No Variations]"
Add component (AddParameter): Name = "Fabricant_Ref"; Value = "GRM155R71H103KA88J"; VariantName = "[No Variations]"
Add component (AddParameter): Name = "IRMS"; Value = ""; VariantName = "[No Variations]"
Add component (AddParameter): Name = "Supplier 1"; Value = "Digi-Key"; VariantName = "[No Variations]"
Add component (AddParameter): Name = "Supplier 2"; Value = "Mouser"; VariantName = "[No Variations]"
Add component (AddParameter): Name = "Supplier Part Number 1"; Value = "1276-6720-1-ND"; VariantName = "[No Variations]"
Add component (AddParameter): Name = "Supplier Part Number 2"; Value = "710-885012205037"; VariantName = "[No Variations]"
Add component (AddParameter): Name = "Technologie"; Value = "X7R"; VariantName = "[No Variations]"
Add component (AddParameter): Name = "Tolerance"; Value = "10%"; VariantName = "[No Variations]"
Add component (AddParameter): Name = "Value"; Value = "100nF"; VariantName = "[No Variations]"
Add component (AddParameter): Name = "Voltage"; Value = "25V"; VariantName = "[No Variations]"
Added Component: Designator=C34(SM/C_0402)
Add component. Clean all parameters for all variants
Add component (AddParameter): Name = "ESR"; Value = ""; VariantName = "[No Variations]"
Add component (AddParameter): Name = "Fabricant"; Value = "Murata"; VariantName = "[No Variations]"
Add component (AddParameter): Name = "Fabricant_Ref"; Value = "GRM155R71H103KA88J"; VariantName = "[No Variations]"
Add component (AddParameter): Name = "IRMS"; Value = ""; VariantName = "[No Variations]"
Add component (AddParameter): Name = "Supplier 1"; Value = "Digi-Key"; VariantName = "[No Variations]"
Add component (AddParameter): Name = "Supplier 2"; Value = "Mouser"; VariantName = "[No Variations]"
Add component (AddParameter): Name = "Supplier Part Number 1"; Value = "1276-6720-1-ND"; VariantName = "[No Variations]"
Add component (AddParameter): Name = "Supplier Part Number 2"; Value = "710-885012205037"; VariantName = "[No Variations]"
Add component (AddParameter): Name = "Technologie"; Value = "X7R"; VariantName = "[No Variations]"
Add component (AddParameter): Name = "Tolerance"; Value = "10%"; VariantName = "[No Variations]"
Add component (AddParameter): Name = "Value"; Value = "100nF"; VariantName = "[No Variations]"
Add component (AddParameter): Name = "Voltage"; Value = "25V"; VariantName = "[No Variations]"
Added Component: Designator=C35(SM/C_0402)
Add component. Clean all parameters for all variants
Add component (AddParameter): Name = "ESR"; Value = ""; VariantName = "[No Variations]"
Add component (AddParameter): Name = "Fabricant"; Value = "Murata"; VariantName = "[No Variations]"
Add component (AddParameter): Name = "Fabricant_Ref"; Value = "GRM155R71H103KA88J"; VariantName = "[No Variations]"
Add component (AddParameter): Name = "IRMS"; Value = ""; VariantName = "[No Variations]"
Add component (AddParameter): Name = "Supplier 1"; Value = "Digi-Key"; VariantName = "[No Variations]"
Add component (AddParameter): Name = "Supplier 2"; Value = "Mouser"; VariantName = "[No Variations]"
Add component (AddParameter): Name = "Supplier Part Number 1"; Value = "1276-6720-1-ND"; VariantName = "[No Variations]"
Add component (AddParameter): Name = "Supplier Part Number 2"; Value = "710-885012205037"; VariantName = "[No Variations]"
Add component (AddParameter): Name = "Technologie"; Value = "X7R"; VariantName = "[No Variations]"
Add component (AddParameter): Name = "Tolerance"; Value = "10%"; VariantName = "[No Variations]"
Add component (AddParameter): Name = "Value"; Value = "100nF"; VariantName = "[No Variations]"
Add component (AddParameter): Name = "Voltage"; Value = "25V"; VariantName = "[No Variations]"
Added Component: Designator=R38(SM/R_0402)
Add component. Clean all parameters for all variants
Add component (AddParameter): Name = "Fabricant"; Value = "Panasonic"; VariantName = "[No Variations]"
Add component (AddParameter): Name = "Fabricant_Ref"; Value = "ERJ-2GE0R00X"; VariantName = "[No Variations]"
Add component (AddParameter): Name = "Puissance"; Value = "100 mW"; VariantName = "[No Variations]"
Add component (AddParameter): Name = "Supplier 1"; Value = "Digi-Key"; VariantName = "[No Variations]"
Add component (AddParameter): Name = "Supplier 1b"; Value = "DigiReel"; VariantName = "[No Variations]"
Add component (AddParameter): Name = "Supplier 2"; Value = "Mouser"; VariantName = "[No Variations]"
Add component (AddParameter): Name = "Supplier Part Number 1"; Value = "P0.0JCT-ND"; VariantName = "[No Variations]"
Add component (AddParameter): Name = "Supplier Part Number 1b"; Value = "P0.0JDKR-ND"; VariantName = "[No Variations]"
Add component (AddParameter): Name = "Supplier Part Number 2"; Value = "667-ERJ-2GE0R00X"; VariantName = "[No Variations]"
Add component (AddParameter): Name = "Tension"; Value = "50V"; VariantName = "[No Variations]"
Add component (AddParameter): Name = "Tolerance"; Value = "1%"; VariantName = "[No Variations]"
Add component (AddParameter): Name = "Value"; Value = "0"; VariantName = "[No Variations]"
Added Component: Designator=R39(SM/R_0402)
Add component. Clean all parameters for all variants
Add component (AddParameter): Name = "Fabricant"; Value = "Panasonic"; VariantName = "[No Variations]"
Add component (AddParameter): Name = "Fabricant_Ref"; Value = "ERJ-2GE0R00X"; VariantName = "[No Variations]"
Add component (AddParameter): Name = "Puissance"; Value = "100 mW"; VariantName = "[No Variations]"
Add component (AddParameter): Name = "Supplier 1"; Value = "Digi-Key"; VariantName = "[No Variations]"
Add component (AddParameter): Name = "Supplier 1b"; Value = "DigiReel"; VariantName = "[No Variations]"
Add component (AddParameter): Name = "Supplier 2"; Value = "Mouser"; VariantName = "[No Variations]"
Add component (AddParameter): Name = "Supplier Part Number 1"; Value = "P0.0JCT-ND"; VariantName = "[No Variations]"
Add component (AddParameter): Name = "Supplier Part Number 1b"; Value = "P0.0JDKR-ND"; VariantName = "[No Variations]"
Add component (AddParameter): Name = "Supplier Part Number 2"; Value = "667-ERJ-2GE0R00X"; VariantName = "[No Variations]"
Add component (AddParameter): Name = "Tension"; Value = "50V"; VariantName = "[No Variations]"
Add component (AddParameter): Name = "Tolerance"; Value = "1%"; VariantName = "[No Variations]"
Add component (AddParameter): Name = "Value"; Value = "0"; VariantName = "[No Variations]"
Added Component: Designator=R40(SM/R_0402)
Add component. Clean all parameters for all variants
Add component (AddParameter): Name = "Fabricant"; Value = "Panasonic"; VariantName = "[No Variations]"
Add component (AddParameter): Name = "Fabricant_Ref"; Value = "ERJ-2GE0R00X"; VariantName = "[No Variations]"
Add component (AddParameter): Name = "Puissance"; Value = "100 mW"; VariantName = "[No Variations]"
Add component (AddParameter): Name = "Supplier 1"; Value = "Digi-Key"; VariantName = "[No Variations]"
Add component (AddParameter): Name = "Supplier 1b"; Value = "DigiReel"; VariantName = "[No Variations]"
Add component (AddParameter): Name = "Supplier 2"; Value = "Mouser"; VariantName = "[No Variations]"
Add component (AddParameter): Name = "Supplier Part Number 1"; Value = "P0.0JCT-ND"; VariantName = "[No Variations]"
Add component (AddParameter): Name = "Supplier Part Number 1b"; Value = "P0.0JDKR-ND"; VariantName = "[No Variations]"
Add component (AddParameter): Name = "Supplier Part Number 2"; Value = "667-ERJ-2GE0R00X"; VariantName = "[No Variations]"
Add component (AddParameter): Name = "Tension"; Value = "50V"; VariantName = "[No Variations]"
Add component (AddParameter): Name = "Tolerance"; Value = "1%"; VariantName = "[No Variations]"
Add component (AddParameter): Name = "Value"; Value = "0"; VariantName = "[No Variations]"
Added Component: Designator=R41(SM/R_0402)
Add component. Clean all parameters for all variants
Add component (AddParameter): Name = "Fabricant"; Value = "Panasonic"; VariantName = "[No Variations]"
Add component (AddParameter): Name = "Fabricant_Ref"; Value = "ERJ-2GE0R00X"; VariantName = "[No Variations]"
Add component (AddParameter): Name = "Puissance"; Value = "100 mW"; VariantName = "[No Variations]"
Add component (AddParameter): Name = "Supplier 1"; Value = "Digi-Key"; VariantName = "[No Variations]"
Add component (AddParameter): Name = "Supplier 1b"; Value = "DigiReel"; VariantName = "[No Variations]"
Add component (AddParameter): Name = "Supplier 2"; Value = "Mouser"; VariantName = "[No Variations]"
Add component (AddParameter): Name = "Supplier Part Number 1"; Value = "P0.0JCT-ND"; VariantName = "[No Variations]"
Add component (AddParameter): Name = "Supplier Part Number 1b"; Value = "P0.0JDKR-ND"; VariantName = "[No Variations]"
Add component (AddParameter): Name = "Supplier Part Number 2"; Value = "667-ERJ-2GE0R00X"; VariantName = "[No Variations]"
Add component (AddParameter): Name = "Tension"; Value = "50V"; VariantName = "[No Variations]"
Add component (AddParameter): Name = "Tolerance"; Value = "1%"; VariantName = "[No Variations]"
Add component (AddParameter): Name = "Value"; Value = "0"; VariantName = "[No Variations]"
Added Component: Designator=R42(SM/R_0402)
Add component. Clean all parameters for all variants
Add component (AddParameter): Name = "Fabricant"; Value = "Panasonic"; VariantName = "[No Variations]"
Add component (AddParameter): Name = "Fabricant_Ref"; Value = "ERJ-2GE0R00X"; VariantName = "[No Variations]"
Add component (AddParameter): Name = "Puissance"; Value = "100 mW"; VariantName = "[No Variations]"
Add component (AddParameter): Name = "Supplier 1"; Value = "Digi-Key"; VariantName = "[No Variations]"
Add component (AddParameter): Name = "Supplier 1b"; Value = "DigiReel"; VariantName = "[No Variations]"
Add component (AddParameter): Name = "Supplier 2"; Value = "Mouser"; VariantName = "[No Variations]"
Add component (AddParameter): Name = "Supplier Part Number 1"; Value = "P0.0JCT-ND"; VariantName = "[No Variations]"
Add component (AddParameter): Name = "Supplier Part Number 1b"; Value = "P0.0JDKR-ND"; VariantName = "[No Variations]"
Add component (AddParameter): Name = "Supplier Part Number 2"; Value = "667-ERJ-2GE0R00X"; VariantName = "[No Variations]"
Add component (AddParameter): Name = "Tension"; Value = "50V"; VariantName = "[No Variations]"
Add component (AddParameter): Name = "Tolerance"; Value = "1%"; VariantName = "[No Variations]"
Add component (AddParameter): Name = "Value"; Value = "0"; VariantName = "[No Variations]"
Added Component: Designator=R43(SM/R_0402)
Add component. Clean all parameters for all variants
Add component (AddParameter): Name = "Fabricant"; Value = "Panasonic"; VariantName = "[No Variations]"
Add component (AddParameter): Name = "Fabricant_Ref"; Value = "ERJ-2GE0R00X"; VariantName = "[No Variations]"
Add component (AddParameter): Name = "Puissance"; Value = "100 mW"; VariantName = "[No Variations]"
Add component (AddParameter): Name = "Supplier 1"; Value = "Digi-Key"; VariantName = "[No Variations]"
Add component (AddParameter): Name = "Supplier 1b"; Value = "DigiReel"; VariantName = "[No Variations]"
Add component (AddParameter): Name = "Supplier 2"; Value = "Mouser"; VariantName = "[No Variations]"
Add component (AddParameter): Name = "Supplier Part Number 1"; Value = "P0.0JCT-ND"; VariantName = "[No Variations]"
Add component (AddParameter): Name = "Supplier Part Number 1b"; Value = "P0.0JDKR-ND"; VariantName = "[No Variations]"
Add component (AddParameter): Name = "Supplier Part Number 2"; Value = "667-ERJ-2GE0R00X"; VariantName = "[No Variations]"
Add component (AddParameter): Name = "Tension"; Value = "50V"; VariantName = "[No Variations]"
Add component (AddParameter): Name = "Tolerance"; Value = "1%"; VariantName = "[No Variations]"
Add component (AddParameter): Name = "Value"; Value = "0"; VariantName = "[No Variations]"
Added Component: Designator=R44(SM/R_0402)
Add component. Clean all parameters for all variants
Add component (AddParameter): Name = "Fabricant"; Value = "Panasonic"; VariantName = "[No Variations]"
Add component (AddParameter): Name = "Fabricant_Ref"; Value = "ERJ-2GE0R00X"; VariantName = "[No Variations]"
Add component (AddParameter): Name = "Puissance"; Value = "100 mW"; VariantName = "[No Variations]"
Add component (AddParameter): Name = "Supplier 1"; Value = "Digi-Key"; VariantName = "[No Variations]"
Add component (AddParameter): Name = "Supplier 1b"; Value = "DigiReel"; VariantName = "[No Variations]"
Add component (AddParameter): Name = "Supplier 2"; Value = "Mouser"; VariantName = "[No Variations]"
Add component (AddParameter): Name = "Supplier Part Number 1"; Value = "P0.0JCT-ND"; VariantName = "[No Variations]"
Add component (AddParameter): Name = "Supplier Part Number 1b"; Value = "P0.0JDKR-ND"; VariantName = "[No Variations]"
Add component (AddParameter): Name = "Supplier Part Number 2"; Value = "667-ERJ-2GE0R00X"; VariantName = "[No Variations]"
Add component (AddParameter): Name = "Tension"; Value = "50V"; VariantName = "[No Variations]"
Add component (AddParameter): Name = "Tolerance"; Value = "1%"; VariantName = "[No Variations]"
Add component (AddParameter): Name = "Value"; Value = "0"; VariantName = "[No Variations]"
Added Component: Designator=R45(SM/R_0402)
Add component. Clean all parameters for all variants
Add component (AddParameter): Name = "Fabricant"; Value = "Panasonic"; VariantName = "[No Variations]"
Add component (AddParameter): Name = "Fabricant_Ref"; Value = "ERJ-2GE0R00X"; VariantName = "[No Variations]"
Add component (AddParameter): Name = "Puissance"; Value = "100 mW"; VariantName = "[No Variations]"
Add component (AddParameter): Name = "Supplier 1"; Value = "Digi-Key"; VariantName = "[No Variations]"
Add component (AddParameter): Name = "Supplier 1b"; Value = "DigiReel"; VariantName = "[No Variations]"
Add component (AddParameter): Name = "Supplier 2"; Value = "Mouser"; VariantName = "[No Variations]"
Add component (AddParameter): Name = "Supplier Part Number 1"; Value = "P0.0JCT-ND"; VariantName = "[No Variations]"
Add component (AddParameter): Name = "Supplier Part Number 1b"; Value = "P0.0JDKR-ND"; VariantName = "[No Variations]"
Add component (AddParameter): Name = "Supplier Part Number 2"; Value = "667-ERJ-2GE0R00X"; VariantName = "[No Variations]"
Add component (AddParameter): Name = "Tension"; Value = "50V"; VariantName = "[No Variations]"
Add component (AddParameter): Name = "Tolerance"; Value = "1%"; VariantName = "[No Variations]"
Add component (AddParameter): Name = "Value"; Value = "0"; VariantName = "[No Variations]"
Added Component: Designator=Y2(TCXO)
Add component. Clean all parameters for all variants
Add component (AddParameter): Name = "Case/Package"; Value = "SMD/SMT"; VariantName = "[No Variations]"
Add component (AddParameter): Name = "ComponentLink1Description"; Value = "http://www.taitien.com/wp-content/uploads/2015/12/XO-0076_TX.pdf?src-supplier=Digi-Key"; VariantName = "[No Variations]"
Add component (AddParameter): Name = "ComponentLink1URL"; Value = "http://www.taitien.com/wp-content/uploads/2015/12/XO-0076_TX.pdf?src-supplier=Digi-Key"; VariantName = "[No Variations]"
Add component (AddParameter): Name = "Frequency"; Value = "26MHz"; VariantName = "[No Variations]"
Add component (AddParameter): Name = "Frequency Stability"; Value = "1ppm"; VariantName = "[No Variations]"
Add component (AddParameter): Name = "Height"; Value = "0.039inch"; VariantName = "[No Variations]"
Add component (AddParameter): Name = "Length"; Value = "0.126inch"; VariantName = "[No Variations]"
Add component (AddParameter): Name = "Max Operating Temperature"; Value = "85C"; VariantName = "[No Variations]"
Add component (AddParameter): Name = "Max Supply Current"; Value = "2mA"; VariantName = "[No Variations]"
Add component (AddParameter): Name = "Min Operating Temperature"; Value = "-40C"; VariantName = "[No Variations]"
Add component (AddParameter): Name = "Mount"; Value = "Surface Mount"; VariantName = "[No Variations]"
Add component (AddParameter): Name = "Packaging"; Value = "Tape and Reel"; VariantName = "[No Variations]"
Add component (AddParameter): Name = "RoHS"; Value = "Yes"; VariantName = "[No Variations]"
Add component (AddParameter): Name = "Supplier 1"; Value = "Digi-Key"; VariantName = "[No Variations]"
Add component (AddParameter): Name = "Supplier Part Number 1"; Value = "887-1620-1-ND"; VariantName = "[No Variations]"
Add component (AddParameter): Name = "Width"; Value = "0.098inch"; VariantName = "[No Variations]"
Added Pin To Net: NetName=GND Pin=C16-1
Added Pin To Net: NetName=3V3_AT86 Pin=C16-2
Added Pin To Net: NetName=3V3_AT86 Pin=C17-1
Added Pin To Net: NetName=GND Pin=C17-2
Added Pin To Net: NetName=GND Pin=C18-1
Added Pin To Net: NetName=3V3_AT86 Pin=C18-2
Added Pin To Net: NetName=3V3_AT86 Pin=C19-1
Added Pin To Net: NetName=GND Pin=C19-2
Added Pin To Net: NetName=GND Pin=C20-1
Added Pin To Net: NetName=NetC20_2 Pin=C20-2
Added Pin To Net: NetName=NetC21_1 Pin=C21-1
Added Pin To Net: NetName=NetC21_2 Pin=C21-2
Added Pin To Net: NetName=GND Pin=C22-1
Added Pin To Net: NetName=NetC22_2 Pin=C22-2
Added Pin To Net: NetName=GND Pin=C23-1
Added Pin To Net: NetName=NetC23_2 Pin=C23-2
Added Pin To Net: NetName=GND Pin=C24-1
Added Pin To Net: NetName=NetC24_2 Pin=C24-2
Added Pin To Net: NetName=GND Pin=C25-1
Added Pin To Net: NetName=NetC25_2 Pin=C25-2
Added Pin To Net: NetName=GND Pin=C26-1
Added Pin To Net: NetName=3V3_AT86 Pin=C26-2
Added Pin To Net: NetName=GND Pin=C27-1
Added Pin To Net: NetName=3V3_AT86 Pin=C27-2
Added Pin To Net: NetName=NetC28_1 Pin=C28-1
Added Pin To Net: NetName=NetC28_2 Pin=C28-2
Added Pin To Net: NetName=NetC29_1 Pin=C29-1
Added Pin To Net: NetName=NetC29_2 Pin=C29-2
Added Pin To Net: NetName=NetC30_1 Pin=C30-1
Added Pin To Net: NetName=NetC30_2 Pin=C30-2
Added Pin To Net: NetName=GND Pin=C31-1
Added Pin To Net: NetName=NetC31_2 Pin=C31-2
Added Pin To Net: NetName=GND Pin=C32-1
Added Pin To Net: NetName=+2V_AT86 Pin=C32-2
Added Pin To Net: NetName=GND Pin=C33-1
Added Pin To Net: NetName=+2V_AT86 Pin=C33-2
Added Pin To Net: NetName=GND Pin=C34-1
Added Pin To Net: NetName=+2V_AT86 Pin=C34-2
Added Pin To Net: NetName=3V3_AT86 Pin=C35-1
Added Pin To Net: NetName=GND Pin=C35-2
Added Pin To Net: NetName=NetC28_1 Pin=J2-1
Added Pin To Net: NetName=NetJ2_2 Pin=J2-2
Added Pin To Net: NetName=GND Pin=J2-3
Added Pin To Net: NetName=GND Pin=J2-4
Added Pin To Net: NetName=GND Pin=J2-5
Added Pin To Net: NetName=GND Pin=J2-6
Added Pin To Net: NetName=NetC21_2 Pin=J3-1
Added Pin To Net: NetName=NetJ3_2 Pin=J3-2
Added Pin To Net: NetName=GND Pin=J3-3
Added Pin To Net: NetName=GND Pin=J3-4
Added Pin To Net: NetName=GND Pin=J3-5
Added Pin To Net: NetName=GND Pin=J3-6
Added Pin To Net: NetName=NetC20_2 Pin=L2-1
Added Pin To Net: NetName=3V3_AT86 Pin=L2-2
Added Pin To Net: NetName=NetC22_2 Pin=L3-1
Added Pin To Net: NetName=3V3_AT86 Pin=L3-2
Added Pin To Net: NetName=NetL4_1 Pin=L4-1
Added Pin To Net: NetName=3V3_AT86 Pin=L4-2
Added Pin To Net: NetName=RF_P Pin=L5-1
Added Pin To Net: NetName=NetC21_1 Pin=L5-2
Added Pin To Net: NetName=NetC23_2 Pin=L5-3
Added Pin To Net: NetName=RF_N Pin=L5-4
Added Pin To Net: NetName=NetC28_2 Pin=L6-1
Added Pin To Net: NetName=GND Pin=L6-2
Added Pin To Net: NetName=NetR38_1 Pin=R38-1
Added Pin To Net: NetName=NetR38_2 Pin=R38-2
Added Pin To Net: NetName=NetR39_1 Pin=R39-1
Added Pin To Net: NetName=NetR39_2 Pin=R39-2
Added Pin To Net: NetName=NetR40_1 Pin=R40-1
Added Pin To Net: NetName=NetJ9_1 Pin=R40-2
Added Pin To Net: NetName=GND Pin=R41-1
Added Pin To Net: NetName=NetR40_1 Pin=R41-2
Added Pin To Net: NetName=GND Pin=R42-1
Added Pin To Net: NetName=NetJ9_1 Pin=R42-2
Added Pin To Net: NetName=NetR43_1 Pin=R43-1
Added Pin To Net: NetName=NetJ11_1 Pin=R43-2
Added Pin To Net: NetName=GND Pin=R44-1
Added Pin To Net: NetName=NetR43_1 Pin=R44-2
Added Pin To Net: NetName=GND Pin=R45-1
Added Pin To Net: NetName=NetJ11_1 Pin=R45-2
Added Pin To Net: NetName=GND Pin=U2-3
Added Pin To Net: NetName=GND Pin=U2-6
Added Pin To Net: NetName=GND Pin=U2-7
Added Pin To Net: NetName=RF_P Pin=U2-8
Added Pin To Net: NetName=RF_N Pin=U2-9
Added Pin To Net: NetName=GND Pin=U2-10
Added Pin To Net: NetName=NetR38_1 Pin=U2-11
Added Pin To Net: NetName=NetR39_1 Pin=U2-12
Added Pin To Net: NetName=AT86_\R\S\T\ Pin=U2-13
Added Pin To Net: NetName=NetC25_2 Pin=U2-14
Added Pin To Net: NetName=3V3_AT86 Pin=U2-15
Added Pin To Net: NetName=GND Pin=U2-16
Added Pin To Net: NetName=NetU2_17 Pin=U2-17
Added Pin To Net: NetName=GND Pin=U2-18
Added Pin To Net: NetName=GND Pin=U2-19
Added Pin To Net: NetName=GND Pin=U2-20
Added Pin To Net: NetName=+2V_AT86 Pin=U2-21
Added Pin To Net: NetName=GND Pin=U2-23
Added Pin To Net: NetName=GND Pin=U2-24
Added Pin To Net: NetName=+2V_AT86 Pin=U2-29
Added Pin To Net: NetName=GND Pin=U2-32
Added Pin To Net: NetName=NetC31_2 Pin=U2-37
Added Pin To Net: NetName=GND Pin=U2-38
Added Pin To Net: NetName=+2V_AT86 Pin=U2-39
Added Pin To Net: NetName=AT86_IRQ Pin=U2-40
Added Pin To Net: NetName=SPI_AT86_SCK Pin=U2-41
Added Pin To Net: NetName=SPI_AT86_CSN Pin=U2-42
Added Pin To Net: NetName=SPI_AT86_MOSI Pin=U2-43
Added Pin To Net: NetName=SPI_AT86_MISO Pin=U2-44
Added Pin To Net: NetName=GND Pin=U2-45
Added Pin To Net: NetName=3V3_AT86 Pin=U2-46
Added Pin To Net: NetName=NetC24_2 Pin=U2-47
Added Pin To Net: NetName=GND Pin=U2-48
Added Pin To Net: NetName=GND Pin=U2-49
Added Pin To Net: NetName=GND Pin=U2-49
Added Pin To Net: NetName=GND Pin=U2-49
Added Pin To Net: NetName=GND Pin=U2-49
Added Pin To Net: NetName=GND Pin=U2-49
Added Pin To Net: NetName=GND Pin=U2-49
Added Pin To Net: NetName=GND Pin=U2-49
Added Pin To Net: NetName=GND Pin=U2-49
Added Pin To Net: NetName=GND Pin=U2-49
Added Pin To Net: NetName=GND Pin=U2-49
Added Pin To Net: NetName=GND Pin=U2-49
Added Pin To Net: NetName=GND Pin=U2-49
Added Pin To Net: NetName=GND Pin=U2-49
Added Pin To Net: NetName=GND Pin=U2-49
Added Pin To Net: NetName=GND Pin=U2-49
Added Pin To Net: NetName=GND Pin=U2-49
Added Pin To Net: NetName=GND Pin=U2-49
Added Pin To Net: NetName=GND Pin=U2-49
Added Pin To Net: NetName=GND Pin=U2-49
Added Pin To Net: NetName=GND Pin=U2-49
Added Pin To Net: NetName=GND Pin=U2-49
Added Pin To Net: NetName=GND Pin=U2-49
Added Pin To Net: NetName=GND Pin=U2-49
Added Pin To Net: NetName=GND Pin=U2-49
Added Pin To Net: NetName=GND Pin=U2-49
Added Pin To Net: NetName=GND Pin=U2-49
Added Pin To Net: NetName=GND Pin=U2-49
Added Pin To Net: NetName=GND Pin=U2-49
Added Pin To Net: NetName=GND Pin=U2-49
Added Pin To Net: NetName=GND Pin=U2-49
Added Pin To Net: NetName=GND Pin=U2-49
Added Pin To Net: NetName=GND Pin=U2-49
Added Pin To Net: NetName=GND Pin=U2-49
Added Pin To Net: NetName=GND Pin=U2-49
Added Pin To Net: NetName=GND Pin=U2-49
Added Pin To Net: NetName=GND Pin=U2-49
Added Pin To Net: NetName=GND Pin=U2-49
Added Pin To Net: NetName=GND Pin=U2-49
Added Pin To Net: NetName=GND Pin=U2-49
Added Pin To Net: NetName=GND Pin=U2-49
Added Pin To Net: NetName=GND Pin=U2-49
Added Pin To Net: NetName=GND Pin=U2-49
Added Pin To Net: NetName=GND Pin=U2-49
Added Pin To Net: NetName=GND Pin=U2-49
Added Pin To Net: NetName=GND Pin=U2-49
Added Pin To Net: NetName=GND Pin=U2-49
Added Pin To Net: NetName=GND Pin=U2-49
Added Pin To Net: NetName=GND Pin=U2-49
Added Pin To Net: NetName=GND Pin=U2-49
Added Pin To Net: NetName=GND Pin=U3-0
Added Pin To Net: NetName=GND Pin=U3-0
Added Pin To Net: NetName=GND Pin=U3-0
Added Pin To Net: NetName=GND Pin=U3-0
Added Pin To Net: NetName=GND Pin=U3-0
Added Pin To Net: NetName=GND Pin=U3-0
Added Pin To Net: NetName=GND Pin=U3-0
Added Pin To Net: NetName=GND Pin=U3-0
Added Pin To Net: NetName=GND Pin=U3-0
Added Pin To Net: NetName=GND Pin=U3-0
Added Pin To Net: NetName=GND Pin=U3-0
Added Pin To Net: NetName=GND Pin=U3-0
Added Pin To Net: NetName=GND Pin=U3-0
Added Pin To Net: NetName=GND Pin=U3-0
Added Pin To Net: NetName=GND Pin=U3-0
Added Pin To Net: NetName=GND Pin=U3-0
Added Pin To Net: NetName=GND Pin=U3-0
Added Pin To Net: NetName=GND Pin=U3-0
Added Pin To Net: NetName=GND Pin=U3-0
Added Pin To Net: NetName=GND Pin=U3-0
Added Pin To Net: NetName=NetR39_2 Pin=U3-1
Added Pin To Net: NetName=NetC29_2 Pin=U3-2
Added Pin To Net: NetName=AT86_CPS Pin=U3-3
Added Pin To Net: NetName=NetR38_2 Pin=U3-4
Added Pin To Net: NetName=NetC30_2 Pin=U3-5
Added Pin To Net: NetName=NetJ3_2 Pin=U3-6
Added Pin To Net: NetName=AT86_ANT_SEL Pin=U3-7
Added Pin To Net: NetName=GND Pin=U3-8
Added Pin To Net: NetName=NetU3_9 Pin=U3-9
Added Pin To Net: NetName=GND Pin=U3-10
Added Pin To Net: NetName=NetU3_11 Pin=U3-11
Added Pin To Net: NetName=NetR43_1 Pin=U3-12
Added Pin To Net: NetName=GND Pin=U3-13
Added Pin To Net: NetName=NetR40_1 Pin=U3-14
Added Pin To Net: NetName=GND Pin=U3-15
Added Pin To Net: NetName=NetC28_2 Pin=U3-16
Added Pin To Net: NetName=GND Pin=U3-17
Added Pin To Net: NetName=GND Pin=U3-18
Added Pin To Net: NetName=GND Pin=U3-19
Added Pin To Net: NetName=NetJ2_2 Pin=U3-20
Added Pin To Net: NetName=NetL4_1 Pin=U3-21
Added Pin To Net: NetName=GND Pin=U3-22
Added Pin To Net: NetName=NetC22_2 Pin=U3-23
Added Pin To Net: NetName=NetC20_2 Pin=U3-24
Added Pin To Net: NetName=GND Pin=U4-1
Added Pin To Net: NetName=NetU3_11 Pin=U4-2
Added Pin To Net: NetName=GND Pin=U4-3
Added Pin To Net: NetName=GND Pin=U4-4
Added Pin To Net: NetName=NetU3_9 Pin=U4-5
Added Pin To Net: NetName=GND Pin=U4-6
Added Pin To Net: NetName=GND Pin=U5-1
Added Pin To Net: NetName=NetC30_1 Pin=U5-2
Added Pin To Net: NetName=GND Pin=U5-3
Added Pin To Net: NetName=GND Pin=U5-4
Added Pin To Net: NetName=NetC29_1 Pin=U5-5
Added Pin To Net: NetName=GND Pin=U5-6
Added Pin To Net: NetName=GND Pin=Y2-1
Added Pin To Net: NetName=GND Pin=Y2-2
Added Pin To Net: NetName=NetU2_17 Pin=Y2-3
Added Pin To Net: NetName=3V3_AT86 Pin=Y2-4
Added Member To Class: ClassName=U_IEEE-802 Member=Component C16 C-4.7uF-0603
Added Member To Class: ClassName=U_IEEE-802 Member=Component C17 C-1nF-0402
Added Member To Class: ClassName=U_IEEE-802 Member=Component C18 C-10nF-0402
Added Member To Class: ClassName=U_IEEE-802 Member=Component C19 C-33pF-0402
Added Member To Class: ClassName=U_IEEE-802 Member=Component C20 C-100pF-0402
Added Member To Class: ClassName=U_IEEE-802 Member=Component C21 C-15pF-0402
Added Member To Class: ClassName=U_IEEE-802 Member=Component C22 C-22pF-0402
Added Member To Class: ClassName=U_IEEE-802 Member=Component C23 C-8.2pF-0402
Added Member To Class: ClassName=U_IEEE-802 Member=Component C24 C-100nF-0402
Added Member To Class: ClassName=U_IEEE-802 Member=Component C25 C-100nF-0402
Added Member To Class: ClassName=U_IEEE-802 Member=Component C26 C-100nF-0402
Added Member To Class: ClassName=U_IEEE-802 Member=Component C27 C-100nF-0402
Added Member To Class: ClassName=U_IEEE-802 Member=Component C28 C-10pF-0402
Added Member To Class: ClassName=U_IEEE-802 Member=Component C29 C-10pF-0402
Added Member To Class: ClassName=U_IEEE-802 Member=Component C30 C-10pF-0402
Added Member To Class: ClassName=U_IEEE-802 Member=Component C31 C-100nF-0402
Added Member To Class: ClassName=U_IEEE-802 Member=Component C32 C-100nF-0402
Added Member To Class: ClassName=U_IEEE-802 Member=Component C33 C-100nF-0402
Added Member To Class: ClassName=U_IEEE-802 Member=Component C34 C-100nF-0402
Added Member To Class: ClassName=U_IEEE-802 Member=Component C35 C-100nF-0402
Added Member To Class: ClassName=U_IEEE-802 Member=Component J2 MM8930-2620RJ4
Added Member To Class: ClassName=U_IEEE-802 Member=Component J3 MM8930-2620RJ4
Added Member To Class: ClassName=U_IEEE-802 Member=Component L2 L-3.3nH-0402
Added Member To Class: ClassName=U_IEEE-802 Member=Component L3 L-4.7nH-0402
Added Member To Class: ClassName=U_IEEE-802 Member=Component L4 L-6.8nH-0603
Added Member To Class: ClassName=U_IEEE-802 Member=Component L5 DLW21SN900SQ2L
Added Member To Class: ClassName=U_IEEE-802 Member=Component L6 L-3nH-0402
Added Member To Class: ClassName=U_IEEE-802 Member=Component R38 R-0-0402
Added Member To Class: ClassName=U_IEEE-802 Member=Component R39 R-0-0402
Added Member To Class: ClassName=U_IEEE-802 Member=Component R40 R-0-0402
Added Member To Class: ClassName=U_IEEE-802 Member=Component R41 R-0-0402
Added Member To Class: ClassName=U_IEEE-802 Member=Component R42 R-0-0402
Added Member To Class: ClassName=U_IEEE-802 Member=Component R43 R-0-0402
Added Member To Class: ClassName=U_IEEE-802 Member=Component R44 R-0-0402
Added Member To Class: ClassName=U_IEEE-802 Member=Component R45 R-0-0402
Added Member To Class: ClassName=U_IEEE-802 Member=Component U2 AT86RF215M
Added Member To Class: ClassName=U_IEEE-802 Member=Component U3 SE2435L-R
Added Member To Class: ClassName=U_IEEE-802 Member=Component U4 B3725
Added Member To Class: ClassName=U_IEEE-802 Member=Component U5 B3440
Added Member To Class: ClassName=U_IEEE-802 Member=Component Y2 7Z-26.000MBG-T
