Change Physical Footprint: Designator=C1 Old Footprint=Capacitor-0603 New Footprint=Capacitor-0603
Change Physical Footprint: Designator=C2 Old Footprint=Capacitor-0603 New Footprint=Capacitor-0603
Change Physical Footprint: Designator=C3 Old Footprint=Capacitor-0603 New Footprint=Capacitor-0603
Change Physical Footprint: Designator=C4 Old Footprint=Capacitor-0603 New Footprint=Capacitor-0603
Change Physical Footprint: Designator=C5 Old Footprint=Capacitor-0603 New Footprint=Capacitor-0603
Change Physical Footprint: Designator=C6 Old Footprint=Capacitor-0603 New Footprint=Capacitor-0603
Change Physical Footprint: Designator=C7 Old Footprint=Capacitor-0603 New Footprint=Capacitor-0603
Change Physical Footprint: Designator=C8 Old Footprint=Capacitor-0603 New Footprint=Capacitor-0603
Change Physical Footprint: Designator=C9 Old Footprint=Capacitor-0603 New Footprint=Capacitor-0603
Change Physical Footprint: Designator=C10 Old Footprint=Capacitor-0603 New Footprint=Capacitor-0603
Change Physical Footprint: Designator=C11 Old Footprint=Capacitor-0603 New Footprint=Capacitor-0603
Change Physical Footprint: Designator=C12 Old Footprint=Capacitor-0603 New Footprint=Capacitor-0603
Change Physical Footprint: Designator=C13 Old Footprint=Capacitor-0603 New Footprint=Capacitor-0603
Change Physical Footprint: Designator=C14 Old Footprint=Capacitor-0603 New Footprint=Capacitor-0603
Change Physical Footprint: Designator=C15 Old Footprint=Capacitor-0603 New Footprint=Capacitor-0603
Change Physical Footprint: Designator=C16 Old Footprint=SM/C_0603 New Footprint=SM/C_0603
Change Physical Footprint: Designator=C17 Old Footprint=SM/C_0402 New Footprint=SM/C_0402
Change Physical Footprint: Designator=C18 Old Footprint=SM/C_0402 New Footprint=SM/C_0402
Change Physical Footprint: Designator=C19 Old Footprint=SM/C_0402 New Footprint=SM/C_0402
Change Physical Footprint: Designator=C20 Old Footprint=SM/C_0402 New Footprint=SM/C_0402
Change Physical Footprint: Designator=C21 Old Footprint=SM/C_0402 New Footprint=SM/C_0402
Change Physical Footprint: Designator=C22 Old Footprint=SM/C_0402 New Footprint=SM/C_0402
Change Physical Footprint: Designator=C23 Old Footprint=SM/C_0402 New Footprint=SM/C_0402
Change Physical Footprint: Designator=C24 Old Footprint=SM/C_0402 New Footprint=SM/C_0402
Change Physical Footprint: Designator=C25 Old Footprint=SM/C_0402 New Footprint=SM/C_0402
Change Physical Footprint: Designator=C26 Old Footprint=SM/C_0402 New Footprint=SM/C_0402
Change Physical Footprint: Designator=C27 Old Footprint=SM/C_0402 New Footprint=SM/C_0402
Change Physical Footprint: Designator=C28 Old Footprint=SM/C_0402 New Footprint=SM/C_0402
Change Physical Footprint: Designator=C29 Old Footprint=SM/C_0402 New Footprint=SM/C_0402
Change Physical Footprint: Designator=C30 Old Footprint=SM/C_0402 New Footprint=SM/C_0402
Change Physical Footprint: Designator=C31 Old Footprint=SM/C_0402 New Footprint=SM/C_0402
Change Physical Footprint: Designator=C32 Old Footprint=SM/C_0402 New Footprint=SM/C_0402
Change Physical Footprint: Designator=C33 Old Footprint=SM/C_0402 New Footprint=SM/C_0402
Change Physical Footprint: Designator=C34 Old Footprint=SM/C_0402 New Footprint=SM/C_0402
Change Physical Footprint: Designator=C35 Old Footprint=SM/C_0402 New Footprint=SM/C_0402
Change Physical Footprint: Designator=C36 Old Footprint=Capacitor-1210 New Footprint=Capacitor-1210
Change Physical Footprint: Designator=C37 Old Footprint=Capacitor-1210 New Footprint=Capacitor-1210
Change Physical Footprint: Designator=C38 Old Footprint=Capacitor-0603 New Footprint=Capacitor-0603
Change Physical Footprint: Designator=C39 Old Footprint=Capacitor-1210 New Footprint=Capacitor-1210
Change Physical Footprint: Designator=C40 Old Footprint=Capacitor-1210 New Footprint=Capacitor-1210
Change Physical Footprint: Designator=C41 Old Footprint=Capacitor-0603 New Footprint=Capacitor-0603
Change Physical Footprint: Designator=C42 Old Footprint=Capacitor-0603 New Footprint=Capacitor-0603
Change Physical Footprint: Designator=C43 Old Footprint=Capacitor-0603 New Footprint=Capacitor-0603
Change Physical Footprint: Designator=C44 Old Footprint=Capacitor-0603 New Footprint=Capacitor-0603
Change Physical Footprint: Designator=C45 Old Footprint=Capacitor-0603 New Footprint=Capacitor-0603
Change Physical Footprint: Designator=C46 Old Footprint=Capacitor-0603 New Footprint=Capacitor-0603
Change Physical Footprint: Designator=C47 Old Footprint=Capacitor-0603 New Footprint=Capacitor-0603
Change Physical Footprint: Designator=C48 Old Footprint=Capacitor-0603 New Footprint=Capacitor-0603
Change Physical Footprint: Designator=D1 Old Footprint=150080YS75000 New Footprint=150080YS75000
Change Physical Footprint: Designator=D2 Old Footprint=150080YS75000 New Footprint=150080YS75000
Change Physical Footprint: Designator=D3 Old Footprint=150080YS75000 New Footprint=150080YS75000
Change Physical Footprint: Designator=J2 Old Footprint=MM8930-2620RJ4 New Footprint=MM8930-2620RJ4
Change Physical Footprint: Designator=J3 Old Footprint=MM8930-2620RJ4 New Footprint=MM8930-2620RJ4
Change Physical Footprint: Designator=J4 Old Footprint=Header_2x6 New Footprint=Header_2x6
Change Physical Footprint: Designator=J5 Old Footprint=Header_2x2 New Footprint=Header_2x2
Change Physical Footprint: Designator=J6 Old Footprint=Header_1x2 New Footprint=Header_1x2
Change Physical Footprint: Designator=J7 Old Footprint=UCL-CPUM-H7-1 New Footprint=UCL-CPUM-H7-1
Change Physical Footprint: Designator=J8 Old Footprint=I2C_header New Footprint=I2C_header
Change Physical Footprint: Designator=J9 Old Footprint=SMA_733910080 New Footprint=SMA_733910080
Change Physical Footprint: Designator=J10 Old Footprint=SPI_Header New Footprint=SPI_Header
Change Physical Footprint: Designator=J11 Old Footprint=SMA_733910080 New Footprint=SMA_733910080
Change Physical Footprint: Designator=J12 Old Footprint=SPI_Header New Footprint=SPI_Header
Change Physical Footprint: Designator=J13 Old Footprint=UART_Header New Footprint=UART_Header
Change Physical Footprint: Designator=J14 Old Footprint=JTAG_Header New Footprint=JTAG_Header
Change Physical Footprint: Designator=J15 Old Footprint=GPIO_Header New Footprint=GPIO_Header
Change Physical Footprint: Designator=J16 Old Footprint=USB3085-30-A New Footprint=USB3085-30-A
Change Physical Footprint: Designator=L1 Old Footprint=Inductor-0603 New Footprint=Inductor-0603
Change Physical Footprint: Designator=L2 Old Footprint=SM/L_0402 New Footprint=SM/L_0402
Change Physical Footprint: Designator=L3 Old Footprint=SM/L_0402 New Footprint=SM/L_0402
Change Physical Footprint: Designator=L4 Old Footprint=SM/L_0603 (1608) New Footprint=SM/L_0603 (1608)
Change Physical Footprint: Designator=L5 Old Footprint=MURA-DLW21SN900SQ2L-4_V New Footprint=MURA-DLW21SN900SQ2L-4_V
Change Physical Footprint: Designator=L6 Old Footprint=SM/L_0402 New Footprint=SM/L_0402
Change Physical Footprint: Designator=M1 Old Footprint=Screw_M3 New Footprint=Screw_M3
Change Physical Footprint: Designator=M2 Old Footprint=Screw_M3 New Footprint=Screw_M3
Change Physical Footprint: Designator=M7 Old Footprint=Screw_M3 New Footprint=Screw_M3
Change Physical Footprint: Designator=M8 Old Footprint=Screw_M3 New Footprint=Screw_M3
Change Physical Footprint: Designator=R1 Old Footprint=Resistor-0603 New Footprint=Resistor-0603
Change Physical Footprint: Designator=R2 Old Footprint=Resistor-0603 New Footprint=Resistor-0603
Change Physical Footprint: Designator=R3 Old Footprint=Resistor-0603 New Footprint=Resistor-0603
Change Physical Footprint: Designator=R4 Old Footprint=Resistor-0603 New Footprint=Resistor-0603
Change Physical Footprint: Designator=R5 Old Footprint=Resistor-0603 New Footprint=Resistor-0603
Change Physical Footprint: Designator=R6 Old Footprint=Resistor-0603 New Footprint=Resistor-0603
Change Physical Footprint: Designator=R7 Old Footprint=Resistor-0603 New Footprint=Resistor-0603
Change Physical Footprint: Designator=R8 Old Footprint=Resistor-0603 New Footprint=Resistor-0603
Change Physical Footprint: Designator=R9 Old Footprint=Resistor-0603 New Footprint=Resistor-0603
Change Physical Footprint: Designator=R10 Old Footprint=Resistor-0603 New Footprint=Resistor-0603
Change Physical Footprint: Designator=R11 Old Footprint=Resistor-0603 New Footprint=Resistor-0603
Change Physical Footprint: Designator=R12 Old Footprint=Resistor-0603 New Footprint=Resistor-0603
Change Physical Footprint: Designator=R13 Old Footprint=Resistor-0603 New Footprint=Resistor-0603
Change Physical Footprint: Designator=R14 Old Footprint=Resistor-0603 New Footprint=Resistor-0603
Change Physical Footprint: Designator=R15 Old Footprint=Resistor-0603 New Footprint=Resistor-0603
Change Physical Footprint: Designator=R16 Old Footprint=Resistor-0603 New Footprint=Resistor-0603
Change Physical Footprint: Designator=R17 Old Footprint=Resistor-0603 New Footprint=Resistor-0603
Change Physical Footprint: Designator=R18 Old Footprint=Resistor-0603 New Footprint=Resistor-0603
Change Physical Footprint: Designator=R19 Old Footprint=Resistor-0603 New Footprint=Resistor-0603
Change Physical Footprint: Designator=R20 Old Footprint=Resistor-0603 New Footprint=Resistor-0603
Change Physical Footprint: Designator=R21 Old Footprint=Resistor-0603 New Footprint=Resistor-0603
Change Physical Footprint: Designator=R22 Old Footprint=Resistor-0603 New Footprint=Resistor-0603
Change Physical Footprint: Designator=R23 Old Footprint=Resistor-0603 New Footprint=Resistor-0603
Change Physical Footprint: Designator=R24 Old Footprint=Resistor-0603 New Footprint=Resistor-0603
Change Physical Footprint: Designator=R25 Old Footprint=Resistor-0603 New Footprint=Resistor-0603
Change Physical Footprint: Designator=R26 Old Footprint=Resistor-0603 New Footprint=Resistor-0603
Change Physical Footprint: Designator=R27 Old Footprint=Resistor-0603 New Footprint=Resistor-0603
Change Physical Footprint: Designator=R28 Old Footprint=Resistor-0603 New Footprint=Resistor-0603
Change Physical Footprint: Designator=R29 Old Footprint=Resistor-0603 New Footprint=Resistor-0603
Change Physical Footprint: Designator=R30 Old Footprint=Resistor-0603 New Footprint=Resistor-0603
Change Physical Footprint: Designator=R31 Old Footprint=Resistor-0603 New Footprint=Resistor-0603
Change Physical Footprint: Designator=R32 Old Footprint=Resistor-0603 New Footprint=Resistor-0603
Change Physical Footprint: Designator=R33 Old Footprint=Resistor-0603 New Footprint=Resistor-0603
Change Physical Footprint: Designator=R34 Old Footprint=Resistor-0603 New Footprint=Resistor-0603
Change Physical Footprint: Designator=R35 Old Footprint=Resistor-0603 New Footprint=Resistor-0603
Change Physical Footprint: Designator=R36 Old Footprint=Resistor-0603 New Footprint=Resistor-0603
Change Physical Footprint: Designator=R37 Old Footprint=Resistor-0603 New Footprint=Resistor-0603
Change Physical Footprint: Designator=R38 Old Footprint=SM/R_0402 New Footprint=SM/R_0402
Change Physical Footprint: Designator=R39 Old Footprint=SM/R_0402 New Footprint=SM/R_0402
Change Physical Footprint: Designator=R40 Old Footprint=SM/R_0402 New Footprint=SM/R_0402
Change Physical Footprint: Designator=R41 Old Footprint=SM/R_0402 New Footprint=SM/R_0402
Change Physical Footprint: Designator=R42 Old Footprint=SM/R_0402 New Footprint=SM/R_0402
Change Physical Footprint: Designator=R43 Old Footprint=SM/R_0402 New Footprint=SM/R_0402
Change Physical Footprint: Designator=R44 Old Footprint=SM/R_0402 New Footprint=SM/R_0402
Change Physical Footprint: Designator=R45 Old Footprint=SM/R_0402 New Footprint=SM/R_0402
Change Physical Footprint: Designator=R46 Old Footprint=Resistor-0603 New Footprint=Resistor-0603
Change Physical Footprint: Designator=R47 Old Footprint=Resistor-0603 New Footprint=Resistor-0603
Change Physical Footprint: Designator=R48 Old Footprint=Resistor-0603 New Footprint=Resistor-0603
Change Physical Footprint: Designator=R49 Old Footprint=Resistor-0603 New Footprint=Resistor-0603
Change Physical Footprint: Designator=R50 Old Footprint=Resistor-0603 New Footprint=Resistor-0603
Change Physical Footprint: Designator=R51 Old Footprint=Resistor-0603 New Footprint=Resistor-0603
Change Physical Footprint: Designator=R52 Old Footprint=Resistor-0603 New Footprint=Resistor-0603
Change Physical Footprint: Designator=R53 Old Footprint=Resistor-0603 New Footprint=Resistor-0603
Change Physical Footprint: Designator=R54 Old Footprint=Resistor-0603 New Footprint=Resistor-0603
Change Physical Footprint: Designator=R55 Old Footprint=Resistor-0603 New Footprint=Resistor-0603
Change Physical Footprint: Designator=R56 Old Footprint=Resistor-0603 New Footprint=Resistor-0603
Change Physical Footprint: Designator=R57 Old Footprint=Resistor-0603 New Footprint=Resistor-0603
Change Physical Footprint: Designator=R58 Old Footprint=Resistor-0603 New Footprint=Resistor-0603
Change Physical Footprint: Designator=R59 Old Footprint=Resistor-0603 New Footprint=Resistor-0603
Change Physical Footprint: Designator=R60 Old Footprint=Resistor-0603 New Footprint=Resistor-0603
Change Physical Footprint: Designator=R61 Old Footprint=Resistor-0603 New Footprint=Resistor-0603
Change Physical Footprint: Designator=R62 Old Footprint=Resistor-0603 New Footprint=Resistor-0603
Change Physical Footprint: Designator=R63 Old Footprint=Resistor-0603 New Footprint=Resistor-0603
Change Physical Footprint: Designator=R64 Old Footprint=Resistor-0603 New Footprint=Resistor-0603
Change Physical Footprint: Designator=R65 Old Footprint=Resistor-0603 New Footprint=Resistor-0603
Change Physical Footprint: Designator=R66 Old Footprint=Resistor-0603 New Footprint=Resistor-0603
Change Physical Footprint: Designator=R67 Old Footprint=Resistor-0603 New Footprint=Resistor-0603
Change Physical Footprint: Designator=R68 Old Footprint=Resistor-0603 New Footprint=Resistor-0603
Change Physical Footprint: Designator=R69 Old Footprint=Resistor-0603 New Footprint=Resistor-0603
Change Physical Footprint: Designator=R70 Old Footprint=Resistor-0603 New Footprint=Resistor-0603
Change Physical Footprint: Designator=R71 Old Footprint=Resistor-0603 New Footprint=Resistor-0603
Change Physical Footprint: Designator=R72 Old Footprint=Resistor-0603 New Footprint=Resistor-0603
Change Physical Footprint: Designator=R73 Old Footprint=Resistor-0603 New Footprint=Resistor-0603
Change Physical Footprint: Designator=R74 Old Footprint=Resistor-0603 New Footprint=Resistor-0603
Change Physical Footprint: Designator=R75 Old Footprint=Resistor-0603 New Footprint=Resistor-0603
Change Physical Footprint: Designator=R76 Old Footprint=SM/R_0402 New Footprint=SM/R_0402
Change Physical Footprint: Designator=R77 Old Footprint=Resistor-0603 New Footprint=Resistor-0603
Change Physical Footprint: Designator=R78 Old Footprint=Resistor-0603 New Footprint=Resistor-0603
Change Physical Footprint: Designator=R79 Old Footprint=Resistor-0603 New Footprint=Resistor-0603
Change Physical Footprint: Designator=R80 Old Footprint=Resistor-0603 New Footprint=Resistor-0603
Change Physical Footprint: Designator=S1 Old Footprint=TL3305AF260QG New Footprint=TL3305AF260QG
Change Physical Footprint: Designator=S2 Old Footprint=TL3305AF260QG New Footprint=TL3305AF260QG
Change Physical Footprint: Designator=U1 Old Footprint=LAN8187-JT New Footprint=LAN8187-JT
Change Physical Footprint: Designator=U2 Old Footprint=QFN50P700X700X90-49N-D New Footprint=QFN50P700X700X90-49N-D
Change Physical Footprint: Designator=U3 Old Footprint=SE2435L New Footprint=SE2435L
Change Physical Footprint: Designator=U4 Old Footprint=EPCOS-DCC6C New Footprint=EPCOS-DCC6C
Change Physical Footprint: Designator=U5 Old Footprint=EPCOS-DCC6C New Footprint=EPCOS-DCC6C
Change Physical Footprint: Designator=U6 Old Footprint=AZ1117IH-3.3TRG1 New Footprint=AZ1117IH-3.3TRG1
Change Physical Footprint: Designator=U7 Old Footprint=AZ2185D-ADJTRG1 New Footprint=AZ2185D-ADJTRG1
Change Physical Footprint: Designator=U8 Old Footprint=CY7C64225-28PVXC New Footprint=CY7C64225-28PVXC
Change Physical Footprint: Designator=U9 Old Footprint=SN74LVC2G17DBVR New Footprint=SN74LVC2G17DBVR
Change Physical Footprint: Designator=Y1 Old Footprint=830107871909 New Footprint=830107871909
Change Physical Footprint: Designator=Y2 Old Footprint=TCXO New Footprint=TCXO
