Removed Pin From Net: NetName=+2V_MCU Pin=D4-2
Removed Member From Class: ClassName=Top Member=D4
Removed Member From Class: ClassName=Top Member=R44
Added Component: Designator=D?(150080YS75000)
Add component. Clean all parameters for all variants
Add component (AddParameter): Name = "Supplier 1"; Value = "Digi-Key"; VariantName = "[No Variations]"
Add component (AddParameter): Name = "Supplier Part Number 1"; Value = "732-4987-1-ND"; VariantName = "[No Variations]"
Added Component: Designator=R?(Resistor-0603)
Add component. Clean all parameters for all variants
Add component (AddParameter): Name = "Supplier 1"; Value = "Digi-Key"; VariantName = "[No Variations]"
Add component (AddParameter): Name = "Supplier Part Number 1"; Value = "311-330HRCT-ND"; VariantName = "[No Variations]"
Add component (AddParameter): Name = "Value"; Value = "330R"; VariantName = "[No Variations]"
Added Pin To Net: NetName=+2V_MCU Pin=R?-2
Added Pin To Net: NetName=NetD?_1 Pin=D?-1
Added Pin To Net: NetName=NetD?_1 Pin=J7-33
Added Net: Name=NetD?_1
Added Pin To Net: NetName=NetD?_2 Pin=D?-2
Added Pin To Net: NetName=NetD?_2 Pin=R?-1
Added Net: Name=NetD?_2
Added Member To Class: ClassName=Top Member=Component D? 150080YS75000
Added Member To Class: ClassName=Top Member=Component R? R-330R-0603
