Added Component: Designator=T1(MCH6001-TL-E)
Add component. Clean all parameters for all variants
Added Component: Designator=T2(MCH6001-TL-E)
Add component. Clean all parameters for all variants
Added Component: Designator=T3(MCH6001-TL-E)
Add component. Clean all parameters for all variants
Added Pin To Net: NetName=NetR58_1 Pin=T1-1
Added Pin To Net: NetName=NetT1_2 Pin=T1-2
Added Pin To Net: NetName=SDRAM_CK_P Pin=T1-3
Added Pin To Net: NetName=NetR59_2 Pin=T1-4
Added Pin To Net: NetName=NetT1_2 Pin=T1-5
Added Pin To Net: NetName=SDRAM_CK_N Pin=T1-6
Added Pin To Net: NetName=NetC26_2 Pin=T2-1
Added Pin To Net: NetName=GND Pin=T2-2
Added Pin To Net: NetName=NetT1_2 Pin=T2-3
Added Pin To Net: NetName=NetC26_2 Pin=T2-4
Added Pin To Net: NetName=GND Pin=T2-5
Added Pin To Net: NetName=NetR61_1 Pin=T2-6
Added Pin To Net: NetName=NetC26_2 Pin=T3-1
Added Pin To Net: NetName=GND Pin=T3-2
Added Pin To Net: NetName=NetT1_2 Pin=T3-3
Added Pin To Net: NetName=NetC26_2 Pin=T3-4
Added Pin To Net: NetName=GND Pin=T3-5
Added Pin To Net: NetName=NetT1_2 Pin=T3-6
Added Member To Class: ClassName=U_SDRAM Member=Component T1 MCH6001-TL-E
Added Member To Class: ClassName=U_SDRAM Member=Component T2 MCH6001-TL-E
Added Member To Class: ClassName=U_SDRAM Member=Component T3 MCH6001-TL-E
