Change Physical Footprint: Designator=C1 Old Footprint=Capacitor-0603 New Footprint=Capacitor-0603
Change Physical Footprint: Designator=C2 Old Footprint=Capacitor-0603 New Footprint=Capacitor-0603
Change Physical Footprint: Designator=C3 Old Footprint=Capacitor-0603 New Footprint=Capacitor-0603
Change Physical Footprint: Designator=C4 Old Footprint=Capacitor-0603 New Footprint=Capacitor-0603
Change Physical Footprint: Designator=C5 Old Footprint=Capacitor-0603 New Footprint=Capacitor-0603
Change Physical Footprint: Designator=C6 Old Footprint=Capacitor-0603 New Footprint=Capacitor-0603
Change Physical Footprint: Designator=C7 Old Footprint=Capacitor-0603 New Footprint=Capacitor-0603
Change Physical Footprint: Designator=C8 Old Footprint=Capacitor-0603 New Footprint=Capacitor-0603
Change Physical Footprint: Designator=C9 Old Footprint=Capacitor-0603 New Footprint=Capacitor-0603
Change Physical Footprint: Designator=C10 Old Footprint=Capacitor-0603 New Footprint=Capacitor-0603
Change Physical Footprint: Designator=C11 Old Footprint=Capacitor-0603 New Footprint=Capacitor-0603
Change Physical Footprint: Designator=C12 Old Footprint=Capacitor-0603 New Footprint=Capacitor-0603
Change Physical Footprint: Designator=C13 Old Footprint=Capacitor-0603 New Footprint=Capacitor-0603
Change Physical Footprint: Designator=C14 Old Footprint=Capacitor-0603 New Footprint=Capacitor-0603
Change Physical Footprint: Designator=C15 Old Footprint=Capacitor-0603 New Footprint=Capacitor-0603
Change Physical Footprint: Designator=C16 Old Footprint=Capacitor-0603 New Footprint=Capacitor-0603
Change Physical Footprint: Designator=C17 Old Footprint=Capacitor-0603 New Footprint=Capacitor-0603
Change Physical Footprint: Designator=C18 Old Footprint=Capacitor-0603 New Footprint=Capacitor-0603
Change Physical Footprint: Designator=C19 Old Footprint=Capacitor-0603 New Footprint=Capacitor-0603
Change Physical Footprint: Designator=C20 Old Footprint=Capacitor-0603 New Footprint=Capacitor-0603
Change Physical Footprint: Designator=C21 Old Footprint=Capacitor-0603 New Footprint=Capacitor-0603
Change Physical Footprint: Designator=C22 Old Footprint=Capacitor-0603 New Footprint=Capacitor-0603
Change Physical Footprint: Designator=C23 Old Footprint=Capacitor-0603 New Footprint=Capacitor-0603
Change Physical Footprint: Designator=C24 Old Footprint=Capacitor-0603 New Footprint=Capacitor-0603
Change Physical Footprint: Designator=C25 Old Footprint=Capacitor-0603 New Footprint=Capacitor-0603
Change Physical Footprint: Designator=C26 Old Footprint=Capacitor-0603 New Footprint=Capacitor-0603
Change Physical Footprint: Designator=C27 Old Footprint=Capacitor-0603 New Footprint=Capacitor-0603
Change Physical Footprint: Designator=C28 Old Footprint=Capacitor-0603 New Footprint=Capacitor-0603
Change Physical Footprint: Designator=C29 Old Footprint=Capacitor-0603 New Footprint=Capacitor-0603
Change Physical Footprint: Designator=C30 Old Footprint=Capacitor-0603 New Footprint=Capacitor-0603
Change Physical Footprint: Designator=C31 Old Footprint=Capacitor-0603 New Footprint=Capacitor-0603
Change Physical Footprint: Designator=C32 Old Footprint=Capacitor-0603 New Footprint=Capacitor-0603
Change Physical Footprint: Designator=J1 Old Footprint=EXT_IOS New Footprint=EXT_IOS
Change Physical Footprint: Designator=R1 Old Footprint=Resistor-0603 New Footprint=Resistor-0603
Change Physical Footprint: Designator=R2 Old Footprint=Resistor-0603 New Footprint=Resistor-0603
Change Physical Footprint: Designator=R3 Old Footprint=Resistor-0603 New Footprint=Resistor-0603
Change Physical Footprint: Designator=R4 Old Footprint=Resistor-0603 New Footprint=Resistor-0603
Change Physical Footprint: Designator=R5 Old Footprint=Resistor-0603 New Footprint=Resistor-0603
Change Physical Footprint: Designator=R6 Old Footprint=Resistor-0603 New Footprint=Resistor-0603
Change Physical Footprint: Designator=R7 Old Footprint=Resistor-0603 New Footprint=Resistor-0603
Change Physical Footprint: Designator=R8 Old Footprint=Resistor-0603 New Footprint=Resistor-0603
Change Physical Footprint: Designator=R9 Old Footprint=Resistor-0603 New Footprint=Resistor-0603
Change Physical Footprint: Designator=R10 Old Footprint=Resistor-0603 New Footprint=Resistor-0603
Change Physical Footprint: Designator=R11 Old Footprint=Resistor-0603 New Footprint=Resistor-0603
Change Physical Footprint: Designator=R12 Old Footprint=Resistor-0603 New Footprint=Resistor-0603
Change Physical Footprint: Designator=R13 Old Footprint=Resistor-0603 New Footprint=Resistor-0603
Change Physical Footprint: Designator=R14 Old Footprint=Resistor-0603 New Footprint=Resistor-0603
Change Physical Footprint: Designator=R15 Old Footprint=Resistor-0603 New Footprint=Resistor-0603
Change Physical Footprint: Designator=R16 Old Footprint=Resistor-0603 New Footprint=Resistor-0603
Change Physical Footprint: Designator=R17 Old Footprint=Resistor-0603 New Footprint=Resistor-0603
Change Physical Footprint: Designator=R18 Old Footprint=Resistor-0603 New Footprint=Resistor-0603
Change Physical Footprint: Designator=R19 Old Footprint=Resistor-0603 New Footprint=Resistor-0603
Change Physical Footprint: Designator=R20 Old Footprint=Resistor-0603 New Footprint=Resistor-0603
Change Physical Footprint: Designator=R21 Old Footprint=Resistor-0603 New Footprint=Resistor-0603
Change Physical Footprint: Designator=R22 Old Footprint=Resistor-0603 New Footprint=Resistor-0603
Change Physical Footprint: Designator=R23 Old Footprint=Resistor-0603 New Footprint=Resistor-0603
Change Physical Footprint: Designator=R24 Old Footprint=Resistor-0603 New Footprint=Resistor-0603
Change Physical Footprint: Designator=R25 Old Footprint=Resistor-0603 New Footprint=Resistor-0603
Change Physical Footprint: Designator=R26 Old Footprint=Resistor-0603 New Footprint=Resistor-0603
Change Physical Footprint: Designator=R27 Old Footprint=Resistor-0603 New Footprint=Resistor-0603
Change Physical Footprint: Designator=R28 Old Footprint=Resistor-0603 New Footprint=Resistor-0603
Change Physical Footprint: Designator=R29 Old Footprint=Resistor-0603 New Footprint=Resistor-0603
Change Physical Footprint: Designator=R30 Old Footprint=Resistor-0603 New Footprint=Resistor-0603
Change Physical Footprint: Designator=R31 Old Footprint=Resistor-0603 New Footprint=Resistor-0603
Change Physical Footprint: Designator=R32 Old Footprint=Resistor-0603 New Footprint=Resistor-0603
Change Physical Footprint: Designator=R33 Old Footprint=Resistor-0603 New Footprint=Resistor-0603
Change Physical Footprint: Designator=R34 Old Footprint=Resistor-0603 New Footprint=Resistor-0603
Change Physical Footprint: Designator=R35 Old Footprint=Resistor-0603 New Footprint=Resistor-0603
Change Physical Footprint: Designator=R36 Old Footprint=Resistor-0603 New Footprint=Resistor-0603
Change Physical Footprint: Designator=R37 Old Footprint=Resistor-0603 New Footprint=Resistor-0603
Change Physical Footprint: Designator=R38 Old Footprint=Resistor-0603 New Footprint=Resistor-0603
Change Physical Footprint: Designator=R39 Old Footprint=Resistor-0603 New Footprint=Resistor-0603
Change Physical Footprint: Designator=R40 Old Footprint=Resistor-0603 New Footprint=Resistor-0603
Change Physical Footprint: Designator=R41 Old Footprint=Resistor-0603 New Footprint=Resistor-0603
Change Physical Footprint: Designator=R42 Old Footprint=Resistor-0603 New Footprint=Resistor-0603
Change Physical Footprint: Designator=R43 Old Footprint=Resistor-0603 New Footprint=Resistor-0603
Change Physical Footprint: Designator=R44 Old Footprint=Resistor-0603 New Footprint=Resistor-0603
Change Physical Footprint: Designator=R45 Old Footprint=Resistor-0603 New Footprint=Resistor-0603
Change Physical Footprint: Designator=R46 Old Footprint=Resistor-0603 New Footprint=Resistor-0603
Change Physical Footprint: Designator=R47 Old Footprint=Resistor-0603 New Footprint=Resistor-0603
Change Physical Footprint: Designator=R48 Old Footprint=Resistor-0603 New Footprint=Resistor-0603
Change Physical Footprint: Designator=R49 Old Footprint=Resistor-0603 New Footprint=Resistor-0603
Change Physical Footprint: Designator=R50 Old Footprint=Resistor-0603 New Footprint=Resistor-0603
Change Physical Footprint: Designator=R51 Old Footprint=Resistor-0603 New Footprint=Resistor-0603
Change Physical Footprint: Designator=R52 Old Footprint=Resistor-0603 New Footprint=Resistor-0603
Change Physical Footprint: Designator=R53 Old Footprint=Resistor-0603 New Footprint=Resistor-0603
Change Physical Footprint: Designator=R54 Old Footprint=Resistor-0603 New Footprint=Resistor-0603
Change Physical Footprint: Designator=R55 Old Footprint=Resistor-0603 New Footprint=Resistor-0603
Change Physical Footprint: Designator=R56 Old Footprint=Resistor-0603 New Footprint=Resistor-0603
Change Physical Footprint: Designator=R57 Old Footprint=Resistor-0603 New Footprint=Resistor-0603
Change Physical Footprint: Designator=R58 Old Footprint=Resistor-0603 New Footprint=Resistor-0603
Change Physical Footprint: Designator=R59 Old Footprint=Resistor-0603 New Footprint=Resistor-0603
Change Physical Footprint: Designator=R60 Old Footprint=Resistor-0603 New Footprint=Resistor-0603
Change Physical Footprint: Designator=R61 Old Footprint=Resistor-0603 New Footprint=Resistor-0603
Change Physical Footprint: Designator=T1 Old Footprint=MCH6001-TL-E New Footprint=MCH6001-TL-E
Change Physical Footprint: Designator=T2 Old Footprint=MCH6001-TL-E New Footprint=MCH6001-TL-E
Change Physical Footprint: Designator=T3 Old Footprint=MCH6001-TL-E New Footprint=MCH6001-TL-E
Change Physical Footprint: Designator=U1 Old Footprint=IS25WP128-JBLE New Footprint=IS25WP128-JBLE
Change Physical Footprint: Designator=U2 Old Footprint=STM32H743ZIT6 New Footprint=STM32H743ZIT6
Change Physical Footprint: Designator=U3 Old Footprint=W947D6HBHX5E New Footprint=W947D6HBHX5E
Change Physical Footprint: Designator=Y1 Old Footprint=NX3215SA-32.768K-STD-MUA-9 New Footprint=NX3215SA-32.768K-STD-MUA-9
Change Physical Footprint: Designator=Y2 Old Footprint=830107871909 New Footprint=830107871909
