Replace Part C2 C-10pF-0603 in D:\OneDrive\Documents\HES-SO\TM\Schematics\UCL-CPUM-H7-1\MCU.SchDoc with C-10pF-0603 from Components.SchLib
Replace Part C3 C-10pF-0603 in D:\OneDrive\Documents\HES-SO\TM\Schematics\UCL-CPUM-H7-1\MCU.SchDoc with C-10pF-0603 from Components.SchLib
Replace Part C4 C-100nF-0603 in D:\OneDrive\Documents\HES-SO\TM\Schematics\UCL-CPUM-H7-1\MCU.SchDoc with C-100nF-0603 from Components.SchLib
Replace Part C5 C-100nF-0603 in D:\OneDrive\Documents\HES-SO\TM\Schematics\UCL-CPUM-H7-1\MCU.SchDoc with C-100nF-0603 from Components.SchLib
Replace Part C6 C-100nF-0603 in D:\OneDrive\Documents\HES-SO\TM\Schematics\UCL-CPUM-H7-1\MCU.SchDoc with C-100nF-0603 from Components.SchLib
Replace Part C7 C-12pF-0603 in D:\OneDrive\Documents\HES-SO\TM\Schematics\UCL-CPUM-H7-1\MCU.SchDoc with C-12pF-0603 from Components.SchLib
Replace Part C8 C-12pF-0603 in D:\OneDrive\Documents\HES-SO\TM\Schematics\UCL-CPUM-H7-1\MCU.SchDoc with C-12pF-0603 from Components.SchLib
Replace Part C9 C-100nF-0603 in D:\OneDrive\Documents\HES-SO\TM\Schematics\UCL-CPUM-H7-1\MCU.SchDoc with C-100nF-0603 from Components.SchLib
Replace Part C10 C-100nF-0603 in D:\OneDrive\Documents\HES-SO\TM\Schematics\UCL-CPUM-H7-1\MCU.SchDoc with C-100nF-0603 from Components.SchLib
Replace Part C11 C-100nF-0603 in D:\OneDrive\Documents\HES-SO\TM\Schematics\UCL-CPUM-H7-1\MCU.SchDoc with C-100nF-0603 from Components.SchLib
Replace Part C12 C-100nF-0603 in D:\OneDrive\Documents\HES-SO\TM\Schematics\UCL-CPUM-H7-1\MCU.SchDoc with C-100nF-0603 from Components.SchLib
Replace Part C13 C-100nF-0603 in D:\OneDrive\Documents\HES-SO\TM\Schematics\UCL-CPUM-H7-1\MCU.SchDoc with C-100nF-0603 from Components.SchLib
Replace Part C14 C-100nF-0603 in D:\OneDrive\Documents\HES-SO\TM\Schematics\UCL-CPUM-H7-1\MCU.SchDoc with C-100nF-0603 from Components.SchLib
Replace Part C15 C-100nF-0603 in D:\OneDrive\Documents\HES-SO\TM\Schematics\UCL-CPUM-H7-1\MCU.SchDoc with C-100nF-0603 from Components.SchLib
Replace Part C16 C-100nF-0603 in D:\OneDrive\Documents\HES-SO\TM\Schematics\UCL-CPUM-H7-1\MCU.SchDoc with C-100nF-0603 from Components.SchLib
Replace Part C17 C-2.2uF-0603 in D:\OneDrive\Documents\HES-SO\TM\Schematics\UCL-CPUM-H7-1\MCU.SchDoc with C-2.2uF-0603 from Components.SchLib
Replace Part C18 C-2.2uF-0603 in D:\OneDrive\Documents\HES-SO\TM\Schematics\UCL-CPUM-H7-1\MCU.SchDoc with C-2.2uF-0603 from Components.SchLib
Replace Part R1 R-33R-0603 in D:\OneDrive\Documents\HES-SO\TM\Schematics\UCL-CPUM-H7-1\MCU.SchDoc with R-33R-0603 from Components.SchLib
Replace Part R2 R-33R-0603 in D:\OneDrive\Documents\HES-SO\TM\Schematics\UCL-CPUM-H7-1\MCU.SchDoc with R-33R-0603 from Components.SchLib
Replace Part R3 R-33R-0603 in D:\OneDrive\Documents\HES-SO\TM\Schematics\UCL-CPUM-H7-1\MCU.SchDoc with R-33R-0603 from Components.SchLib
Replace Part R4 R-33R-0603 in D:\OneDrive\Documents\HES-SO\TM\Schematics\UCL-CPUM-H7-1\MCU.SchDoc with R-33R-0603 from Components.SchLib
Replace Part R5 R-33R-0603 in D:\OneDrive\Documents\HES-SO\TM\Schematics\UCL-CPUM-H7-1\MCU.SchDoc with R-33R-0603 from Components.SchLib
Replace Part R6 R-33R-0603 in D:\OneDrive\Documents\HES-SO\TM\Schematics\UCL-CPUM-H7-1\MCU.SchDoc with R-33R-0603 from Components.SchLib
Replace Part R7 R-33R-0603 in D:\OneDrive\Documents\HES-SO\TM\Schematics\UCL-CPUM-H7-1\MCU.SchDoc with R-33R-0603 from Components.SchLib
Replace Part R8 R-33R-0603 in D:\OneDrive\Documents\HES-SO\TM\Schematics\UCL-CPUM-H7-1\MCU.SchDoc with R-33R-0603 from Components.SchLib
Replace Part R9 R-33R-0603 in D:\OneDrive\Documents\HES-SO\TM\Schematics\UCL-CPUM-H7-1\MCU.SchDoc with R-33R-0603 from Components.SchLib
Replace Part R10 R-33R-0603 in D:\OneDrive\Documents\HES-SO\TM\Schematics\UCL-CPUM-H7-1\MCU.SchDoc with R-33R-0603 from Components.SchLib
Replace Part R11 R-33R-0603 in D:\OneDrive\Documents\HES-SO\TM\Schematics\UCL-CPUM-H7-1\MCU.SchDoc with R-33R-0603 from Components.SchLib
Replace Part R12 R-33R-0603 in D:\OneDrive\Documents\HES-SO\TM\Schematics\UCL-CPUM-H7-1\MCU.SchDoc with R-33R-0603 from Components.SchLib
Replace Part R13 R-33R-0603 in D:\OneDrive\Documents\HES-SO\TM\Schematics\UCL-CPUM-H7-1\MCU.SchDoc with R-33R-0603 from Components.SchLib
Replace Part R14 R-33R-0603 in D:\OneDrive\Documents\HES-SO\TM\Schematics\UCL-CPUM-H7-1\MCU.SchDoc with R-33R-0603 from Components.SchLib
Replace Part R15 R-470R-0603 in D:\OneDrive\Documents\HES-SO\TM\Schematics\UCL-CPUM-H7-1\MCU.SchDoc with R-470R-0603 from Components.SchLib
Replace Part R16 R-33R-0603 in D:\OneDrive\Documents\HES-SO\TM\Schematics\UCL-CPUM-H7-1\MCU.SchDoc with R-33R-0603 from Components.SchLib
Replace Part R17 R-33R-0603 in D:\OneDrive\Documents\HES-SO\TM\Schematics\UCL-CPUM-H7-1\MCU.SchDoc with R-33R-0603 from Components.SchLib
Replace Part R18 R-33R-0603 in D:\OneDrive\Documents\HES-SO\TM\Schematics\UCL-CPUM-H7-1\MCU.SchDoc with R-33R-0603 from Components.SchLib
Replace Part R19 R-33R-0603 in D:\OneDrive\Documents\HES-SO\TM\Schematics\UCL-CPUM-H7-1\MCU.SchDoc with R-33R-0603 from Components.SchLib
Replace Part R20 R-33R-0603 in D:\OneDrive\Documents\HES-SO\TM\Schematics\UCL-CPUM-H7-1\MCU.SchDoc with R-33R-0603 from Components.SchLib
Replace Part R21 R-33R-0603 in D:\OneDrive\Documents\HES-SO\TM\Schematics\UCL-CPUM-H7-1\MCU.SchDoc with R-33R-0603 from Components.SchLib
Replace Part R22 R-33R-0603 in D:\OneDrive\Documents\HES-SO\TM\Schematics\UCL-CPUM-H7-1\MCU.SchDoc with R-33R-0603 from Components.SchLib
Replace Part R23 R-33R-0603 in D:\OneDrive\Documents\HES-SO\TM\Schematics\UCL-CPUM-H7-1\MCU.SchDoc with R-33R-0603 from Components.SchLib
Replace Part R24 R-33R-0603 in D:\OneDrive\Documents\HES-SO\TM\Schematics\UCL-CPUM-H7-1\MCU.SchDoc with R-33R-0603 from Components.SchLib
Replace Part R25 R-33R-0603 in D:\OneDrive\Documents\HES-SO\TM\Schematics\UCL-CPUM-H7-1\MCU.SchDoc with R-33R-0603 from Components.SchLib
Replace Part R26 R-33R-0603 in D:\OneDrive\Documents\HES-SO\TM\Schematics\UCL-CPUM-H7-1\MCU.SchDoc with R-33R-0603 from Components.SchLib
Replace Part R27 R-33R-0603 in D:\OneDrive\Documents\HES-SO\TM\Schematics\UCL-CPUM-H7-1\MCU.SchDoc with R-33R-0603 from Components.SchLib
Replace Part R28 R-33R-0603 in D:\OneDrive\Documents\HES-SO\TM\Schematics\UCL-CPUM-H7-1\MCU.SchDoc with R-33R-0603 from Components.SchLib
Replace Part R29 R-33R-0603 in D:\OneDrive\Documents\HES-SO\TM\Schematics\UCL-CPUM-H7-1\MCU.SchDoc with R-33R-0603 from Components.SchLib
Replace Part R30 R-33R-0603 in D:\OneDrive\Documents\HES-SO\TM\Schematics\UCL-CPUM-H7-1\MCU.SchDoc with R-33R-0603 from Components.SchLib
Replace Part R31 R-33R-0603 in D:\OneDrive\Documents\HES-SO\TM\Schematics\UCL-CPUM-H7-1\MCU.SchDoc with R-33R-0603 from Components.SchLib
Replace Part R32 R-33R-0603 in D:\OneDrive\Documents\HES-SO\TM\Schematics\UCL-CPUM-H7-1\MCU.SchDoc with R-33R-0603 from Components.SchLib
Replace Part R33 R-33R-0603 in D:\OneDrive\Documents\HES-SO\TM\Schematics\UCL-CPUM-H7-1\MCU.SchDoc with R-33R-0603 from Components.SchLib
Replace Part R34 R-33R-0603 in D:\OneDrive\Documents\HES-SO\TM\Schematics\UCL-CPUM-H7-1\MCU.SchDoc with R-33R-0603 from Components.SchLib
Replace Part R35 R-33R-0603 in D:\OneDrive\Documents\HES-SO\TM\Schematics\UCL-CPUM-H7-1\MCU.SchDoc with R-33R-0603 from Components.SchLib
Replace Part R36 R-33R-0603 in D:\OneDrive\Documents\HES-SO\TM\Schematics\UCL-CPUM-H7-1\MCU.SchDoc with R-33R-0603 from Components.SchLib
Replace Part R37 R-33R-0603 in D:\OneDrive\Documents\HES-SO\TM\Schematics\UCL-CPUM-H7-1\MCU.SchDoc with R-33R-0603 from Components.SchLib
Replace Part R38 R-33R-0603 in D:\OneDrive\Documents\HES-SO\TM\Schematics\UCL-CPUM-H7-1\MCU.SchDoc with R-33R-0603 from Components.SchLib
Replace Part R39 R-33R-0603 in D:\OneDrive\Documents\HES-SO\TM\Schematics\UCL-CPUM-H7-1\MCU.SchDoc with R-33R-0603 from Components.SchLib
Replace Part R40 R-33R-0603 in D:\OneDrive\Documents\HES-SO\TM\Schematics\UCL-CPUM-H7-1\MCU.SchDoc with R-33R-0603 from Components.SchLib
Replace Part R41 R-33R-0603 in D:\OneDrive\Documents\HES-SO\TM\Schematics\UCL-CPUM-H7-1\MCU.SchDoc with R-33R-0603 from Components.SchLib
Replace Part R42 R-33R-0603 in D:\OneDrive\Documents\HES-SO\TM\Schematics\UCL-CPUM-H7-1\MCU.SchDoc with R-33R-0603 from Components.SchLib
Replace Part R43 R-33R-0603 in D:\OneDrive\Documents\HES-SO\TM\Schematics\UCL-CPUM-H7-1\MCU.SchDoc with R-33R-0603 from Components.SchLib
Replace Part R44 R-33R-0603 in D:\OneDrive\Documents\HES-SO\TM\Schematics\UCL-CPUM-H7-1\MCU.SchDoc with R-33R-0603 from Components.SchLib
Replace Part R45 R-33R-0603 in D:\OneDrive\Documents\HES-SO\TM\Schematics\UCL-CPUM-H7-1\MCU.SchDoc with R-33R-0603 from Components.SchLib
Replace Part R46 R-33R-0603 in D:\OneDrive\Documents\HES-SO\TM\Schematics\UCL-CPUM-H7-1\MCU.SchDoc with R-33R-0603 from Components.SchLib
Replace Part R47 R-33R-0603 in D:\OneDrive\Documents\HES-SO\TM\Schematics\UCL-CPUM-H7-1\MCU.SchDoc with R-33R-0603 from Components.SchLib
Replace Part R48 R-33R-0603 in D:\OneDrive\Documents\HES-SO\TM\Schematics\UCL-CPUM-H7-1\MCU.SchDoc with R-33R-0603 from Components.SchLib
Replace Part R49 R-33R-0603 in D:\OneDrive\Documents\HES-SO\TM\Schematics\UCL-CPUM-H7-1\MCU.SchDoc with R-33R-0603 from Components.SchLib
Replace Part R50 R-33R-0603 in D:\OneDrive\Documents\HES-SO\TM\Schematics\UCL-CPUM-H7-1\MCU.SchDoc with R-33R-0603 from Components.SchLib
Replace Part R51 R-33R-0603 in D:\OneDrive\Documents\HES-SO\TM\Schematics\UCL-CPUM-H7-1\MCU.SchDoc with R-33R-0603 from Components.SchLib
Replace Part R52 R-10K-0603 in D:\OneDrive\Documents\HES-SO\TM\Schematics\UCL-CPUM-H7-1\MCU.SchDoc with R-10K-0603 from Components.SchLib
Replace Part R53 R-10K-0603 in D:\OneDrive\Documents\HES-SO\TM\Schematics\UCL-CPUM-H7-1\MCU.SchDoc with R-10K-0603 from Components.SchLib
Replace Part R54 R-10K-0603 in D:\OneDrive\Documents\HES-SO\TM\Schematics\UCL-CPUM-H7-1\MCU.SchDoc with R-10K-0603 from Components.SchLib
Replace Part R55 R-10K-0603 in D:\OneDrive\Documents\HES-SO\TM\Schematics\UCL-CPUM-H7-1\MCU.SchDoc with R-10K-0603 from Components.SchLib
Replace Part U2 STM32H743ZIT6 in D:\OneDrive\Documents\HES-SO\TM\Schematics\UCL-CPUM-H7-1\MCU.SchDoc with STM32H743ZIT6 from Components.SchLib
Replace Part U2 STM32H743ZIT6 in D:\OneDrive\Documents\HES-SO\TM\Schematics\UCL-CPUM-H7-1\MCU.SchDoc with STM32H743ZIT6 from Components.SchLib
Replace Part U2 STM32H743ZIT6 in D:\OneDrive\Documents\HES-SO\TM\Schematics\UCL-CPUM-H7-1\MCU.SchDoc with STM32H743ZIT6 from Components.SchLib
Replace Part Y1 NX3215SA-32.768K-STD-MUA-9 in D:\OneDrive\Documents\HES-SO\TM\Schematics\UCL-CPUM-H7-1\MCU.SchDoc with NX3215SA-32.768K-STD-MUA-9 from Components.SchLib
Replace Part Y2 830107871909 in D:\OneDrive\Documents\HES-SO\TM\Schematics\UCL-CPUM-H7-1\MCU.SchDoc with 830107871909 from Components.SchLib
