Replace Part C? C-100nF-0603 in D:\OneDrive\Documents\HES-SO\TM\Schematics\UCL-MB-802154RT-1\Ethernet.SchDoc with C-100nF-0603 from Components.SchLib
Replace Part C? C-100nF-0603 in D:\OneDrive\Documents\HES-SO\TM\Schematics\UCL-MB-802154RT-1\Ethernet.SchDoc with C-100nF-0603 from Components.SchLib
Replace Part C? C-12pF-0603 in D:\OneDrive\Documents\HES-SO\TM\Schematics\UCL-MB-802154RT-1\Ethernet.SchDoc with C-12pF-0603 from Components.SchLib
Replace Part C? C-12pF-0603 in D:\OneDrive\Documents\HES-SO\TM\Schematics\UCL-MB-802154RT-1\Ethernet.SchDoc with C-12pF-0603 from Components.SchLib
Replace Part C? C-22nF-0603 in D:\OneDrive\Documents\HES-SO\TM\Schematics\UCL-MB-802154RT-1\Ethernet.SchDoc with C-22nF-0603 from Components.SchLib
Replace Part C? C-10pF-0603 in D:\OneDrive\Documents\HES-SO\TM\Schematics\UCL-MB-802154RT-1\Ethernet.SchDoc with C-10pF-0603 from Components.SchLib
Replace Part C? C-10pF-0603 in D:\OneDrive\Documents\HES-SO\TM\Schematics\UCL-MB-802154RT-1\Ethernet.SchDoc with C-10pF-0603 from Components.SchLib
Replace Part C? C-10pF-0603 in D:\OneDrive\Documents\HES-SO\TM\Schematics\UCL-MB-802154RT-1\Ethernet.SchDoc with C-10pF-0603 from Components.SchLib
Replace Part C? C-10pF-0603 in D:\OneDrive\Documents\HES-SO\TM\Schematics\UCL-MB-802154RT-1\Ethernet.SchDoc with C-10pF-0603 from Components.SchLib
Replace Part J? ARJE-0034 in D:\OneDrive\Documents\HES-SO\TM\Schematics\UCL-MB-802154RT-1\Ethernet.SchDoc with ARJE-0034 from Components.SchLib
Replace Part R? R-0R-0603 in D:\OneDrive\Documents\HES-SO\TM\Schematics\UCL-MB-802154RT-1\Ethernet.SchDoc with R-0R-0603 from Components.SchLib
Replace Part R? R-0R-0603 in D:\OneDrive\Documents\HES-SO\TM\Schematics\UCL-MB-802154RT-1\Ethernet.SchDoc with R-0R-0603 from Components.SchLib
Replace Part R? R-4K7-0603 in D:\OneDrive\Documents\HES-SO\TM\Schematics\UCL-MB-802154RT-1\Ethernet.SchDoc with R-4K7-0603 from Components.SchLib
Replace Part R? R-330R-0603 in D:\OneDrive\Documents\HES-SO\TM\Schematics\UCL-MB-802154RT-1\Ethernet.SchDoc with R-330R-0603 from Components.SchLib
Replace Part R? R-330R-0603 in D:\OneDrive\Documents\HES-SO\TM\Schematics\UCL-MB-802154RT-1\Ethernet.SchDoc with R-330R-0603 from Components.SchLib
Replace Part R? R-49R9-0603 in D:\OneDrive\Documents\HES-SO\TM\Schematics\UCL-MB-802154RT-1\Ethernet.SchDoc with R-49R9-0603 from Components.SchLib
Replace Part R? R-49R9-0603 in D:\OneDrive\Documents\HES-SO\TM\Schematics\UCL-MB-802154RT-1\Ethernet.SchDoc with R-49R9-0603 from Components.SchLib
Replace Part R? R-49R9-0603 in D:\OneDrive\Documents\HES-SO\TM\Schematics\UCL-MB-802154RT-1\Ethernet.SchDoc with R-49R9-0603 from Components.SchLib
Replace Part R? R-49R9-0603 in D:\OneDrive\Documents\HES-SO\TM\Schematics\UCL-MB-802154RT-1\Ethernet.SchDoc with R-49R9-0603 from Components.SchLib
Replace Part R? R-1K5-0603 in D:\OneDrive\Documents\HES-SO\TM\Schematics\UCL-MB-802154RT-1\Ethernet.SchDoc with R-1K5-0603 from Components.SchLib
Replace Part R? R-12K4-1%-0603 in D:\OneDrive\Documents\HES-SO\TM\Schematics\UCL-MB-802154RT-1\Ethernet.SchDoc with R-12K4-1%-0603 from Components.SchLib
Replace Part R? R-0R-0603 in D:\OneDrive\Documents\HES-SO\TM\Schematics\UCL-MB-802154RT-1\Ethernet.SchDoc with R-0R-0603 from Components.SchLib
Replace Part R? R-0R-0603 in D:\OneDrive\Documents\HES-SO\TM\Schematics\UCL-MB-802154RT-1\Ethernet.SchDoc with R-0R-0603 from Components.SchLib
Replace Part R? R-0R-0603 in D:\OneDrive\Documents\HES-SO\TM\Schematics\UCL-MB-802154RT-1\Ethernet.SchDoc with R-0R-0603 from Components.SchLib
Replace Part R? R-0R-0603 in D:\OneDrive\Documents\HES-SO\TM\Schematics\UCL-MB-802154RT-1\Ethernet.SchDoc with R-0R-0603 from Components.SchLib
Replace Part R? R-0R-0603 in D:\OneDrive\Documents\HES-SO\TM\Schematics\UCL-MB-802154RT-1\Ethernet.SchDoc with R-0R-0603 from Components.SchLib
Replace Part R? R-0R-0603 in D:\OneDrive\Documents\HES-SO\TM\Schematics\UCL-MB-802154RT-1\Ethernet.SchDoc with R-0R-0603 from Components.SchLib
Replace Part R? R-0R-0603 in D:\OneDrive\Documents\HES-SO\TM\Schematics\UCL-MB-802154RT-1\Ethernet.SchDoc with R-0R-0603 from Components.SchLib
Replace Part R? R-100R-0603 in D:\OneDrive\Documents\HES-SO\TM\Schematics\UCL-MB-802154RT-1\Ethernet.SchDoc with R-100R-0603 from Components.SchLib
Replace Part R? R-100R-0603 in D:\OneDrive\Documents\HES-SO\TM\Schematics\UCL-MB-802154RT-1\Ethernet.SchDoc with R-100R-0603 from Components.SchLib
Replace Part R? R-4K7-0603 in D:\OneDrive\Documents\HES-SO\TM\Schematics\UCL-MB-802154RT-1\Ethernet.SchDoc with R-4K7-0603 from Components.SchLib
Replace Part R? R-100R-0603 in D:\OneDrive\Documents\HES-SO\TM\Schematics\UCL-MB-802154RT-1\Ethernet.SchDoc with R-100R-0603 from Components.SchLib
Replace Part R? R-100R-0603 in D:\OneDrive\Documents\HES-SO\TM\Schematics\UCL-MB-802154RT-1\Ethernet.SchDoc with R-100R-0603 from Components.SchLib
Replace Part R? R-100R-0603 in D:\OneDrive\Documents\HES-SO\TM\Schematics\UCL-MB-802154RT-1\Ethernet.SchDoc with R-100R-0603 from Components.SchLib
Replace Part R? R-100R-0603 in D:\OneDrive\Documents\HES-SO\TM\Schematics\UCL-MB-802154RT-1\Ethernet.SchDoc with R-100R-0603 from Components.SchLib
Replace Part R? R-100R-0603 in D:\OneDrive\Documents\HES-SO\TM\Schematics\UCL-MB-802154RT-1\Ethernet.SchDoc with R-100R-0603 from Components.SchLib
Replace Part R? R-100R-0603 in D:\OneDrive\Documents\HES-SO\TM\Schematics\UCL-MB-802154RT-1\Ethernet.SchDoc with R-100R-0603 from Components.SchLib
Replace Part R? R-100R-0603 in D:\OneDrive\Documents\HES-SO\TM\Schematics\UCL-MB-802154RT-1\Ethernet.SchDoc with R-100R-0603 from Components.SchLib
Replace Part R? R-100R-0603 in D:\OneDrive\Documents\HES-SO\TM\Schematics\UCL-MB-802154RT-1\Ethernet.SchDoc with R-100R-0603 from Components.SchLib
Replace Part U? LAN8187-JT in D:\OneDrive\Documents\HES-SO\TM\Schematics\UCL-MB-802154RT-1\Ethernet.SchDoc with LAN8187-JT from Components.SchLib
Replace Part Y? 830107871909 in D:\OneDrive\Documents\HES-SO\TM\Schematics\UCL-MB-802154RT-1\Ethernet.SchDoc with 830107871909 from Components.SchLib
