Replace Part C42 C-100nF-0603 in D:\OneDrive\Documents\HES-SO\TM\Schematics\UCL-MB-802154RT-1\Top.SchDoc with C-100nF-0603 from Components.SchLib
Replace Part C43 C-100nF-0603 in D:\OneDrive\Documents\HES-SO\TM\Schematics\UCL-MB-802154RT-1\Top.SchDoc with C-100nF-0603 from Components.SchLib
Replace Part C44 C-100nF-0603 in D:\OneDrive\Documents\HES-SO\TM\Schematics\UCL-MB-802154RT-1\Top.SchDoc with C-100nF-0603 from Components.SchLib
Replace Part C47 C-100nF-0603 in D:\OneDrive\Documents\HES-SO\TM\Schematics\UCL-MB-802154RT-1\Top.SchDoc with C-100nF-0603 from Components.SchLib
Replace Part C48 C-100nF-0603 in D:\OneDrive\Documents\HES-SO\TM\Schematics\UCL-MB-802154RT-1\Top.SchDoc with C-100nF-0603 from Components.SchLib
Replace Part J7 UCL-CPUM-H7-1 in D:\OneDrive\Documents\HES-SO\TM\Schematics\UCL-MB-802154RT-1\Top.SchDoc with UCL-CPUM-H7-1 from Components.SchLib
Replace Part J8 I2C_Header in D:\OneDrive\Documents\HES-SO\TM\Schematics\UCL-MB-802154RT-1\Top.SchDoc with I2C_Header from Components.SchLib
Replace Part J9 SMA_733910080 in D:\OneDrive\Documents\HES-SO\TM\Schematics\UCL-MB-802154RT-1\Top.SchDoc with SMA_733910080 from Components.SchLib
Replace Part J10 SPI_Header in D:\OneDrive\Documents\HES-SO\TM\Schematics\UCL-MB-802154RT-1\Top.SchDoc with SPI_Header from Components.SchLib
Replace Part J11 SMA_733910080 in D:\OneDrive\Documents\HES-SO\TM\Schematics\UCL-MB-802154RT-1\Top.SchDoc with SMA_733910080 from Components.SchLib
Replace Part J12 SPI_Header in D:\OneDrive\Documents\HES-SO\TM\Schematics\UCL-MB-802154RT-1\Top.SchDoc with SPI_Header from Components.SchLib
Replace Part J13 UART_Header in D:\OneDrive\Documents\HES-SO\TM\Schematics\UCL-MB-802154RT-1\Top.SchDoc with UART_Header from Components.SchLib
Replace Part J14 JTAG_Header in D:\OneDrive\Documents\HES-SO\TM\Schematics\UCL-MB-802154RT-1\Top.SchDoc with JTAG_Header from Components.SchLib
Replace Part J15 GPIO_Header in D:\OneDrive\Documents\HES-SO\TM\Schematics\UCL-MB-802154RT-1\Top.SchDoc with GPIO_Header from Components.SchLib
Replace Part M1 Screw_M3x5 in D:\OneDrive\Documents\HES-SO\TM\Schematics\UCL-MB-802154RT-1\Top.SchDoc with Screw_M3x5 from Components.SchLib
Replace Part M2 Screw_M3x5 in D:\OneDrive\Documents\HES-SO\TM\Schematics\UCL-MB-802154RT-1\Top.SchDoc with Screw_M3x5 from Components.SchLib
Replace Part M3 Standoff_hex_M3_15mm_25512 in D:\OneDrive\Documents\HES-SO\TM\Schematics\UCL-MB-802154RT-1\Top.SchDoc with Standoff_hex_M3_15mm_25512 from Components.SchLib
Replace Part M4 Standoff_hex_M3_15mm_25512 in D:\OneDrive\Documents\HES-SO\TM\Schematics\UCL-MB-802154RT-1\Top.SchDoc with Standoff_hex_M3_15mm_25512 from Components.SchLib
Replace Part M5 Standoff_hex_M3_15mm_25512 in D:\OneDrive\Documents\HES-SO\TM\Schematics\UCL-MB-802154RT-1\Top.SchDoc with Standoff_hex_M3_15mm_25512 from Components.SchLib
Replace Part M6 Standoff_hex_M3_15mm_25512 in D:\OneDrive\Documents\HES-SO\TM\Schematics\UCL-MB-802154RT-1\Top.SchDoc with Standoff_hex_M3_15mm_25512 from Components.SchLib
Replace Part M7 Screw_M3x5 in D:\OneDrive\Documents\HES-SO\TM\Schematics\UCL-MB-802154RT-1\Top.SchDoc with Screw_M3x5 from Components.SchLib
Replace Part M8 Screw_M3x5 in D:\OneDrive\Documents\HES-SO\TM\Schematics\UCL-MB-802154RT-1\Top.SchDoc with Screw_M3x5 from Components.SchLib
Replace Part R48 R-10K-0603 in D:\OneDrive\Documents\HES-SO\TM\Schematics\UCL-MB-802154RT-1\Top.SchDoc with R-10K-0603 from Components.SchLib
Replace Part R49 R-0R-0603 in D:\OneDrive\Documents\HES-SO\TM\Schematics\UCL-MB-802154RT-1\Top.SchDoc with R-0R-0603 from Components.SchLib
Replace Part R50 R-0R-0603 in D:\OneDrive\Documents\HES-SO\TM\Schematics\UCL-MB-802154RT-1\Top.SchDoc with R-0R-0603 from Components.SchLib
Replace Part R51 R-0R-0603 in D:\OneDrive\Documents\HES-SO\TM\Schematics\UCL-MB-802154RT-1\Top.SchDoc with R-0R-0603 from Components.SchLib
Replace Part R52 R-10K-0603 in D:\OneDrive\Documents\HES-SO\TM\Schematics\UCL-MB-802154RT-1\Top.SchDoc with R-10K-0603 from Components.SchLib
Replace Part R53 R-0R-0603 in D:\OneDrive\Documents\HES-SO\TM\Schematics\UCL-MB-802154RT-1\Top.SchDoc with R-0R-0603 from Components.SchLib
Replace Part R54 R-0R-0603 in D:\OneDrive\Documents\HES-SO\TM\Schematics\UCL-MB-802154RT-1\Top.SchDoc with R-0R-0603 from Components.SchLib
Replace Part R55 R-0R-0603 in D:\OneDrive\Documents\HES-SO\TM\Schematics\UCL-MB-802154RT-1\Top.SchDoc with R-0R-0603 from Components.SchLib
Replace Part R56 R-0R-0603 in D:\OneDrive\Documents\HES-SO\TM\Schematics\UCL-MB-802154RT-1\Top.SchDoc with R-0R-0603 from Components.SchLib
Replace Part R57 R-0R-0603 in D:\OneDrive\Documents\HES-SO\TM\Schematics\UCL-MB-802154RT-1\Top.SchDoc with R-0R-0603 from Components.SchLib
Replace Part R58 R-0R-0603 in D:\OneDrive\Documents\HES-SO\TM\Schematics\UCL-MB-802154RT-1\Top.SchDoc with R-0R-0603 from Components.SchLib
Replace Part R59 R-0R-0603 in D:\OneDrive\Documents\HES-SO\TM\Schematics\UCL-MB-802154RT-1\Top.SchDoc with R-0R-0603 from Components.SchLib
Replace Part R60 R-0R-0603 in D:\OneDrive\Documents\HES-SO\TM\Schematics\UCL-MB-802154RT-1\Top.SchDoc with R-0R-0603 from Components.SchLib
Replace Part R61 R-0R-0603 in D:\OneDrive\Documents\HES-SO\TM\Schematics\UCL-MB-802154RT-1\Top.SchDoc with R-0R-0603 from Components.SchLib
Replace Part R62 R-0R-0603 in D:\OneDrive\Documents\HES-SO\TM\Schematics\UCL-MB-802154RT-1\Top.SchDoc with R-0R-0603 from Components.SchLib
Replace Part R63 R-0R-0603 in D:\OneDrive\Documents\HES-SO\TM\Schematics\UCL-MB-802154RT-1\Top.SchDoc with R-0R-0603 from Components.SchLib
Replace Part R64 R-0R-0603 in D:\OneDrive\Documents\HES-SO\TM\Schematics\UCL-MB-802154RT-1\Top.SchDoc with R-0R-0603 from Components.SchLib
Replace Part R65 R-0R-0603 in D:\OneDrive\Documents\HES-SO\TM\Schematics\UCL-MB-802154RT-1\Top.SchDoc with R-0R-0603 from Components.SchLib
Replace Part R66 R-10K-0603 in D:\OneDrive\Documents\HES-SO\TM\Schematics\UCL-MB-802154RT-1\Top.SchDoc with R-10K-0603 from Components.SchLib
Replace Part R67 R-10K-0603 in D:\OneDrive\Documents\HES-SO\TM\Schematics\UCL-MB-802154RT-1\Top.SchDoc with R-10K-0603 from Components.SchLib
Replace Part R68 R-10K-0603 in D:\OneDrive\Documents\HES-SO\TM\Schematics\UCL-MB-802154RT-1\Top.SchDoc with R-10K-0603 from Components.SchLib
Replace Part S1 TL3305AF260QG in D:\OneDrive\Documents\HES-SO\TM\Schematics\UCL-MB-802154RT-1\Top.SchDoc with TL3305AF260QG from Components.SchLib
Replace Part S2 TL3305AF260QG in D:\OneDrive\Documents\HES-SO\TM\Schematics\UCL-MB-802154RT-1\Top.SchDoc with TL3305AF260QG from Components.SchLib
