Removed Pin From Net: NetName=3V3 Pin=C46-1
Added Component: Designator=C1(Capacitor-0603)
Add component. Clean all parameters for all variants
Add component (AddParameter): Name = "Supplier 1"; Value = "Digi-Key"; VariantName = "[No Variations]"
Add component (AddParameter): Name = "Supplier Part Number 1"; Value = "1276-1006-1-ND"; VariantName = "[No Variations]"
Add component (AddParameter): Name = "Value"; Value = "100nF"; VariantName = "[No Variations]"
Added Component: Designator=C2(Capacitor-0603)
Add component. Clean all parameters for all variants
Add component (AddParameter): Name = "Value"; Value = "10pF"; VariantName = "[No Variations]"
Added Component: Designator=C3(Capacitor-0603)
Add component. Clean all parameters for all variants
Add component (AddParameter): Name = "Value"; Value = "10pF"; VariantName = "[No Variations]"
Added Component: Designator=C4(Capacitor-0603)
Add component. Clean all parameters for all variants
Add component (AddParameter): Name = "Value"; Value = "10pF"; VariantName = "[No Variations]"
Added Component: Designator=C5(Capacitor-0603)
Add component. Clean all parameters for all variants
Add component (AddParameter): Name = "Value"; Value = "10pF"; VariantName = "[No Variations]"
Added Component: Designator=C6(Capacitor-0603)
Add component. Clean all parameters for all variants
Add component (AddParameter): Name = "Supplier 1"; Value = "Digi-Key"; VariantName = "[No Variations]"
Add component (AddParameter): Name = "Supplier Part Number 1"; Value = "445-5663-1-ND"; VariantName = "[No Variations]"
Add component (AddParameter): Name = "Value"; Value = "22nF"; VariantName = "[No Variations]"
Added Component: Designator=C7(Capacitor-0603)
Add component. Clean all parameters for all variants
Add component (AddParameter): Name = "Supplier 1"; Value = "Digi-Key"; VariantName = "[No Variations]"
Add component (AddParameter): Name = "Supplier Part Number 1"; Value = "1276-1006-1-ND"; VariantName = "[No Variations]"
Add component (AddParameter): Name = "Value"; Value = "100nF"; VariantName = "[No Variations]"
Added Component: Designator=C8(Capacitor-0603)
Add component. Clean all parameters for all variants
Add component (AddParameter): Name = "Value"; Value = "4.7uF"; VariantName = "[No Variations]"
Added Component: Designator=C9(Capacitor-0603)
Add component. Clean all parameters for all variants
Add component (AddParameter): Name = "Supplier 1"; Value = "Digi-Key"; VariantName = "[No Variations]"
Add component (AddParameter): Name = "Supplier Part Number 1"; Value = "1276-1006-1-ND"; VariantName = "[No Variations]"
Add component (AddParameter): Name = "Value"; Value = "100nF"; VariantName = "[No Variations]"
Added Component: Designator=C10(Capacitor-0603)
Add component. Clean all parameters for all variants
Add component (AddParameter): Name = "Value"; Value = "4.7uF"; VariantName = "[No Variations]"
Added Component: Designator=C11(Capacitor-0603)
Add component. Clean all parameters for all variants
Add component (AddParameter): Name = "Supplier 1"; Value = "Digi-Key"; VariantName = "[No Variations]"
Add component (AddParameter): Name = "Supplier Part Number 1"; Value = "1276-1006-1-ND"; VariantName = "[No Variations]"
Add component (AddParameter): Name = "Value"; Value = "100nF"; VariantName = "[No Variations]"
Added Component: Designator=C12(Capacitor-0603)
Add component. Clean all parameters for all variants
Add component (AddParameter): Name = "Supplier 1"; Value = "Digi-Key"; VariantName = "[No Variations]"
Add component (AddParameter): Name = "Supplier Part Number 1"; Value = "1276-1006-1-ND"; VariantName = "[No Variations]"
Add component (AddParameter): Name = "Value"; Value = "100nF"; VariantName = "[No Variations]"
Added Component: Designator=C13(Capacitor-0603)
Add component. Clean all parameters for all variants
Add component (AddParameter): Name = "Value"; Value = "4.7uF"; VariantName = "[No Variations]"
Added Component: Designator=C14(Capacitor-0603)
Add component. Clean all parameters for all variants
Add component (AddParameter): Name = "Value"; Value = "12pF"; VariantName = "[No Variations]"
Added Component: Designator=C15(Capacitor-0603)
Add component. Clean all parameters for all variants
Add component (AddParameter): Name = "Value"; Value = "12pF"; VariantName = "[No Variations]"
Added Component: Designator=C16(SM/C_0603)
Add component. Clean all parameters for all variants
Add component (AddParameter): Name = "ESR"; Value = ""; VariantName = "[No Variations]"
Add component (AddParameter): Name = "Fabricant"; Value = "Murata"; VariantName = "[No Variations]"
Add component (AddParameter): Name = "Fabricant_Ref"; Value = "GRM188R60J475KE19D"; VariantName = "[No Variations]"
Add component (AddParameter): Name = "IRMS"; Value = ""; VariantName = "[No Variations]"
Add component (AddParameter): Name = "Supplier 1"; Value = "Digi-Key"; VariantName = "[No Variations]"
Add component (AddParameter): Name = "Supplier 1b"; Value = "DigiReel"; VariantName = "[No Variations]"
Add component (AddParameter): Name = "Supplier Part Number 1"; Value = "490-7203-1-ND"; VariantName = "[No Variations]"
Add component (AddParameter): Name = "Supplier Part Number 1b"; Value = "490-3297-6-ND"; VariantName = "[No Variations]"
Add component (AddParameter): Name = "Technologie"; Value = "X5R"; VariantName = "[No Variations]"
Add component (AddParameter): Name = "Tolerance"; Value = "10%"; VariantName = "[No Variations]"
Add component (AddParameter): Name = "Value"; Value = "4.7uF"; VariantName = "[No Variations]"
Add component (AddParameter): Name = "Voltage"; Value = "6.3V"; VariantName = "[No Variations]"
Added Component: Designator=C17(SM/C_0402)
Add component. Clean all parameters for all variants
Add component (AddParameter): Name = "ESR"; Value = ""; VariantName = "[No Variations]"
Add component (AddParameter): Name = "Fabricant"; Value = "Murata"; VariantName = "[No Variations]"
Add component (AddParameter): Name = "Fabricant_Ref"; Value = "GRM1555C1H102FA01D"; VariantName = "[No Variations]"
Add component (AddParameter): Name = "IRMS"; Value = ""; VariantName = "[No Variations]"
Add component (AddParameter): Name = "Supplier 1"; Value = "Digi-Key"; VariantName = "[No Variations]"
Add component (AddParameter): Name = "Supplier 1b"; Value = "DigiReel"; VariantName = "[No Variations]"
Add component (AddParameter): Name = "Supplier 2"; Value = "Mouser"; VariantName = "[No Variations]"
Add component (AddParameter): Name = "Supplier Part Number 1"; Value = "490-6189-1-ND"; VariantName = "[No Variations]"
Add component (AddParameter): Name = "Supplier Part Number 1b"; Value = "490-6189-6-ND"; VariantName = "[No Variations]"
Add component (AddParameter): Name = "Supplier Part Number 2"; Value = "81-GRM1555C1H102FA1D"; VariantName = "[No Variations]"
Add component (AddParameter): Name = "Technologie"; Value = "NPO"; VariantName = "[No Variations]"
Add component (AddParameter): Name = "Tolerance"; Value = "1%"; VariantName = "[No Variations]"
Add component (AddParameter): Name = "Value"; Value = "1nF"; VariantName = "[No Variations]"
Add component (AddParameter): Name = "Voltage"; Value = "50V"; VariantName = "[No Variations]"
Added Component: Designator=C18(SM/C_0402)
Add component. Clean all parameters for all variants
Add component (AddParameter): Name = "ESR"; Value = ""; VariantName = "[No Variations]"
Add component (AddParameter): Name = "Fabricant"; Value = "Murata"; VariantName = "[No Variations]"
Add component (AddParameter): Name = "Fabricant_Ref"; Value = "GRM155R71H103KA88J"; VariantName = "[No Variations]"
Add component (AddParameter): Name = "IRMS"; Value = ""; VariantName = "[No Variations]"
Add component (AddParameter): Name = "Supplier 1"; Value = "Digi-Key"; VariantName = "[No Variations]"
Add component (AddParameter): Name = "Supplier 2"; Value = "Mouser"; VariantName = "[No Variations]"
Add component (AddParameter): Name = "Supplier Part Number 1"; Value = "490-4762-1-ND"; VariantName = "[No Variations]"
Add component (AddParameter): Name = "Supplier Part Number 2"; Value = "81-GCM155R71H103KA5D"; VariantName = "[No Variations]"
Add component (AddParameter): Name = "Technologie"; Value = "X7R"; VariantName = "[No Variations]"
Add component (AddParameter): Name = "Tolerance"; Value = "10%"; VariantName = "[No Variations]"
Add component (AddParameter): Name = "Value"; Value = "10nF"; VariantName = "[No Variations]"
Add component (AddParameter): Name = "Voltage"; Value = "50V"; VariantName = "[No Variations]"
Added Component: Designator=C19(SM/C_0402)
Add component. Clean all parameters for all variants
Add component (AddParameter): Name = "ESR"; Value = ""; VariantName = "[No Variations]"
Add component (AddParameter): Name = "Fabricant"; Value = "TDK"; VariantName = "[No Variations]"
Add component (AddParameter): Name = "Fabricant_Ref"; Value = "C1005C0G1H330J050BA"; VariantName = "[No Variations]"
Add component (AddParameter): Name = "IRMS"; Value = ""; VariantName = "[No Variations]"
Add component (AddParameter): Name = "Supplier 1"; Value = "Digi-Key"; VariantName = "[No Variations]"
Add component (AddParameter): Name = "Supplier 1b"; Value = "DigiReel"; VariantName = "[No Variations]"
Add component (AddParameter): Name = "Supplier 2"; Value = "Mouser"; VariantName = "[No Variations]"
Add component (AddParameter): Name = "Supplier Part Number 1"; Value = "445-1241-1-ND"; VariantName = "[No Variations]"
Add component (AddParameter): Name = "Supplier Part Number 1b"; Value = "445-1241-6-ND"; VariantName = "[No Variations]"
Add component (AddParameter): Name = "Supplier Part Number 2"; Value = "810-C1005C0G1H330J"; VariantName = "[No Variations]"
Add component (AddParameter): Name = "Technologie"; Value = "NPO"; VariantName = "[No Variations]"
Add component (AddParameter): Name = "Tolerance"; Value = "5%"; VariantName = "[No Variations]"
Add component (AddParameter): Name = "Value"; Value = "33pF"; VariantName = "[No Variations]"
Add component (AddParameter): Name = "Voltage"; Value = "50V"; VariantName = "[No Variations]"
Added Component: Designator=C20(SM/C_0402)
Add component. Clean all parameters for all variants
Add component (AddParameter): Name = "ESR"; Value = ""; VariantName = "[No Variations]"
Add component (AddParameter): Name = "Fabricant"; Value = "Murata"; VariantName = "[No Variations]"
Add component (AddParameter): Name = "Fabricant_Ref"; Value = "GRM1555C1H101FA01J"; VariantName = "[No Variations]"
Add component (AddParameter): Name = "IRMS"; Value = ""; VariantName = "[No Variations]"
Add component (AddParameter): Name = "Supplier 1"; Value = "Digi-Key"; VariantName = "[No Variations]"
Add component (AddParameter): Name = "Supplier 2"; Value = "Mouser"; VariantName = "[No Variations]"
Add component (AddParameter): Name = "Supplier Part Number 1"; Value = "490-7753-1-ND"; VariantName = "[No Variations]"
Add component (AddParameter): Name = "Supplier Part Number 2"; Value = "81-GRM1555C1H101FA1J"; VariantName = "[No Variations]"
Add component (AddParameter): Name = "Technologie"; Value = "NPO"; VariantName = "[No Variations]"
Add component (AddParameter): Name = "Tolerance"; Value = "1%"; VariantName = "[No Variations]"
Add component (AddParameter): Name = "Value"; Value = "100pF"; VariantName = "[No Variations]"
Add component (AddParameter): Name = "Voltage"; Value = "50V"; VariantName = "[No Variations]"
Added Component: Designator=C21(SM/C_0402)
Add component. Clean all parameters for all variants
Add component (AddParameter): Name = "ESR"; Value = ""; VariantName = "[No Variations]"
Add component (AddParameter): Name = "Fabricant"; Value = "Murata"; VariantName = "[No Variations]"
Add component (AddParameter): Name = "Fabricant_Ref"; Value = "GRM188R60J475KE19D"; VariantName = "[No Variations]"
Add component (AddParameter): Name = "IRMS"; Value = ""; VariantName = "[No Variations]"
Add component (AddParameter): Name = "Supplier 1"; Value = "Digi-Key"; VariantName = "[No Variations]"
Add component (AddParameter): Name = "Supplier 1b"; Value = "DigiReel"; VariantName = "[No Variations]"
Add component (AddParameter): Name = "Supplier Part Number 1"; Value = "490-11191-1-ND"; VariantName = "[No Variations]"
Add component (AddParameter): Name = "Supplier Part Number 1b"; Value = "490-3297-6-ND"; VariantName = "[No Variations]"
Add component (AddParameter): Name = "Technologie"; Value = "X5R"; VariantName = "[No Variations]"
Add component (AddParameter): Name = "Tolerance"; Value = "10%"; VariantName = "[No Variations]"
Add component (AddParameter): Name = "Value"; Value = "15pF"; VariantName = "[No Variations]"
Add component (AddParameter): Name = "Voltage"; Value = "6.3V"; VariantName = "[No Variations]"
Added Component: Designator=C22(SM/C_0402)
Add component. Clean all parameters for all variants
Add component (AddParameter): Name = "ESR"; Value = ""; VariantName = "[No Variations]"
Add component (AddParameter): Name = "Fabricant"; Value = "Murata"; VariantName = "[No Variations]"
Add component (AddParameter): Name = "Fabricant_Ref"; Value = "GRM1555C1H220FA01D"; VariantName = "[No Variations]"
Add component (AddParameter): Name = "IRMS"; Value = ""; VariantName = "[No Variations]"
Add component (AddParameter): Name = "Supplier 1"; Value = "Digi-Key"; VariantName = "[No Variations]"
Add component (AddParameter): Name = "Supplier 2"; Value = "Mouser"; VariantName = "[No Variations]"
Add component (AddParameter): Name = "Supplier Part Number 1"; Value = "490-8589-1-ND"; VariantName = "[No Variations]"
Add component (AddParameter): Name = "Supplier Part Number 2"; Value = "81-GRM1555C1H220FA1D"; VariantName = "[No Variations]"
Add component (AddParameter): Name = "Technologie"; Value = "NPO"; VariantName = "[No Variations]"
Add component (AddParameter): Name = "Tolerance"; Value = "1%"; VariantName = "[No Variations]"
Add component (AddParameter): Name = "Value"; Value = "22pF"; VariantName = "[No Variations]"
Add component (AddParameter): Name = "Voltage"; Value = "50V"; VariantName = "[No Variations]"
Added Component: Designator=C23(SM/C_0402)
Add component. Clean all parameters for all variants
Add component (AddParameter): Name = "ESR"; Value = ""; VariantName = "[No Variations]"
Add component (AddParameter): Name = "Fabricant"; Value = "Murata"; VariantName = "[No Variations]"
Add component (AddParameter): Name = "Fabricant_Ref"; Value = "GRM188R60J475KE19D"; VariantName = "[No Variations]"
Add component (AddParameter): Name = "IRMS"; Value = ""; VariantName = "[No Variations]"
Add component (AddParameter): Name = "Supplier 1"; Value = "Digi-Key"; VariantName = "[No Variations]"
Add component (AddParameter): Name = "Supplier 1b"; Value = "DigiReel"; VariantName = "[No Variations]"
Add component (AddParameter): Name = "Supplier Part Number 1"; Value = "490-11240-1-ND"; VariantName = "[No Variations]"
Add component (AddParameter): Name = "Supplier Part Number 1b"; Value = "490-3297-6-ND"; VariantName = "[No Variations]"
Add component (AddParameter): Name = "Technologie"; Value = "X5R"; VariantName = "[No Variations]"
Add component (AddParameter): Name = "Tolerance"; Value = "10%"; VariantName = "[No Variations]"
Add component (AddParameter): Name = "Value"; Value = "8.2pF"; VariantName = "[No Variations]"
Add component (AddParameter): Name = "Voltage"; Value = "6.3V"; VariantName = "[No Variations]"
Added Component: Designator=C24(SM/C_0402)
Add component. Clean all parameters for all variants
Add component (AddParameter): Name = "ESR"; Value = ""; VariantName = "[No Variations]"
Add component (AddParameter): Name = "Fabricant"; Value = "Murata"; VariantName = "[No Variations]"
Add component (AddParameter): Name = "Fabricant_Ref"; Value = "GRM155R71H103KA88J"; VariantName = "[No Variations]"
Add component (AddParameter): Name = "IRMS"; Value = ""; VariantName = "[No Variations]"
Add component (AddParameter): Name = "Supplier 1"; Value = "Digi-Key"; VariantName = "[No Variations]"
Add component (AddParameter): Name = "Supplier 2"; Value = "Mouser"; VariantName = "[No Variations]"
Add component (AddParameter): Name = "Supplier Part Number 1"; Value = "1276-6720-1-ND"; VariantName = "[No Variations]"
Add component (AddParameter): Name = "Supplier Part Number 2"; Value = "710-885012205037"; VariantName = "[No Variations]"
Add component (AddParameter): Name = "Technologie"; Value = "X7R"; VariantName = "[No Variations]"
Add component (AddParameter): Name = "Tolerance"; Value = "10%"; VariantName = "[No Variations]"
Add component (AddParameter): Name = "Value"; Value = "100nF"; VariantName = "[No Variations]"
Add component (AddParameter): Name = "Voltage"; Value = "25V"; VariantName = "[No Variations]"
Added Component: Designator=C25(SM/C_0402)
Add component. Clean all parameters for all variants
Add component (AddParameter): Name = "ESR"; Value = ""; VariantName = "[No Variations]"
Add component (AddParameter): Name = "Fabricant"; Value = "Murata"; VariantName = "[No Variations]"
Add component (AddParameter): Name = "Fabricant_Ref"; Value = "GRM155R71H103KA88J"; VariantName = "[No Variations]"
Add component (AddParameter): Name = "IRMS"; Value = ""; VariantName = "[No Variations]"
Add component (AddParameter): Name = "Supplier 1"; Value = "Digi-Key"; VariantName = "[No Variations]"
Add component (AddParameter): Name = "Supplier 2"; Value = "Mouser"; VariantName = "[No Variations]"
Add component (AddParameter): Name = "Supplier Part Number 1"; Value = "1276-6720-1-ND"; VariantName = "[No Variations]"
Add component (AddParameter): Name = "Supplier Part Number 2"; Value = "710-885012205037"; VariantName = "[No Variations]"
Add component (AddParameter): Name = "Technologie"; Value = "X7R"; VariantName = "[No Variations]"
Add component (AddParameter): Name = "Tolerance"; Value = "10%"; VariantName = "[No Variations]"
Add component (AddParameter): Name = "Value"; Value = "100nF"; VariantName = "[No Variations]"
Add component (AddParameter): Name = "Voltage"; Value = "25V"; VariantName = "[No Variations]"
Added Component: Designator=C26(SM/C_0402)
Add component. Clean all parameters for all variants
Add component (AddParameter): Name = "ESR"; Value = ""; VariantName = "[No Variations]"
Add component (AddParameter): Name = "Fabricant"; Value = "Murata"; VariantName = "[No Variations]"
Add component (AddParameter): Name = "Fabricant_Ref"; Value = "GRM155R71H103KA88J"; VariantName = "[No Variations]"
Add component (AddParameter): Name = "IRMS"; Value = ""; VariantName = "[No Variations]"
Add component (AddParameter): Name = "Supplier 1"; Value = "Digi-Key"; VariantName = "[No Variations]"
Add component (AddParameter): Name = "Supplier 2"; Value = "Mouser"; VariantName = "[No Variations]"
Add component (AddParameter): Name = "Supplier Part Number 1"; Value = "1276-6720-1-ND"; VariantName = "[No Variations]"
Add component (AddParameter): Name = "Supplier Part Number 2"; Value = "710-885012205037"; VariantName = "[No Variations]"
Add component (AddParameter): Name = "Technologie"; Value = "X7R"; VariantName = "[No Variations]"
Add component (AddParameter): Name = "Tolerance"; Value = "10%"; VariantName = "[No Variations]"
Add component (AddParameter): Name = "Value"; Value = "100nF"; VariantName = "[No Variations]"
Add component (AddParameter): Name = "Voltage"; Value = "25V"; VariantName = "[No Variations]"
Added Component: Designator=C27(SM/C_0402)
Add component. Clean all parameters for all variants
Add component (AddParameter): Name = "ESR"; Value = ""; VariantName = "[No Variations]"
Add component (AddParameter): Name = "Fabricant"; Value = "Murata"; VariantName = "[No Variations]"
Add component (AddParameter): Name = "Fabricant_Ref"; Value = "GRM155R71H103KA88J"; VariantName = "[No Variations]"
Add component (AddParameter): Name = "IRMS"; Value = ""; VariantName = "[No Variations]"
Add component (AddParameter): Name = "Supplier 1"; Value = "Digi-Key"; VariantName = "[No Variations]"
Add component (AddParameter): Name = "Supplier 2"; Value = "Mouser"; VariantName = "[No Variations]"
Add component (AddParameter): Name = "Supplier Part Number 1"; Value = "1276-6720-1-ND"; VariantName = "[No Variations]"
Add component (AddParameter): Name = "Supplier Part Number 2"; Value = "710-885012205037"; VariantName = "[No Variations]"
Add component (AddParameter): Name = "Technologie"; Value = "X7R"; VariantName = "[No Variations]"
Add component (AddParameter): Name = "Tolerance"; Value = "10%"; VariantName = "[No Variations]"
Add component (AddParameter): Name = "Value"; Value = "100nF"; VariantName = "[No Variations]"
Add component (AddParameter): Name = "Voltage"; Value = "25V"; VariantName = "[No Variations]"
Added Component: Designator=C28(SM/C_0402)
Add component. Clean all parameters for all variants
Add component (AddParameter): Name = "ESR"; Value = ""; VariantName = "[No Variations]"
Add component (AddParameter): Name = "Fabricant"; Value = "Murata"; VariantName = "[No Variations]"
Add component (AddParameter): Name = "Fabricant_Ref"; Value = "GRM188R60J475KE19D"; VariantName = "[No Variations]"
Add component (AddParameter): Name = "IRMS"; Value = ""; VariantName = "[No Variations]"
Add component (AddParameter): Name = "Supplier 1"; Value = "Digi-Key"; VariantName = "[No Variations]"
Add component (AddParameter): Name = "Supplier 1b"; Value = "DigiReel"; VariantName = "[No Variations]"
Add component (AddParameter): Name = "Supplier Part Number 1"; Value = "490-6186-1-ND"; VariantName = "[No Variations]"
Add component (AddParameter): Name = "Supplier Part Number 1b"; Value = "490-3297-6-ND"; VariantName = "[No Variations]"
Add component (AddParameter): Name = "Technologie"; Value = "X5R"; VariantName = "[No Variations]"
Add component (AddParameter): Name = "Tolerance"; Value = "10%"; VariantName = "[No Variations]"
Add component (AddParameter): Name = "Value"; Value = "10pF"; VariantName = "[No Variations]"
Add component (AddParameter): Name = "Voltage"; Value = "6.3V"; VariantName = "[No Variations]"
Added Component: Designator=C29(SM/C_0402)
Add component. Clean all parameters for all variants
Add component (AddParameter): Name = "ESR"; Value = ""; VariantName = "[No Variations]"
Add component (AddParameter): Name = "Fabricant"; Value = "Murata"; VariantName = "[No Variations]"
Add component (AddParameter): Name = "Fabricant_Ref"; Value = "GRM188R60J475KE19D"; VariantName = "[No Variations]"
Add component (AddParameter): Name = "IRMS"; Value = ""; VariantName = "[No Variations]"
Add component (AddParameter): Name = "Supplier 1"; Value = "Digi-Key"; VariantName = "[No Variations]"
Add component (AddParameter): Name = "Supplier 1b"; Value = "DigiReel"; VariantName = "[No Variations]"
Add component (AddParameter): Name = "Supplier Part Number 1"; Value = "490-6186-1-ND"; VariantName = "[No Variations]"
Add component (AddParameter): Name = "Supplier Part Number 1b"; Value = "490-3297-6-ND"; VariantName = "[No Variations]"
Add component (AddParameter): Name = "Technologie"; Value = "X5R"; VariantName = "[No Variations]"
Add component (AddParameter): Name = "Tolerance"; Value = "10%"; VariantName = "[No Variations]"
Add component (AddParameter): Name = "Value"; Value = "10pF"; VariantName = "[No Variations]"
Add component (AddParameter): Name = "Voltage"; Value = "6.3V"; VariantName = "[No Variations]"
Added Component: Designator=C30(SM/C_0402)
Add component. Clean all parameters for all variants
Add component (AddParameter): Name = "ESR"; Value = ""; VariantName = "[No Variations]"
Add component (AddParameter): Name = "Fabricant"; Value = "Murata"; VariantName = "[No Variations]"
Add component (AddParameter): Name = "Fabricant_Ref"; Value = "GRM188R60J475KE19D"; VariantName = "[No Variations]"
Add component (AddParameter): Name = "IRMS"; Value = ""; VariantName = "[No Variations]"
Add component (AddParameter): Name = "Supplier 1"; Value = "Digi-Key"; VariantName = "[No Variations]"
Add component (AddParameter): Name = "Supplier 1b"; Value = "DigiReel"; VariantName = "[No Variations]"
Add component (AddParameter): Name = "Supplier Part Number 1"; Value = "490-6186-1-ND"; VariantName = "[No Variations]"
Add component (AddParameter): Name = "Supplier Part Number 1b"; Value = "490-3297-6-ND"; VariantName = "[No Variations]"
Add component (AddParameter): Name = "Technologie"; Value = "X5R"; VariantName = "[No Variations]"
Add component (AddParameter): Name = "Tolerance"; Value = "10%"; VariantName = "[No Variations]"
Add component (AddParameter): Name = "Value"; Value = "10pF"; VariantName = "[No Variations]"
Add component (AddParameter): Name = "Voltage"; Value = "6.3V"; VariantName = "[No Variations]"
Added Component: Designator=C31(SM/C_0402)
Add component. Clean all parameters for all variants
Add component (AddParameter): Name = "ESR"; Value = ""; VariantName = "[No Variations]"
Add component (AddParameter): Name = "Fabricant"; Value = "Murata"; VariantName = "[No Variations]"
Add component (AddParameter): Name = "Fabricant_Ref"; Value = "GRM155R71H103KA88J"; VariantName = "[No Variations]"
Add component (AddParameter): Name = "IRMS"; Value = ""; VariantName = "[No Variations]"
Add component (AddParameter): Name = "Supplier 1"; Value = "Digi-Key"; VariantName = "[No Variations]"
Add component (AddParameter): Name = "Supplier 2"; Value = "Mouser"; VariantName = "[No Variations]"
Add component (AddParameter): Name = "Supplier Part Number 1"; Value = "1276-6720-1-ND"; VariantName = "[No Variations]"
Add component (AddParameter): Name = "Supplier Part Number 2"; Value = "710-885012205037"; VariantName = "[No Variations]"
Add component (AddParameter): Name = "Technologie"; Value = "X7R"; VariantName = "[No Variations]"
Add component (AddParameter): Name = "Tolerance"; Value = "10%"; VariantName = "[No Variations]"
Add component (AddParameter): Name = "Value"; Value = "100nF"; VariantName = "[No Variations]"
Add component (AddParameter): Name = "Voltage"; Value = "25V"; VariantName = "[No Variations]"
Added Component: Designator=C32(SM/C_0402)
Add component. Clean all parameters for all variants
Add component (AddParameter): Name = "ESR"; Value = ""; VariantName = "[No Variations]"
Add component (AddParameter): Name = "Fabricant"; Value = "Murata"; VariantName = "[No Variations]"
Add component (AddParameter): Name = "Fabricant_Ref"; Value = "GRM155R71H103KA88J"; VariantName = "[No Variations]"
Add component (AddParameter): Name = "IRMS"; Value = ""; VariantName = "[No Variations]"
Add component (AddParameter): Name = "Supplier 1"; Value = "Digi-Key"; VariantName = "[No Variations]"
Add component (AddParameter): Name = "Supplier 2"; Value = "Mouser"; VariantName = "[No Variations]"
Add component (AddParameter): Name = "Supplier Part Number 1"; Value = "1276-6720-1-ND"; VariantName = "[No Variations]"
Add component (AddParameter): Name = "Supplier Part Number 2"; Value = "710-885012205037"; VariantName = "[No Variations]"
Add component (AddParameter): Name = "Technologie"; Value = "X7R"; VariantName = "[No Variations]"
Add component (AddParameter): Name = "Tolerance"; Value = "10%"; VariantName = "[No Variations]"
Add component (AddParameter): Name = "Value"; Value = "100nF"; VariantName = "[No Variations]"
Add component (AddParameter): Name = "Voltage"; Value = "25V"; VariantName = "[No Variations]"
Added Component: Designator=C33(SM/C_0402)
Add component. Clean all parameters for all variants
Add component (AddParameter): Name = "ESR"; Value = ""; VariantName = "[No Variations]"
Add component (AddParameter): Name = "Fabricant"; Value = "Murata"; VariantName = "[No Variations]"
Add component (AddParameter): Name = "Fabricant_Ref"; Value = "GRM155R71H103KA88J"; VariantName = "[No Variations]"
Add component (AddParameter): Name = "IRMS"; Value = ""; VariantName = "[No Variations]"
Add component (AddParameter): Name = "Supplier 1"; Value = "Digi-Key"; VariantName = "[No Variations]"
Add component (AddParameter): Name = "Supplier 2"; Value = "Mouser"; VariantName = "[No Variations]"
Add component (AddParameter): Name = "Supplier Part Number 1"; Value = "1276-6720-1-ND"; VariantName = "[No Variations]"
Add component (AddParameter): Name = "Supplier Part Number 2"; Value = "710-885012205037"; VariantName = "[No Variations]"
Add component (AddParameter): Name = "Technologie"; Value = "X7R"; VariantName = "[No Variations]"
Add component (AddParameter): Name = "Tolerance"; Value = "10%"; VariantName = "[No Variations]"
Add component (AddParameter): Name = "Value"; Value = "100nF"; VariantName = "[No Variations]"
Add component (AddParameter): Name = "Voltage"; Value = "25V"; VariantName = "[No Variations]"
Added Component: Designator=C34(SM/C_0402)
Add component. Clean all parameters for all variants
Add component (AddParameter): Name = "ESR"; Value = ""; VariantName = "[No Variations]"
Add component (AddParameter): Name = "Fabricant"; Value = "Murata"; VariantName = "[No Variations]"
Add component (AddParameter): Name = "Fabricant_Ref"; Value = "GRM155R71H103KA88J"; VariantName = "[No Variations]"
Add component (AddParameter): Name = "IRMS"; Value = ""; VariantName = "[No Variations]"
Add component (AddParameter): Name = "Supplier 1"; Value = "Digi-Key"; VariantName = "[No Variations]"
Add component (AddParameter): Name = "Supplier 2"; Value = "Mouser"; VariantName = "[No Variations]"
Add component (AddParameter): Name = "Supplier Part Number 1"; Value = "1276-6720-1-ND"; VariantName = "[No Variations]"
Add component (AddParameter): Name = "Supplier Part Number 2"; Value = "710-885012205037"; VariantName = "[No Variations]"
Add component (AddParameter): Name = "Technologie"; Value = "X7R"; VariantName = "[No Variations]"
Add component (AddParameter): Name = "Tolerance"; Value = "10%"; VariantName = "[No Variations]"
Add component (AddParameter): Name = "Value"; Value = "100nF"; VariantName = "[No Variations]"
Add component (AddParameter): Name = "Voltage"; Value = "25V"; VariantName = "[No Variations]"
Added Component: Designator=C35(SM/C_0402)
Add component. Clean all parameters for all variants
Add component (AddParameter): Name = "ESR"; Value = ""; VariantName = "[No Variations]"
Add component (AddParameter): Name = "Fabricant"; Value = "Murata"; VariantName = "[No Variations]"
Add component (AddParameter): Name = "Fabricant_Ref"; Value = "GRM155R71H103KA88J"; VariantName = "[No Variations]"
Add component (AddParameter): Name = "IRMS"; Value = ""; VariantName = "[No Variations]"
Add component (AddParameter): Name = "Supplier 1"; Value = "Digi-Key"; VariantName = "[No Variations]"
Add component (AddParameter): Name = "Supplier 2"; Value = "Mouser"; VariantName = "[No Variations]"
Add component (AddParameter): Name = "Supplier Part Number 1"; Value = "1276-6720-1-ND"; VariantName = "[No Variations]"
Add component (AddParameter): Name = "Supplier Part Number 2"; Value = "710-885012205037"; VariantName = "[No Variations]"
Add component (AddParameter): Name = "Technologie"; Value = "X7R"; VariantName = "[No Variations]"
Add component (AddParameter): Name = "Tolerance"; Value = "10%"; VariantName = "[No Variations]"
Add component (AddParameter): Name = "Value"; Value = "100nF"; VariantName = "[No Variations]"
Add component (AddParameter): Name = "Voltage"; Value = "25V"; VariantName = "[No Variations]"
Added Component: Designator=J2(MM8930-2620RJ4)
Add component. Clean all parameters for all variants
Add component (AddParameter): Name = "Manufacturer 1"; Value = "Murata"; VariantName = "[No Variations]"
Add component (AddParameter): Name = "Manufacturer Part Number 1"; Value = "MM8930-2620RJ4"; VariantName = "[No Variations]"
Add component (AddParameter): Name = "Pricing 1"; Value = "1=0,34000, 10=0,29000, 100=0,22000, 500=0,17000, 1000=0,17000, 4000=0,14000 (USD)"; VariantName = "[No Variations]"
Add component (AddParameter): Name = "RoHS"; Value = "No"; VariantName = "[No Variations]"
Add component (AddParameter): Name = "Stock 1"; Value = "5819"; VariantName = "[No Variations]"
Add component (AddParameter): Name = "Supplier 1"; Value = "Mouser"; VariantName = "[No Variations]"
Add component (AddParameter): Name = "Supplier Part Number 1"; Value = "81-MM8930-2620RJ4"; VariantName = "[No Variations]"
Added Component: Designator=J3(MM8930-2620RJ4)
Add component. Clean all parameters for all variants
Add component (AddParameter): Name = "Manufacturer 1"; Value = "Murata"; VariantName = "[No Variations]"
Add component (AddParameter): Name = "Manufacturer Part Number 1"; Value = "MM8930-2620RJ4"; VariantName = "[No Variations]"
Add component (AddParameter): Name = "Pricing 1"; Value = "1=0,34000, 10=0,29000, 100=0,22000, 500=0,17000, 1000=0,17000, 4000=0,14000 (USD)"; VariantName = "[No Variations]"
Add component (AddParameter): Name = "RoHS"; Value = "No"; VariantName = "[No Variations]"
Add component (AddParameter): Name = "Stock 1"; Value = "5819"; VariantName = "[No Variations]"
Add component (AddParameter): Name = "Supplier 1"; Value = "Mouser"; VariantName = "[No Variations]"
Add component (AddParameter): Name = "Supplier Part Number 1"; Value = "81-MM8930-2620RJ4"; VariantName = "[No Variations]"
Added Component: Designator=L1(Inductor-0603)
Add component. Clean all parameters for all variants
Add component (AddParameter): Name = "Supplier 1"; Value = "Digi-Key"; VariantName = "[No Variations]"
Add component (AddParameter): Name = "Supplier Part Number 1"; Value = "553-2387-1-ND"; VariantName = "[No Variations]"
Added Component: Designator=L2(SM/L_0402)
Add component. Clean all parameters for all variants
Add component (AddParameter): Name = "Fabricant"; Value = "Murata"; VariantName = "[No Variations]"
Add component (AddParameter): Name = "Fabricant_Ref"; Value = "LQG15HN3N3S02D"; VariantName = "[No Variations]"
Add component (AddParameter): Name = "I_DC"; Value = "300mA"; VariantName = "[No Variations]"
Add component (AddParameter): Name = "Supplier 1"; Value = "Digi-Key"; VariantName = "[No Variations]"
Add component (AddParameter): Name = "Supplier 1b"; Value = "DigiReel"; VariantName = "[No Variations]"
Add component (AddParameter): Name = "Supplier 2"; Value = "Mouser"; VariantName = "[No Variations]"
Add component (AddParameter): Name = "Supplier Part Number 1"; Value = "490-6561-1-ND"; VariantName = "[No Variations]"
Add component (AddParameter): Name = "Supplier Part Number 1b"; Value = "490-6561-6-ND"; VariantName = "[No Variations]"
Add component (AddParameter): Name = "Supplier Part Number 2"; Value = "81-LQG15HN3N0S02D"; VariantName = "[No Variations]"
Add component (AddParameter): Name = "Tolerance"; Value = "0.3nH"; VariantName = "[No Variations]"
Add component (AddParameter): Name = "Value"; Value = "3.3nH"; VariantName = "[No Variations]"
Added Component: Designator=L3(SM/L_0402)
Add component. Clean all parameters for all variants
Add component (AddParameter): Name = "Fabricant"; Value = "Murata"; VariantName = "[No Variations]"
Add component (AddParameter): Name = "Fabricant_Ref"; Value = "LQG15HN3N3S02D"; VariantName = "[No Variations]"
Add component (AddParameter): Name = "I_DC"; Value = "300mA"; VariantName = "[No Variations]"
Add component (AddParameter): Name = "Supplier 1"; Value = "Digi-Key"; VariantName = "[No Variations]"
Add component (AddParameter): Name = "Supplier 1b"; Value = "DigiReel"; VariantName = "[No Variations]"
Add component (AddParameter): Name = "Supplier 2"; Value = "Mouser"; VariantName = "[No Variations]"
Add component (AddParameter): Name = "Supplier Part Number 1"; Value = "490-1080-1-ND"; VariantName = "[No Variations]"
Add component (AddParameter): Name = "Supplier Part Number 1b"; Value = "490-6561-6-ND"; VariantName = "[No Variations]"
Add component (AddParameter): Name = "Supplier Part Number 2"; Value = "81-LQG15HN4N7S02D"; VariantName = "[No Variations]"
Add component (AddParameter): Name = "Tolerance"; Value = "0.3nH"; VariantName = "[No Variations]"
Add component (AddParameter): Name = "Value"; Value = "4.7nH"; VariantName = "[No Variations]"
Added Component: Designator=L4(SM/L_0603 (1608))
Add component. Clean all parameters for all variants
Add component (AddParameter): Name = "Fabricant"; Value = "Murata"; VariantName = "[No Variations]"
Add component (AddParameter): Name = "Fabricant_Ref"; Value = "LQG18HN6N8J00D"; VariantName = "[No Variations]"
Add component (AddParameter): Name = "I_DC"; Value = "300mA"; VariantName = "[No Variations]"
Add component (AddParameter): Name = "Supplier 1"; Value = "Digi-Key"; VariantName = "[No Variations]"
Add component (AddParameter): Name = "Supplier 1b"; Value = "DigiReel"; VariantName = "[No Variations]"
Add component (AddParameter): Name = "Supplier 2"; Value = "Mouser"; VariantName = "[No Variations]"
Add component (AddParameter): Name = "Supplier Part Number 1"; Value = "490-1108-1-ND"; VariantName = "[No Variations]"
Add component (AddParameter): Name = "Supplier Part Number 1b"; Value = "490-1108-6-ND"; VariantName = "[No Variations]"
Add component (AddParameter): Name = "Supplier Part Number 2"; Value = "81-LQG18HN6N8J00D"; VariantName = "[No Variations]"
Add component (AddParameter): Name = "Tolerance"; Value = "5%"; VariantName = "[No Variations]"
Add component (AddParameter): Name = "Value"; Value = "6.8nH"; VariantName = "[No Variations]"
Added Component: Designator=L5(MURA-DLW21SN900SQ2L-4_V)
Add component. Clean all parameters for all variants
Add component (AddParameter): Name = "Case Size/Dimension"; Value = "0805"; VariantName = "[No Variations]"
Add component (AddParameter): Name = "Datasheet URL"; Value = "http://www.murata.com/zh-cn/products/productdata/8796757917726/EFLC0003.pdf?1441769419000"; VariantName = "[No Variations]"
Add component (AddParameter): Name = "Datasheet Version"; Value = "Aug-14"; VariantName = "[No Variations]"
Add component (AddParameter): Name = "DC Resistance-Max"; Value = "0.41O"; VariantName = "[No Variations]"
Add component (AddParameter): Name = "Impedance"; Value = "90O"; VariantName = "[No Variations]"
Add component (AddParameter): Name = "Manufacturer"; Value = "Murata"; VariantName = "[No Variations]"
Add component (AddParameter): Name = "Manufacturer URL"; Value = "http://www.murata.com/"; VariantName = "[No Variations]"
Add component (AddParameter): Name = "Rated Current"; Value = "280mA"; VariantName = "[No Variations]"
Add component (AddParameter): Name = "Rated Voltage"; Value = "50V"; VariantName = "[No Variations]"
Add component (AddParameter): Name = "Supplier 1"; Value = "Digi-Key"; VariantName = "[No Variations]"
Add component (AddParameter): Name = "Supplier Part Number 1"; Value = "490-5137-1-ND"; VariantName = "[No Variations]"
Added Component: Designator=L6(SM/L_0402)
Add component. Clean all parameters for all variants
Add component (AddParameter): Name = "Fabricant"; Value = "Murata"; VariantName = "[No Variations]"
Add component (AddParameter): Name = "Fabricant_Ref"; Value = "LQG15HN3N3S02D"; VariantName = "[No Variations]"
Add component (AddParameter): Name = "I_DC"; Value = "300mA"; VariantName = "[No Variations]"
Add component (AddParameter): Name = "Supplier 1"; Value = "Digi-Key"; VariantName = "[No Variations]"
Add component (AddParameter): Name = "Supplier 1b"; Value = "DigiReel"; VariantName = "[No Variations]"
Add component (AddParameter): Name = "Supplier Part Number 1"; Value = "490-15162-1-ND"; VariantName = "[No Variations]"
Add component (AddParameter): Name = "Supplier Part Number 1b"; Value = "490-6561-6-ND"; VariantName = "[No Variations]"
Add component (AddParameter): Name = "Tolerance"; Value = "0.3nH"; VariantName = "[No Variations]"
Add component (AddParameter): Name = "Value"; Value = "3nH"; VariantName = "[No Variations]"
Added Component: Designator=R1(Resistor-0603)
Add component. Clean all parameters for all variants
Add component (AddParameter): Name = "Supplier 1"; Value = "Digi-Key"; VariantName = "[No Variations]"
Add component (AddParameter): Name = "Supplier Part Number 1"; Value = "RMCF0603ZT0R00CT-ND"; VariantName = "[No Variations]"
Add component (AddParameter): Name = "Value"; Value = "0R"; VariantName = "[No Variations]"
Added Component: Designator=R2(Resistor-0603)
Add component. Clean all parameters for all variants
Add component (AddParameter): Name = "Supplier 1"; Value = "Digi-Key"; VariantName = "[No Variations]"
Add component (AddParameter): Name = "Supplier Part Number 1"; Value = "RMCF0603FT49R9CT-ND"; VariantName = "[No Variations]"
Add component (AddParameter): Name = "Value"; Value = "49R9"; VariantName = "[No Variations]"
Added Component: Designator=R3(Resistor-0603)
Add component. Clean all parameters for all variants
Add component (AddParameter): Name = "Supplier 1"; Value = "Digi-Key"; VariantName = "[No Variations]"
Add component (AddParameter): Name = "Supplier Part Number 1"; Value = "RMCF0603FT49R9CT-ND"; VariantName = "[No Variations]"
Add component (AddParameter): Name = "Value"; Value = "49R9"; VariantName = "[No Variations]"
Added Component: Designator=R4(Resistor-0603)
Add component. Clean all parameters for all variants
Add component (AddParameter): Name = "Supplier 1"; Value = "Digi-Key"; VariantName = "[No Variations]"
Add component (AddParameter): Name = "Supplier Part Number 1"; Value = "RMCF0603FT49R9CT-ND"; VariantName = "[No Variations]"
Add component (AddParameter): Name = "Value"; Value = "49R9"; VariantName = "[No Variations]"
Added Component: Designator=R5(Resistor-0603)
Add component. Clean all parameters for all variants
Add component (AddParameter): Name = "Supplier 1"; Value = "Digi-Key"; VariantName = "[No Variations]"
Add component (AddParameter): Name = "Supplier Part Number 1"; Value = "RMCF0603FT49R9CT-ND"; VariantName = "[No Variations]"
Add component (AddParameter): Name = "Value"; Value = "49R9"; VariantName = "[No Variations]"
Added Component: Designator=R6(Resistor-0603)
Add component. Clean all parameters for all variants
Add component (AddParameter): Name = "Supplier 1"; Value = "Digi-Key"; VariantName = "[No Variations]"
Add component (AddParameter): Name = "Supplier Part Number 1"; Value = "RMCF0603ZT0R00CT-ND"; VariantName = "[No Variations]"
Add component (AddParameter): Name = "Value"; Value = "0R"; VariantName = "[No Variations]"
Added Component: Designator=R7(Resistor-0603)
Add component. Clean all parameters for all variants
Add component (AddParameter): Name = "Supplier 1"; Value = "Digi-Key"; VariantName = "[No Variations]"
Add component (AddParameter): Name = "Supplier Part Number 1"; Value = "311-10.0KHRCT-ND"; VariantName = "[No Variations]"
Add component (AddParameter): Name = "Value"; Value = "10K"; VariantName = "[No Variations]"
Added Component: Designator=R8(Resistor-0603)
Add component. Clean all parameters for all variants
Add component (AddParameter): Name = "Supplier 1"; Value = "Digi-Key"; VariantName = "[No Variations]"
Add component (AddParameter): Name = "Supplier Part Number 1"; Value = "RMCF0603ZT0R00CT-ND"; VariantName = "[No Variations]"
Add component (AddParameter): Name = "Value"; Value = "0R"; VariantName = "[No Variations]"
Added Component: Designator=R9(Resistor-0603)
Add component. Clean all parameters for all variants
Add component (AddParameter): Name = "Supplier 1"; Value = "Digi-Key"; VariantName = "[No Variations]"
Add component (AddParameter): Name = "Supplier Part Number 1"; Value = "RMCF0603ZT0R00CT-ND"; VariantName = "[No Variations]"
Add component (AddParameter): Name = "Value"; Value = "0R"; VariantName = "[No Variations]"
Added Component: Designator=R10(Resistor-0603)
Add component. Clean all parameters for all variants
Add component (AddParameter): Name = "Supplier 1"; Value = "Digi-Key"; VariantName = "[No Variations]"
Add component (AddParameter): Name = "Supplier Part Number 1"; Value = "RMCF0603ZT0R00CT-ND"; VariantName = "[No Variations]"
Add component (AddParameter): Name = "Value"; Value = "0R"; VariantName = "[No Variations]"
Added Component: Designator=R38(SM/R_0402)
Add component. Clean all parameters for all variants
Add component (AddParameter): Name = "Fabricant"; Value = "Panasonic"; VariantName = "[No Variations]"
Add component (AddParameter): Name = "Fabricant_Ref"; Value = "ERJ-2GE0R00X"; VariantName = "[No Variations]"
Add component (AddParameter): Name = "Puissance"; Value = "100 mW"; VariantName = "[No Variations]"
Add component (AddParameter): Name = "Supplier 1"; Value = "Digi-Key"; VariantName = "[No Variations]"
Add component (AddParameter): Name = "Supplier 1b"; Value = "DigiReel"; VariantName = "[No Variations]"
Add component (AddParameter): Name = "Supplier 2"; Value = "Mouser"; VariantName = "[No Variations]"
Add component (AddParameter): Name = "Supplier Part Number 1"; Value = "P0.0JCT-ND"; VariantName = "[No Variations]"
Add component (AddParameter): Name = "Supplier Part Number 1b"; Value = "P0.0JDKR-ND"; VariantName = "[No Variations]"
Add component (AddParameter): Name = "Supplier Part Number 2"; Value = "667-ERJ-2GE0R00X"; VariantName = "[No Variations]"
Add component (AddParameter): Name = "Tension"; Value = "50V"; VariantName = "[No Variations]"
Add component (AddParameter): Name = "Tolerance"; Value = "1%"; VariantName = "[No Variations]"
Add component (AddParameter): Name = "Value"; Value = "0"; VariantName = "[No Variations]"
Added Component: Designator=R39(SM/R_0402)
Add component. Clean all parameters for all variants
Add component (AddParameter): Name = "Fabricant"; Value = "Panasonic"; VariantName = "[No Variations]"
Add component (AddParameter): Name = "Fabricant_Ref"; Value = "ERJ-2GE0R00X"; VariantName = "[No Variations]"
Add component (AddParameter): Name = "Puissance"; Value = "100 mW"; VariantName = "[No Variations]"
Add component (AddParameter): Name = "Supplier 1"; Value = "Digi-Key"; VariantName = "[No Variations]"
Add component (AddParameter): Name = "Supplier 1b"; Value = "DigiReel"; VariantName = "[No Variations]"
Add component (AddParameter): Name = "Supplier 2"; Value = "Mouser"; VariantName = "[No Variations]"
Add component (AddParameter): Name = "Supplier Part Number 1"; Value = "P0.0JCT-ND"; VariantName = "[No Variations]"
Add component (AddParameter): Name = "Supplier Part Number 1b"; Value = "P0.0JDKR-ND"; VariantName = "[No Variations]"
Add component (AddParameter): Name = "Supplier Part Number 2"; Value = "667-ERJ-2GE0R00X"; VariantName = "[No Variations]"
Add component (AddParameter): Name = "Tension"; Value = "50V"; VariantName = "[No Variations]"
Add component (AddParameter): Name = "Tolerance"; Value = "1%"; VariantName = "[No Variations]"
Add component (AddParameter): Name = "Value"; Value = "0"; VariantName = "[No Variations]"
Added Component: Designator=R40(SM/R_0402)
Add component. Clean all parameters for all variants
Add component (AddParameter): Name = "Fabricant"; Value = "Panasonic"; VariantName = "[No Variations]"
Add component (AddParameter): Name = "Fabricant_Ref"; Value = "ERJ-2GE0R00X"; VariantName = "[No Variations]"
Add component (AddParameter): Name = "Puissance"; Value = "100 mW"; VariantName = "[No Variations]"
Add component (AddParameter): Name = "Supplier 1"; Value = "Digi-Key"; VariantName = "[No Variations]"
Add component (AddParameter): Name = "Supplier 1b"; Value = "DigiReel"; VariantName = "[No Variations]"
Add component (AddParameter): Name = "Supplier 2"; Value = "Mouser"; VariantName = "[No Variations]"
Add component (AddParameter): Name = "Supplier Part Number 1"; Value = "P0.0JCT-ND"; VariantName = "[No Variations]"
Add component (AddParameter): Name = "Supplier Part Number 1b"; Value = "P0.0JDKR-ND"; VariantName = "[No Variations]"
Add component (AddParameter): Name = "Supplier Part Number 2"; Value = "667-ERJ-2GE0R00X"; VariantName = "[No Variations]"
Add component (AddParameter): Name = "Tension"; Value = "50V"; VariantName = "[No Variations]"
Add component (AddParameter): Name = "Tolerance"; Value = "1%"; VariantName = "[No Variations]"
Add component (AddParameter): Name = "Value"; Value = "0"; VariantName = "[No Variations]"
Added Component: Designator=R41(SM/R_0402)
Add component. Clean all parameters for all variants
Add component (AddParameter): Name = "Fabricant"; Value = "Panasonic"; VariantName = "[No Variations]"
Add component (AddParameter): Name = "Fabricant_Ref"; Value = "ERJ-2GE0R00X"; VariantName = "[No Variations]"
Add component (AddParameter): Name = "Puissance"; Value = "100 mW"; VariantName = "[No Variations]"
Add component (AddParameter): Name = "Supplier 1"; Value = "Digi-Key"; VariantName = "[No Variations]"
Add component (AddParameter): Name = "Supplier 1b"; Value = "DigiReel"; VariantName = "[No Variations]"
Add component (AddParameter): Name = "Supplier 2"; Value = "Mouser"; VariantName = "[No Variations]"
Add component (AddParameter): Name = "Supplier Part Number 1"; Value = "P0.0JCT-ND"; VariantName = "[No Variations]"
Add component (AddParameter): Name = "Supplier Part Number 1b"; Value = "P0.0JDKR-ND"; VariantName = "[No Variations]"
Add component (AddParameter): Name = "Supplier Part Number 2"; Value = "667-ERJ-2GE0R00X"; VariantName = "[No Variations]"
Add component (AddParameter): Name = "Tension"; Value = "50V"; VariantName = "[No Variations]"
Add component (AddParameter): Name = "Tolerance"; Value = "1%"; VariantName = "[No Variations]"
Add component (AddParameter): Name = "Value"; Value = "0"; VariantName = "[No Variations]"
Added Component: Designator=R42(SM/R_0402)
Add component. Clean all parameters for all variants
Add component (AddParameter): Name = "Fabricant"; Value = "Panasonic"; VariantName = "[No Variations]"
Add component (AddParameter): Name = "Fabricant_Ref"; Value = "ERJ-2GE0R00X"; VariantName = "[No Variations]"
Add component (AddParameter): Name = "Puissance"; Value = "100 mW"; VariantName = "[No Variations]"
Add component (AddParameter): Name = "Supplier 1"; Value = "Digi-Key"; VariantName = "[No Variations]"
Add component (AddParameter): Name = "Supplier 1b"; Value = "DigiReel"; VariantName = "[No Variations]"
Add component (AddParameter): Name = "Supplier 2"; Value = "Mouser"; VariantName = "[No Variations]"
Add component (AddParameter): Name = "Supplier Part Number 1"; Value = "P0.0JCT-ND"; VariantName = "[No Variations]"
Add component (AddParameter): Name = "Supplier Part Number 1b"; Value = "P0.0JDKR-ND"; VariantName = "[No Variations]"
Add component (AddParameter): Name = "Supplier Part Number 2"; Value = "667-ERJ-2GE0R00X"; VariantName = "[No Variations]"
Add component (AddParameter): Name = "Tension"; Value = "50V"; VariantName = "[No Variations]"
Add component (AddParameter): Name = "Tolerance"; Value = "1%"; VariantName = "[No Variations]"
Add component (AddParameter): Name = "Value"; Value = "0"; VariantName = "[No Variations]"
Added Component: Designator=R43(SM/R_0402)
Add component. Clean all parameters for all variants
Add component (AddParameter): Name = "Fabricant"; Value = "Panasonic"; VariantName = "[No Variations]"
Add component (AddParameter): Name = "Fabricant_Ref"; Value = "ERJ-2GE0R00X"; VariantName = "[No Variations]"
Add component (AddParameter): Name = "Puissance"; Value = "100 mW"; VariantName = "[No Variations]"
Add component (AddParameter): Name = "Supplier 1"; Value = "Digi-Key"; VariantName = "[No Variations]"
Add component (AddParameter): Name = "Supplier 1b"; Value = "DigiReel"; VariantName = "[No Variations]"
Add component (AddParameter): Name = "Supplier 2"; Value = "Mouser"; VariantName = "[No Variations]"
Add component (AddParameter): Name = "Supplier Part Number 1"; Value = "P0.0JCT-ND"; VariantName = "[No Variations]"
Add component (AddParameter): Name = "Supplier Part Number 1b"; Value = "P0.0JDKR-ND"; VariantName = "[No Variations]"
Add component (AddParameter): Name = "Supplier Part Number 2"; Value = "667-ERJ-2GE0R00X"; VariantName = "[No Variations]"
Add component (AddParameter): Name = "Tension"; Value = "50V"; VariantName = "[No Variations]"
Add component (AddParameter): Name = "Tolerance"; Value = "1%"; VariantName = "[No Variations]"
Add component (AddParameter): Name = "Value"; Value = "0"; VariantName = "[No Variations]"
Added Component: Designator=R44(SM/R_0402)
Add component. Clean all parameters for all variants
Add component (AddParameter): Name = "Fabricant"; Value = "Panasonic"; VariantName = "[No Variations]"
Add component (AddParameter): Name = "Fabricant_Ref"; Value = "ERJ-2GE0R00X"; VariantName = "[No Variations]"
Add component (AddParameter): Name = "Puissance"; Value = "100 mW"; VariantName = "[No Variations]"
Add component (AddParameter): Name = "Supplier 1"; Value = "Digi-Key"; VariantName = "[No Variations]"
Add component (AddParameter): Name = "Supplier 1b"; Value = "DigiReel"; VariantName = "[No Variations]"
Add component (AddParameter): Name = "Supplier 2"; Value = "Mouser"; VariantName = "[No Variations]"
Add component (AddParameter): Name = "Supplier Part Number 1"; Value = "P0.0JCT-ND"; VariantName = "[No Variations]"
Add component (AddParameter): Name = "Supplier Part Number 1b"; Value = "P0.0JDKR-ND"; VariantName = "[No Variations]"
Add component (AddParameter): Name = "Supplier Part Number 2"; Value = "667-ERJ-2GE0R00X"; VariantName = "[No Variations]"
Add component (AddParameter): Name = "Tension"; Value = "50V"; VariantName = "[No Variations]"
Add component (AddParameter): Name = "Tolerance"; Value = "1%"; VariantName = "[No Variations]"
Add component (AddParameter): Name = "Value"; Value = "0"; VariantName = "[No Variations]"
Added Component: Designator=R45(SM/R_0402)
Add component. Clean all parameters for all variants
Add component (AddParameter): Name = "Fabricant"; Value = "Panasonic"; VariantName = "[No Variations]"
Add component (AddParameter): Name = "Fabricant_Ref"; Value = "ERJ-2GE0R00X"; VariantName = "[No Variations]"
Add component (AddParameter): Name = "Puissance"; Value = "100 mW"; VariantName = "[No Variations]"
Add component (AddParameter): Name = "Supplier 1"; Value = "Digi-Key"; VariantName = "[No Variations]"
Add component (AddParameter): Name = "Supplier 1b"; Value = "DigiReel"; VariantName = "[No Variations]"
Add component (AddParameter): Name = "Supplier 2"; Value = "Mouser"; VariantName = "[No Variations]"
Add component (AddParameter): Name = "Supplier Part Number 1"; Value = "P0.0JCT-ND"; VariantName = "[No Variations]"
Add component (AddParameter): Name = "Supplier Part Number 1b"; Value = "P0.0JDKR-ND"; VariantName = "[No Variations]"
Add component (AddParameter): Name = "Supplier Part Number 2"; Value = "667-ERJ-2GE0R00X"; VariantName = "[No Variations]"
Add component (AddParameter): Name = "Tension"; Value = "50V"; VariantName = "[No Variations]"
Add component (AddParameter): Name = "Tolerance"; Value = "1%"; VariantName = "[No Variations]"
Add component (AddParameter): Name = "Value"; Value = "0"; VariantName = "[No Variations]"
Added Component: Designator=U2(QFN50P700X700X90-49N-D)
Add component. Clean all parameters for all variants
Add component (AddParameter): Name = "Supplier 1"; Value = "Digi-Key"; VariantName = "[No Variations]"
Add component (AddParameter): Name = "Supplier Part Number 1"; Value = "AT86RF215M-ZU-ND"; VariantName = "[No Variations]"
Added Component: Designator=U3(SE2435L)
Add component. Clean all parameters for all variants
Add component (AddParameter): Name = "Case/Package"; Value = "QFN"; VariantName = "[No Variations]"
Add component (AddParameter): Name = "ComponentLink1Description"; Value = "https://www.verical.com/server-webapp/html/getDatasheet?partID=660463&src-supplier=Verical"; VariantName = "[No Variations]"
Add component (AddParameter): Name = "ComponentLink1URL"; Value = "https://www.verical.com/server-webapp/html/getDatasheet?partID=660463&src-supplier=Verical"; VariantName = "[No Variations]"
Add component (AddParameter): Name = "ComponentLink2Description"; Value = "http://www.skyworksinc.com/uploads/documents/SE2435L_202412I.pdf?src-supplier=Digi-Key"; VariantName = "[No Variations]"
Add component (AddParameter): Name = "ComponentLink2URL"; Value = "http://www.skyworksinc.com/uploads/documents/SE2435L_202412I.pdf?src-supplier=Digi-Key"; VariantName = "[No Variations]"
Add component (AddParameter): Name = "ComponentLink3Description"; Value = "http://www.skyworksinc.com/uploads/documents/SE2435L_DS.pdf?src-supplier=Mouser"; VariantName = "[No Variations]"
Add component (AddParameter): Name = "ComponentLink3URL"; Value = "http://www.skyworksinc.com/uploads/documents/SE2435L_DS.pdf?src-supplier=Mouser"; VariantName = "[No Variations]"
Add component (AddParameter): Name = "ComponentLink4Description"; Value = "datasheet"; VariantName = "[No Variations]"
Add component (AddParameter): Name = "ComponentLink4URL"; Value = "https://www.skyworksinc.com/-/media/SkyWorks/Documents/Products/601-700/SE2435L_202412K.pdf"; VariantName = "[No Variations]"
Add component (AddParameter): Name = "Frequency"; Value = "930MHz"; VariantName = "[No Variations]"
Add component (AddParameter): Name = "Manufacturer 1"; Value = "Skyworks Solutions"; VariantName = "[No Variations]"
Add component (AddParameter): Name = "Manufacturer Part Number 1"; Value = "SE2435L-R"; VariantName = "[No Variations]"
Add component (AddParameter): Name = "Max Operating Temperature"; Value = "85C"; VariantName = "[No Variations]"
Add component (AddParameter): Name = "Min Operating Temperature"; Value = "-40C"; VariantName = "[No Variations]"
Add component (AddParameter): Name = "Operating Supply Current"; Value = "50mA"; VariantName = "[No Variations]"
Add component (AddParameter): Name = "Operating Supply Voltage"; Value = "3V"; VariantName = "[No Variations]"
Add component (AddParameter): Name = "Package Quantity"; Value = "1"; VariantName = "[No Variations]"
Add component (AddParameter): Name = "Packaging"; Value = "Tape and Reel"; VariantName = "[No Variations]"
Add component (AddParameter): Name = "Pricing 1"; Value = "1=2,89000, 10=2,58000, 25=2,32200, 100=2,11560, 250=1,90920, 500=1,71312, 1000=1,44480 (USD)"; VariantName = "[No Variations]"
Add component (AddParameter): Name = "RoHS"; Value = "Yes"; VariantName = "[No Variations]"
Add component (AddParameter): Name = "Stock 1"; Value = "2835"; VariantName = "[No Variations]"
Add component (AddParameter): Name = "Supplier 1"; Value = "Digi-Key"; VariantName = "[No Variations]"
Add component (AddParameter): Name = "Supplier Part Number 1"; Value = "863-1349-1-ND"; VariantName = "[No Variations]"
Add component (AddParameter): Name = "Weight"; Value = "0.032741oz"; VariantName = "[No Variations]"
Added Component: Designator=U4(EPCOS-DCC6C)
Add component. Clean all parameters for all variants
Add component (AddParameter): Name = "ComponentLink1Description"; Value = "Manufacturer URL"; VariantName = "[No Variations]"
Add component (AddParameter): Name = "ComponentLink1URL"; Value = "http://www.infineon.com/"; VariantName = "[No Variations]"
Add component (AddParameter): Name = "ComponentLink2Description"; Value = "Datasheet"; VariantName = "[No Variations]"
Add component (AddParameter): Name = "ComponentLink2URL"; Value = "http://www.infineon.com/dgdl/BGA725L6_V2+0.pdf?folderId=db3a30431f848401011fcbf2ab4c04c4&fileId=db3a30433784a0400137ef9a4d341f23"; VariantName = "[No Variations]"
Add component (AddParameter): Name = "ComponentLink3Description"; Value = "Package Specification"; VariantName = "[No Variations]"
Add component (AddParameter): Name = "ComponentLink3URL"; Value = "http://www.infineon.com/dgdl/TSLP-6-2-Package-Overview.pdf?folderId=db3a304331f858f40131ffb9669c4315&fileId=db3a3043338c8ac80133b1ca9c866256"; VariantName = "[No Variations]"
Add component (AddParameter): Name = "DatasheetVersion"; Value = "Rev. 2.0"; VariantName = "[No Variations]"
Add component (AddParameter): Name = "F (typ)"; Value = "0.65 dB"; VariantName = "[No Variations]"
Add component (AddParameter): Name = "Frequency (f)"; Value = "1550 - 1615 MHz"; VariantName = "[No Variations]"
Add component (AddParameter): Name = "Gain (typ)"; Value = "20 dB"; VariantName = "[No Variations]"
Add component (AddParameter): Name = "Green"; Value = "yes"; VariantName = "[No Variations]"
Add component (AddParameter): Name = "I (typ)"; Value = "3.6 mA"; VariantName = "[No Variations]"
Add component (AddParameter): Name = "Manufacturer"; Value = "Infineon"; VariantName = "[No Variations]"
Add component (AddParameter): Name = "Mounting Technology"; Value = "Surface Mount"; VariantName = "[No Variations]"
Add component (AddParameter): Name = "P-1dB (in)"; Value = "-16"; VariantName = "[No Variations]"
Add component (AddParameter): Name = "PackageDescription"; Value = "6-Pin Thin Small Leadless Package, 0.7 x 1.1 mm Body, 0.4 mm Pitch"; VariantName = "[No Variations]"
Add component (AddParameter): Name = "PackageReference"; Value = "TSLP-6-2"; VariantName = "[No Variations]"
Add component (AddParameter): Name = "PartNumber"; Value = "BGA725L6"; VariantName = "[No Variations]"
Add component (AddParameter): Name = "Supplier 1"; Value = "Mouser"; VariantName = "[No Variations]"
Add component (AddParameter): Name = "Supplier Part Number 1"; Value = "871-B39871B3725U410"; VariantName = "[No Variations]"
Added Component: Designator=U5(EPCOS-DCC6C)
Add component. Clean all parameters for all variants
Add component (AddParameter): Name = "ComponentLink1Description"; Value = "Manufacturer URL"; VariantName = "[No Variations]"
Add component (AddParameter): Name = "ComponentLink1URL"; Value = "http://www.infineon.com/"; VariantName = "[No Variations]"
Add component (AddParameter): Name = "ComponentLink2Description"; Value = "Datasheet"; VariantName = "[No Variations]"
Add component (AddParameter): Name = "ComponentLink2URL"; Value = "http://www.infineon.com/dgdl/BGA725L6_V2+0.pdf?folderId=db3a30431f848401011fcbf2ab4c04c4&fileId=db3a30433784a0400137ef9a4d341f23"; VariantName = "[No Variations]"
Add component (AddParameter): Name = "ComponentLink3Description"; Value = "Package Specification"; VariantName = "[No Variations]"
Add component (AddParameter): Name = "ComponentLink3URL"; Value = "http://www.infineon.com/dgdl/TSLP-6-2-Package-Overview.pdf?folderId=db3a304331f858f40131ffb9669c4315&fileId=db3a3043338c8ac80133b1ca9c866256"; VariantName = "[No Variations]"
Add component (AddParameter): Name = "DatasheetVersion"; Value = "Rev. 2.0"; VariantName = "[No Variations]"
Add component (AddParameter): Name = "F (typ)"; Value = "0.65 dB"; VariantName = "[No Variations]"
Add component (AddParameter): Name = "Frequency (f)"; Value = "1550 - 1615 MHz"; VariantName = "[No Variations]"
Add component (AddParameter): Name = "Gain (typ)"; Value = "20 dB"; VariantName = "[No Variations]"
Add component (AddParameter): Name = "Green"; Value = "yes"; VariantName = "[No Variations]"
Add component (AddParameter): Name = "I (typ)"; Value = "3.6 mA"; VariantName = "[No Variations]"
Add component (AddParameter): Name = "Manufacturer"; Value = "Infineon"; VariantName = "[No Variations]"
Add component (AddParameter): Name = "Mounting Technology"; Value = "Surface Mount"; VariantName = "[No Variations]"
Add component (AddParameter): Name = "P-1dB (in)"; Value = "-16"; VariantName = "[No Variations]"
Add component (AddParameter): Name = "PackageDescription"; Value = "6-Pin Thin Small Leadless Package, 0.7 x 1.1 mm Body, 0.4 mm Pitch"; VariantName = "[No Variations]"
Add component (AddParameter): Name = "PackageReference"; Value = "TSLP-6-2"; VariantName = "[No Variations]"
Add component (AddParameter): Name = "PartNumber"; Value = "BGA725L6"; VariantName = "[No Variations]"
Add component (AddParameter): Name = "Supplier 1"; Value = "Mouser"; VariantName = "[No Variations]"
Add component (AddParameter): Name = "Supplier Part Number 1"; Value = "871-B39871B3440U410"; VariantName = "[No Variations]"
Added Component: Designator=Y1(830107871909)
Add component. Clean all parameters for all variants
Added Component: Designator=Y2(TCXO)
Add component. Clean all parameters for all variants
Add component (AddParameter): Name = "Case/Package"; Value = "SMD/SMT"; VariantName = "[No Variations]"
Add component (AddParameter): Name = "ComponentLink1Description"; Value = "http://www.taitien.com/wp-content/uploads/2015/12/XO-0076_TX.pdf?src-supplier=Digi-Key"; VariantName = "[No Variations]"
Add component (AddParameter): Name = "ComponentLink1URL"; Value = "http://www.taitien.com/wp-content/uploads/2015/12/XO-0076_TX.pdf?src-supplier=Digi-Key"; VariantName = "[No Variations]"
Add component (AddParameter): Name = "Frequency"; Value = "26MHz"; VariantName = "[No Variations]"
Add component (AddParameter): Name = "Frequency Stability"; Value = "1ppm"; VariantName = "[No Variations]"
Add component (AddParameter): Name = "Height"; Value = "0.039inch"; VariantName = "[No Variations]"
Add component (AddParameter): Name = "Length"; Value = "0.126inch"; VariantName = "[No Variations]"
Add component (AddParameter): Name = "Max Operating Temperature"; Value = "85C"; VariantName = "[No Variations]"
Add component (AddParameter): Name = "Max Supply Current"; Value = "2mA"; VariantName = "[No Variations]"
Add component (AddParameter): Name = "Min Operating Temperature"; Value = "-40C"; VariantName = "[No Variations]"
Add component (AddParameter): Name = "Mount"; Value = "Surface Mount"; VariantName = "[No Variations]"
Add component (AddParameter): Name = "Packaging"; Value = "Tape and Reel"; VariantName = "[No Variations]"
Add component (AddParameter): Name = "RoHS"; Value = "Yes"; VariantName = "[No Variations]"
Add component (AddParameter): Name = "Supplier 1"; Value = "Digi-Key"; VariantName = "[No Variations]"
Add component (AddParameter): Name = "Supplier Part Number 1"; Value = "887-1620-1-ND"; VariantName = "[No Variations]"
Add component (AddParameter): Name = "Width"; Value = "0.098inch"; VariantName = "[No Variations]"
Added Pin To Net: NetName=GND Pin=C1-1
Added Pin To Net: NetName=VDD_ETH Pin=C1-2
Added Pin To Net: NetName=GND Pin=C2-1
Added Pin To Net: NetName=TX_P Pin=C2-2
Added Pin To Net: NetName=GND Pin=C3-1
Added Pin To Net: NetName=TX_N Pin=C3-2
Added Pin To Net: NetName=GND Pin=C4-1
Added Pin To Net: NetName=RX_P Pin=C4-2
Added Pin To Net: NetName=GND Pin=C5-1
Added Pin To Net: NetName=RX_N Pin=C5-2
Added Pin To Net: NetName=GND Pin=C6-1
Added Pin To Net: NetName=NetC6_2 Pin=C6-2
Added Pin To Net: NetName=GND Pin=C7-1
Added Pin To Net: NetName=3V3_ETH Pin=C7-2
Added Pin To Net: NetName=GND Pin=C8-1
Added Pin To Net: NetName=3V3_ETH Pin=C8-2
Added Pin To Net: NetName=GND Pin=C9-1
Added Pin To Net: NetName=NetC9_2 Pin=C9-2
Added Pin To Net: NetName=GND Pin=C10-1
Added Pin To Net: NetName=NetC9_2 Pin=C10-2
Added Pin To Net: NetName=GND Pin=C11-1
Added Pin To Net: NetName=+2V_ETH Pin=C11-2
Added Pin To Net: NetName=GND Pin=C12-1
Added Pin To Net: NetName=VDD_ETH Pin=C12-2
Added Pin To Net: NetName=GND Pin=C13-1
Added Pin To Net: NetName=VDD_ETH Pin=C13-2
Added Pin To Net: NetName=GND Pin=C14-1
Added Pin To Net: NetName=NetC14_2 Pin=C14-2
Added Pin To Net: NetName=GND Pin=C15-1
Added Pin To Net: NetName=NetC15_2 Pin=C15-2
Added Pin To Net: NetName=GND Pin=C16-1
Added Pin To Net: NetName=3V3_AT86 Pin=C16-2
Added Pin To Net: NetName=3V3_AT86 Pin=C17-1
Added Pin To Net: NetName=GND Pin=C17-2
Added Pin To Net: NetName=GND Pin=C18-1
Added Pin To Net: NetName=3V3_AT86 Pin=C18-2
Added Pin To Net: NetName=3V3_AT86 Pin=C19-1
Added Pin To Net: NetName=GND Pin=C19-2
Added Pin To Net: NetName=GND Pin=C20-1
Added Pin To Net: NetName=NetC20_2 Pin=C20-2
Added Pin To Net: NetName=NetC21_1 Pin=C21-1
Added Pin To Net: NetName=NetC21_2 Pin=C21-2
Added Pin To Net: NetName=GND Pin=C22-1
Added Pin To Net: NetName=NetC22_2 Pin=C22-2
Added Pin To Net: NetName=GND Pin=C23-1
Added Pin To Net: NetName=NetC23_2 Pin=C23-2
Added Pin To Net: NetName=GND Pin=C24-1
Added Pin To Net: NetName=NetC24_2 Pin=C24-2
Added Pin To Net: NetName=GND Pin=C25-1
Added Pin To Net: NetName=NetC25_2 Pin=C25-2
Added Pin To Net: NetName=GND Pin=C26-1
Added Pin To Net: NetName=3V3_AT86 Pin=C26-2
Added Pin To Net: NetName=GND Pin=C27-1
Added Pin To Net: NetName=3V3_AT86 Pin=C27-2
Added Pin To Net: NetName=NetC28_1 Pin=C28-1
Added Pin To Net: NetName=NetC28_2 Pin=C28-2
Added Pin To Net: NetName=NetC29_1 Pin=C29-1
Added Pin To Net: NetName=NetC29_2 Pin=C29-2
Added Pin To Net: NetName=NetC30_1 Pin=C30-1
Added Pin To Net: NetName=NetC30_2 Pin=C30-2
Added Pin To Net: NetName=GND Pin=C31-1
Added Pin To Net: NetName=NetC31_2 Pin=C31-2
Added Pin To Net: NetName=GND Pin=C32-1
Added Pin To Net: NetName=+2V_AT86 Pin=C32-2
Added Pin To Net: NetName=GND Pin=C33-1
Added Pin To Net: NetName=+2V_AT86 Pin=C33-2
Added Pin To Net: NetName=GND Pin=C34-1
Added Pin To Net: NetName=+2V_AT86 Pin=C34-2
Added Pin To Net: NetName=3V3_AT86 Pin=C35-1
Added Pin To Net: NetName=GND Pin=C35-2
Added Pin To Net: NetName=NetC28_1 Pin=J2-1
Added Pin To Net: NetName=NetJ2_2 Pin=J2-2
Added Pin To Net: NetName=GND Pin=J2-3
Added Pin To Net: NetName=GND Pin=J2-4
Added Pin To Net: NetName=GND Pin=J2-5
Added Pin To Net: NetName=GND Pin=J2-6
Added Pin To Net: NetName=NetC21_2 Pin=J3-1
Added Pin To Net: NetName=NetJ3_2 Pin=J3-2
Added Pin To Net: NetName=GND Pin=J3-3
Added Pin To Net: NetName=GND Pin=J3-4
Added Pin To Net: NetName=GND Pin=J3-5
Added Pin To Net: NetName=GND Pin=J3-6
Added Pin To Net: NetName=VDD_ETH Pin=L1-1
Added Pin To Net: NetName=3V3_ETH Pin=L1-2
Added Pin To Net: NetName=NetC20_2 Pin=L2-1
Added Pin To Net: NetName=3V3_AT86 Pin=L2-2
Added Pin To Net: NetName=NetC22_2 Pin=L3-1
Added Pin To Net: NetName=3V3_AT86 Pin=L3-2
Added Pin To Net: NetName=NetL4_1 Pin=L4-1
Added Pin To Net: NetName=3V3_AT86 Pin=L4-2
Added Pin To Net: NetName=RF_P Pin=L5-1
Added Pin To Net: NetName=NetC21_1 Pin=L5-2
Added Pin To Net: NetName=NetC23_2 Pin=L5-3
Added Pin To Net: NetName=RF_N Pin=L5-4
Added Pin To Net: NetName=NetC28_2 Pin=L6-1
Added Pin To Net: NetName=GND Pin=L6-2
Added Pin To Net: NetName=VDD_ETH Pin=R1-1
Added Pin To Net: NetName=NetC6_2 Pin=R1-2
Added Pin To Net: NetName=TX_P Pin=R2-1
Added Pin To Net: NetName=VDD_ETH Pin=R2-2
Added Pin To Net: NetName=TX_N Pin=R3-1
Added Pin To Net: NetName=VDD_ETH Pin=R3-2
Added Pin To Net: NetName=RX_P Pin=R4-1
Added Pin To Net: NetName=VDD_ETH Pin=R4-2
Added Pin To Net: NetName=RX_N Pin=R5-1
Added Pin To Net: NetName=VDD_ETH Pin=R5-2
Added Pin To Net: NetName=NetR6_1 Pin=R6-1
Added Pin To Net: NetName=+2V_ETH Pin=R6-2
Added Pin To Net: NetName=GND Pin=R7-1
Added Pin To Net: NetName=NetR7_2 Pin=R7-2
Added Pin To Net: NetName=NetJ1_6 Pin=R8-1
Added Pin To Net: NetName=NetC6_2 Pin=R8-2
Added Pin To Net: NetName=NetR9_1 Pin=R9-1
Added Pin To Net: NetName=GND Pin=R9-2
Added Pin To Net: NetName=NetR10_1 Pin=R10-1
Added Pin To Net: NetName=GND Pin=R10-2
Added Pin To Net: NetName=NetR38_1 Pin=R38-1
Added Pin To Net: NetName=NetR38_2 Pin=R38-2
Added Pin To Net: NetName=NetR39_1 Pin=R39-1
Added Pin To Net: NetName=NetR39_2 Pin=R39-2
Added Pin To Net: NetName=NetR40_1 Pin=R40-1
Added Pin To Net: NetName=NetJ9_1 Pin=R40-2
Added Pin To Net: NetName=GND Pin=R41-1
Added Pin To Net: NetName=NetR40_1 Pin=R41-2
Added Pin To Net: NetName=GND Pin=R42-1
Added Pin To Net: NetName=NetJ9_1 Pin=R42-2
Added Pin To Net: NetName=NetR43_1 Pin=R43-1
Added Pin To Net: NetName=NetJ11_1 Pin=R43-2
Added Pin To Net: NetName=GND Pin=R44-1
Added Pin To Net: NetName=NetR43_1 Pin=R44-2
Added Pin To Net: NetName=GND Pin=R45-1
Added Pin To Net: NetName=NetJ11_1 Pin=R45-2
Added Pin To Net: NetName=GND Pin=U2-3
Added Pin To Net: NetName=GND Pin=U2-6
Added Pin To Net: NetName=GND Pin=U2-7
Added Pin To Net: NetName=RF_P Pin=U2-8
Added Pin To Net: NetName=RF_N Pin=U2-9
Added Pin To Net: NetName=GND Pin=U2-10
Added Pin To Net: NetName=NetR38_1 Pin=U2-11
Added Pin To Net: NetName=NetR39_1 Pin=U2-12
Added Pin To Net: NetName=AT86_\R\S\T\ Pin=U2-13
Added Pin To Net: NetName=NetC25_2 Pin=U2-14
Added Pin To Net: NetName=3V3_AT86 Pin=U2-15
Added Pin To Net: NetName=GND Pin=U2-16
Added Pin To Net: NetName=NetU2_17 Pin=U2-17
Added Pin To Net: NetName=GND Pin=U2-18
Added Pin To Net: NetName=GND Pin=U2-19
Added Pin To Net: NetName=GND Pin=U2-20
Added Pin To Net: NetName=+2V_AT86 Pin=U2-21
Added Pin To Net: NetName=GND Pin=U2-23
Added Pin To Net: NetName=GND Pin=U2-24
Added Pin To Net: NetName=+2V_AT86 Pin=U2-29
Added Pin To Net: NetName=GND Pin=U2-32
Added Pin To Net: NetName=NetC31_2 Pin=U2-37
Added Pin To Net: NetName=GND Pin=U2-38
Added Pin To Net: NetName=+2V_AT86 Pin=U2-39
Added Pin To Net: NetName=AT86_IRQ Pin=U2-40
Added Pin To Net: NetName=SPI_AT86_SCK Pin=U2-41
Added Pin To Net: NetName=SPI_AT86_CSN Pin=U2-42
Added Pin To Net: NetName=SPI_AT86_MOSI Pin=U2-43
Added Pin To Net: NetName=SPI_AT86_MISO Pin=U2-44
Added Pin To Net: NetName=GND Pin=U2-45
Added Pin To Net: NetName=3V3_AT86 Pin=U2-46
Added Pin To Net: NetName=NetC24_2 Pin=U2-47
Added Pin To Net: NetName=GND Pin=U2-48
Added Pin To Net: NetName=GND Pin=U2-49
Added Pin To Net: NetName=GND Pin=U2-49
Added Pin To Net: NetName=GND Pin=U2-49
Added Pin To Net: NetName=GND Pin=U2-49
Added Pin To Net: NetName=GND Pin=U2-49
Added Pin To Net: NetName=GND Pin=U2-49
Added Pin To Net: NetName=GND Pin=U2-49
Added Pin To Net: NetName=GND Pin=U2-49
Added Pin To Net: NetName=GND Pin=U2-49
Added Pin To Net: NetName=GND Pin=U2-49
Added Pin To Net: NetName=GND Pin=U2-49
Added Pin To Net: NetName=GND Pin=U2-49
Added Pin To Net: NetName=GND Pin=U2-49
Added Pin To Net: NetName=GND Pin=U2-49
Added Pin To Net: NetName=GND Pin=U2-49
Added Pin To Net: NetName=GND Pin=U2-49
Added Pin To Net: NetName=GND Pin=U2-49
Added Pin To Net: NetName=GND Pin=U2-49
Added Pin To Net: NetName=GND Pin=U2-49
Added Pin To Net: NetName=GND Pin=U2-49
Added Pin To Net: NetName=GND Pin=U2-49
Added Pin To Net: NetName=GND Pin=U2-49
Added Pin To Net: NetName=GND Pin=U2-49
Added Pin To Net: NetName=GND Pin=U2-49
Added Pin To Net: NetName=GND Pin=U2-49
Added Pin To Net: NetName=GND Pin=U2-49
Added Pin To Net: NetName=GND Pin=U2-49
Added Pin To Net: NetName=GND Pin=U2-49
Added Pin To Net: NetName=GND Pin=U2-49
Added Pin To Net: NetName=GND Pin=U2-49
Added Pin To Net: NetName=GND Pin=U2-49
Added Pin To Net: NetName=GND Pin=U2-49
Added Pin To Net: NetName=GND Pin=U2-49
Added Pin To Net: NetName=GND Pin=U2-49
Added Pin To Net: NetName=GND Pin=U2-49
Added Pin To Net: NetName=GND Pin=U2-49
Added Pin To Net: NetName=GND Pin=U2-49
Added Pin To Net: NetName=GND Pin=U2-49
Added Pin To Net: NetName=GND Pin=U2-49
Added Pin To Net: NetName=GND Pin=U2-49
Added Pin To Net: NetName=GND Pin=U2-49
Added Pin To Net: NetName=GND Pin=U2-49
Added Pin To Net: NetName=GND Pin=U2-49
Added Pin To Net: NetName=GND Pin=U2-49
Added Pin To Net: NetName=GND Pin=U2-49
Added Pin To Net: NetName=GND Pin=U2-49
Added Pin To Net: NetName=GND Pin=U2-49
Added Pin To Net: NetName=GND Pin=U2-49
Added Pin To Net: NetName=GND Pin=U2-49
Added Pin To Net: NetName=GND Pin=U3-0
Added Pin To Net: NetName=GND Pin=U3-0
Added Pin To Net: NetName=GND Pin=U3-0
Added Pin To Net: NetName=GND Pin=U3-0
Added Pin To Net: NetName=GND Pin=U3-0
Added Pin To Net: NetName=GND Pin=U3-0
Added Pin To Net: NetName=GND Pin=U3-0
Added Pin To Net: NetName=GND Pin=U3-0
Added Pin To Net: NetName=GND Pin=U3-0
Added Pin To Net: NetName=GND Pin=U3-0
Added Pin To Net: NetName=GND Pin=U3-0
Added Pin To Net: NetName=GND Pin=U3-0
Added Pin To Net: NetName=GND Pin=U3-0
Added Pin To Net: NetName=GND Pin=U3-0
Added Pin To Net: NetName=GND Pin=U3-0
Added Pin To Net: NetName=GND Pin=U3-0
Added Pin To Net: NetName=GND Pin=U3-0
Added Pin To Net: NetName=GND Pin=U3-0
Added Pin To Net: NetName=GND Pin=U3-0
Added Pin To Net: NetName=GND Pin=U3-0
Added Pin To Net: NetName=NetR39_2 Pin=U3-1
Added Pin To Net: NetName=NetC29_2 Pin=U3-2
Added Pin To Net: NetName=AT86_CPS Pin=U3-3
Added Pin To Net: NetName=NetR38_2 Pin=U3-4
Added Pin To Net: NetName=NetC30_2 Pin=U3-5
Added Pin To Net: NetName=NetJ3_2 Pin=U3-6
Added Pin To Net: NetName=AT86_ANT_SEL Pin=U3-7
Added Pin To Net: NetName=GND Pin=U3-8
Added Pin To Net: NetName=NetU3_9 Pin=U3-9
Added Pin To Net: NetName=GND Pin=U3-10
Added Pin To Net: NetName=NetU3_11 Pin=U3-11
Added Pin To Net: NetName=NetR43_1 Pin=U3-12
Added Pin To Net: NetName=GND Pin=U3-13
Added Pin To Net: NetName=NetR40_1 Pin=U3-14
Added Pin To Net: NetName=GND Pin=U3-15
Added Pin To Net: NetName=NetC28_2 Pin=U3-16
Added Pin To Net: NetName=GND Pin=U3-17
Added Pin To Net: NetName=GND Pin=U3-18
Added Pin To Net: NetName=GND Pin=U3-19
Added Pin To Net: NetName=NetJ2_2 Pin=U3-20
Added Pin To Net: NetName=NetL4_1 Pin=U3-21
Added Pin To Net: NetName=GND Pin=U3-22
Added Pin To Net: NetName=NetC22_2 Pin=U3-23
Added Pin To Net: NetName=NetC20_2 Pin=U3-24
Added Pin To Net: NetName=GND Pin=U4-1
Added Pin To Net: NetName=NetU3_11 Pin=U4-2
Added Pin To Net: NetName=GND Pin=U4-3
Added Pin To Net: NetName=GND Pin=U4-4
Added Pin To Net: NetName=NetU3_9 Pin=U4-5
Added Pin To Net: NetName=GND Pin=U4-6
Added Pin To Net: NetName=GND Pin=U5-1
Added Pin To Net: NetName=NetC30_1 Pin=U5-2
Added Pin To Net: NetName=GND Pin=U5-3
Added Pin To Net: NetName=GND Pin=U5-4
Added Pin To Net: NetName=NetC29_1 Pin=U5-5
Added Pin To Net: NetName=GND Pin=U5-6
Added Pin To Net: NetName=NetC14_2 Pin=Y1-1
Added Pin To Net: NetName=GND Pin=Y1-2
Added Pin To Net: NetName=NetC15_2 Pin=Y1-3
Added Pin To Net: NetName=GND Pin=Y1-4
Added Pin To Net: NetName=GND Pin=Y2-1
Added Pin To Net: NetName=GND Pin=Y2-2
Added Pin To Net: NetName=NetU2_17 Pin=Y2-3
Added Pin To Net: NetName=3V3_AT86 Pin=Y2-4
Added Member To Class: ClassName=U_Ethernet Member=Component C1 C-100nF-0603
Added Member To Class: ClassName=U_Ethernet Member=Component C2 C-10pF-0603
Added Member To Class: ClassName=U_Ethernet Member=Component C3 C-10pF-0603
Added Member To Class: ClassName=U_Ethernet Member=Component C4 C-10pF-0603
Added Member To Class: ClassName=U_Ethernet Member=Component C5 C-10pF-0603
Added Member To Class: ClassName=U_Ethernet Member=Component C6 C-22nF-0603
Added Member To Class: ClassName=U_Ethernet Member=Component C7 C-100nF-0603
Added Member To Class: ClassName=U_Ethernet Member=Component C8 C-4.7uF-0603
Added Member To Class: ClassName=U_Ethernet Member=Component C9 C-100nF-0603
Added Member To Class: ClassName=U_Ethernet Member=Component C10 C-4.7uF-0603
Added Member To Class: ClassName=U_Ethernet Member=Component C11 C-100nF-0603
Added Member To Class: ClassName=U_Ethernet Member=Component C12 C-100nF-0603
Added Member To Class: ClassName=U_Ethernet Member=Component C13 C-4.7uF-0603
Added Member To Class: ClassName=U_Ethernet Member=Component C14 C-12pF-0603
Added Member To Class: ClassName=U_Ethernet Member=Component C15 C-12pF-0603
Added Member To Class: ClassName=U_IEEE-802 Member=Component C16 C-4.7uF-0603
Added Member To Class: ClassName=U_IEEE-802 Member=Component C17 C-1nF-0402
Added Member To Class: ClassName=U_IEEE-802 Member=Component C18 C-10nF-0402
Added Member To Class: ClassName=U_IEEE-802 Member=Component C19 C-33pF-0402
Added Member To Class: ClassName=U_IEEE-802 Member=Component C20 C-100pF-0402
Added Member To Class: ClassName=U_IEEE-802 Member=Component C21 C-15pF-0402
Added Member To Class: ClassName=U_IEEE-802 Member=Component C22 C-22pF-0402
Added Member To Class: ClassName=U_IEEE-802 Member=Component C23 C-8.2pF-0402
Added Member To Class: ClassName=U_IEEE-802 Member=Component C24 C-100nF-0402
Added Member To Class: ClassName=U_IEEE-802 Member=Component C25 C-100nF-0402
Added Member To Class: ClassName=U_IEEE-802 Member=Component C26 C-100nF-0402
Added Member To Class: ClassName=U_IEEE-802 Member=Component C27 C-100nF-0402
Added Member To Class: ClassName=U_IEEE-802 Member=Component C28 C-10pF-0402
Added Member To Class: ClassName=U_IEEE-802 Member=Component C29 C-10pF-0402
Added Member To Class: ClassName=U_IEEE-802 Member=Component C30 C-10pF-0402
Added Member To Class: ClassName=U_IEEE-802 Member=Component C31 C-100nF-0402
Added Member To Class: ClassName=U_IEEE-802 Member=Component C32 C-100nF-0402
Added Member To Class: ClassName=U_IEEE-802 Member=Component C33 C-100nF-0402
Added Member To Class: ClassName=U_IEEE-802 Member=Component C34 C-100nF-0402
Added Member To Class: ClassName=U_IEEE-802 Member=Component C35 C-100nF-0402
Added Member To Class: ClassName=U_IEEE-802 Member=Component J2 MM8930-2620RJ4
Added Member To Class: ClassName=U_IEEE-802 Member=Component J3 MM8930-2620RJ4
Added Member To Class: ClassName=U_Ethernet Member=Component L1 Ferrite Bead 120ohm@100MHz
Added Member To Class: ClassName=U_IEEE-802 Member=Component L2 L-3.3nH-0402
Added Member To Class: ClassName=U_IEEE-802 Member=Component L3 L-4.7nH-0402
Added Member To Class: ClassName=U_IEEE-802 Member=Component L4 L-6.8nH-0603
Added Member To Class: ClassName=U_IEEE-802 Member=Component L5 DLW21SN900SQ2L
Added Member To Class: ClassName=U_IEEE-802 Member=Component L6 L-3nH-0402
Added Member To Class: ClassName=U_Ethernet Member=Component R1 R-0R-0603
Added Member To Class: ClassName=U_Ethernet Member=Component R2 R-49R9-0603
Added Member To Class: ClassName=U_Ethernet Member=Component R3 R-49R9-0603
Added Member To Class: ClassName=U_Ethernet Member=Component R4 R-49R9-0603
Added Member To Class: ClassName=U_Ethernet Member=Component R5 R-49R9-0603
Added Member To Class: ClassName=U_Ethernet Member=Component R6 R-0R-0603
Added Member To Class: ClassName=U_Ethernet Member=Component R7 R-10K-0603
Added Member To Class: ClassName=U_Ethernet Member=Component R8 R-0R-0603
Added Member To Class: ClassName=U_Ethernet Member=Component R9 R-0R-0603
Added Member To Class: ClassName=U_Ethernet Member=Component R10 R-0R-0603
Added Member To Class: ClassName=U_IEEE-802 Member=Component R38 R-0-0402
Added Member To Class: ClassName=U_IEEE-802 Member=Component R39 R-0-0402
Added Member To Class: ClassName=U_IEEE-802 Member=Component R40 R-0-0402
Added Member To Class: ClassName=U_IEEE-802 Member=Component R41 R-0-0402
Added Member To Class: ClassName=U_IEEE-802 Member=Component R42 R-0-0402
Added Member To Class: ClassName=U_IEEE-802 Member=Component R43 R-0-0402
Added Member To Class: ClassName=U_IEEE-802 Member=Component R44 R-0-0402
Added Member To Class: ClassName=U_IEEE-802 Member=Component R45 R-0-0402
Added Member To Class: ClassName=U_IEEE-802 Member=Component U2 AT86RF215M
Added Member To Class: ClassName=U_IEEE-802 Member=Component U3 SE2435L-R
Added Member To Class: ClassName=U_IEEE-802 Member=Component U4 B3725
Added Member To Class: ClassName=U_IEEE-802 Member=Component U5 B3440
Added Member To Class: ClassName=U_Ethernet Member=Component Y1 25MHz 10ppm Cristal
Added Member To Class: ClassName=U_IEEE-802 Member=Component Y2 7Z-26.000MBG-T
