Change Component Comment : Designator=Y2 Old Comment=TXETBLSANF-26.000000 New Comment=7Z-26.000MBG-T
Added Pin To Net: NetName=GND Pin=C16-1
Added Pin To Net: NetName=3V3_AT86 Pin=C16-2
Added Pin To Net: NetName=3V3_AT86 Pin=C17-1
Added Pin To Net: NetName=GND Pin=C17-2
Added Pin To Net: NetName=GND Pin=C18-1
Added Pin To Net: NetName=3V3_AT86 Pin=C18-2
Added Pin To Net: NetName=3V3_AT86 Pin=C19-1
Added Pin To Net: NetName=GND Pin=C19-2
Added Pin To Net: NetName=GND Pin=C20-1
Added Pin To Net: NetName=NetC20_2 Pin=C20-2
Added Pin To Net: NetName=NetC21_1 Pin=C21-1
Added Pin To Net: NetName=NetC21_2 Pin=C21-2
Added Pin To Net: NetName=GND Pin=C22-1
Added Pin To Net: NetName=NetC22_2 Pin=C22-2
Added Pin To Net: NetName=GND Pin=C23-1
Added Pin To Net: NetName=NetC23_2 Pin=C23-2
Added Pin To Net: NetName=GND Pin=C24-1
Added Pin To Net: NetName=NetC24_2 Pin=C24-2
Added Pin To Net: NetName=GND Pin=C25-1
Added Pin To Net: NetName=NetC25_2 Pin=C25-2
Added Pin To Net: NetName=GND Pin=C26-1
Added Pin To Net: NetName=3V3_AT86 Pin=C26-2
Added Pin To Net: NetName=GND Pin=C27-1
Added Pin To Net: NetName=3V3_AT86 Pin=C27-2
Added Pin To Net: NetName=NetC28_1 Pin=C28-1
Added Pin To Net: NetName=NetC28_2 Pin=C28-2
Added Pin To Net: NetName=NetC29_1 Pin=C29-1
Added Pin To Net: NetName=NetC29_2 Pin=C29-2
Added Pin To Net: NetName=NetC30_1 Pin=C30-1
Added Pin To Net: NetName=NetC30_2 Pin=C30-2
Added Pin To Net: NetName=GND Pin=C31-1
Added Pin To Net: NetName=NetC31_2 Pin=C31-2
Added Pin To Net: NetName=GND Pin=C32-1
Added Pin To Net: NetName=+2V_AT86 Pin=C32-2
Added Pin To Net: NetName=GND Pin=C33-1
Added Pin To Net: NetName=+2V_AT86 Pin=C33-2
Added Pin To Net: NetName=GND Pin=C34-1
Added Pin To Net: NetName=+2V_AT86 Pin=C34-2
Added Pin To Net: NetName=3V3_AT86 Pin=C35-1
Added Pin To Net: NetName=GND Pin=C35-2
Added Pin To Net: NetName=NetC28_1 Pin=J2-1
Added Pin To Net: NetName=NetJ2_2 Pin=J2-2
Added Pin To Net: NetName=GND Pin=J2-3
Added Pin To Net: NetName=GND Pin=J2-4
Added Pin To Net: NetName=GND Pin=J2-5
Added Pin To Net: NetName=GND Pin=J2-6
Added Pin To Net: NetName=NetC21_2 Pin=J3-1
Added Pin To Net: NetName=NetJ3_2 Pin=J3-2
Added Pin To Net: NetName=GND Pin=J3-3
Added Pin To Net: NetName=GND Pin=J3-4
Added Pin To Net: NetName=GND Pin=J3-5
Added Pin To Net: NetName=GND Pin=J3-6
Added Pin To Net: NetName=NetC20_2 Pin=L2-1
Added Pin To Net: NetName=3V3_AT86 Pin=L2-2
Added Pin To Net: NetName=NetC22_2 Pin=L3-1
Added Pin To Net: NetName=3V3_AT86 Pin=L3-2
Added Pin To Net: NetName=NetL4_1 Pin=L4-1
Added Pin To Net: NetName=3V3_AT86 Pin=L4-2
Added Pin To Net: NetName=RF_P Pin=L5-1
Added Pin To Net: NetName=NetC21_1 Pin=L5-2
Added Pin To Net: NetName=NetC23_2 Pin=L5-3
Added Pin To Net: NetName=RF_N Pin=L5-4
Added Pin To Net: NetName=NetC28_2 Pin=L6-1
Added Pin To Net: NetName=GND Pin=L6-2
Added Pin To Net: NetName=NetR38_1 Pin=R38-1
Added Pin To Net: NetName=NetR38_2 Pin=R38-2
Added Pin To Net: NetName=NetR39_1 Pin=R39-1
Added Pin To Net: NetName=NetR39_2 Pin=R39-2
Added Pin To Net: NetName=NetR40_1 Pin=R40-1
Added Pin To Net: NetName=NetJ9_1 Pin=R40-2
Added Pin To Net: NetName=GND Pin=R41-1
Added Pin To Net: NetName=NetR40_1 Pin=R41-2
Added Pin To Net: NetName=GND Pin=R42-1
Added Pin To Net: NetName=NetJ9_1 Pin=R42-2
Added Pin To Net: NetName=NetR43_1 Pin=R43-1
Added Pin To Net: NetName=NetJ11_1 Pin=R43-2
Added Pin To Net: NetName=GND Pin=R44-1
Added Pin To Net: NetName=NetR43_1 Pin=R44-2
Added Pin To Net: NetName=GND Pin=R45-1
Added Pin To Net: NetName=NetJ11_1 Pin=R45-2
Added Pin To Net: NetName=GND Pin=U2-3
Added Pin To Net: NetName=GND Pin=U2-6
Added Pin To Net: NetName=GND Pin=U2-7
Added Pin To Net: NetName=RF_P Pin=U2-8
Added Pin To Net: NetName=RF_N Pin=U2-9
Added Pin To Net: NetName=GND Pin=U2-10
Added Pin To Net: NetName=NetR38_1 Pin=U2-11
Added Pin To Net: NetName=NetR39_1 Pin=U2-12
Added Pin To Net: NetName=AT86_\R\S\T\ Pin=U2-13
Added Pin To Net: NetName=NetC25_2 Pin=U2-14
Added Pin To Net: NetName=3V3_AT86 Pin=U2-15
Added Pin To Net: NetName=GND Pin=U2-16
Added Pin To Net: NetName=NetU2_17 Pin=U2-17
Added Pin To Net: NetName=GND Pin=U2-18
Added Pin To Net: NetName=GND Pin=U2-19
Added Pin To Net: NetName=GND Pin=U2-20
Added Pin To Net: NetName=+2V_AT86 Pin=U2-21
Added Pin To Net: NetName=GND Pin=U2-23
Added Pin To Net: NetName=GND Pin=U2-24
Added Pin To Net: NetName=+2V_AT86 Pin=U2-29
Added Pin To Net: NetName=GND Pin=U2-32
Added Pin To Net: NetName=NetC31_2 Pin=U2-37
Added Pin To Net: NetName=GND Pin=U2-38
Added Pin To Net: NetName=+2V_AT86 Pin=U2-39
Added Pin To Net: NetName=AT86_IRQ Pin=U2-40
Added Pin To Net: NetName=SPI_AT86_SCK Pin=U2-41
Added Pin To Net: NetName=SPI_AT86_CSN Pin=U2-42
Added Pin To Net: NetName=SPI_AT86_MOSI Pin=U2-43
Added Pin To Net: NetName=SPI_AT86_MISO Pin=U2-44
Added Pin To Net: NetName=GND Pin=U2-45
Added Pin To Net: NetName=3V3_AT86 Pin=U2-46
Added Pin To Net: NetName=NetC24_2 Pin=U2-47
Added Pin To Net: NetName=GND Pin=U2-48
Added Pin To Net: NetName=GND Pin=U2-49
Added Pin To Net: NetName=GND Pin=U2-49
Added Pin To Net: NetName=GND Pin=U2-49
Added Pin To Net: NetName=GND Pin=U2-49
Added Pin To Net: NetName=GND Pin=U2-49
Added Pin To Net: NetName=GND Pin=U2-49
Added Pin To Net: NetName=GND Pin=U2-49
Added Pin To Net: NetName=GND Pin=U2-49
Added Pin To Net: NetName=GND Pin=U2-49
Added Pin To Net: NetName=GND Pin=U2-49
Added Pin To Net: NetName=GND Pin=U2-49
Added Pin To Net: NetName=GND Pin=U2-49
Added Pin To Net: NetName=GND Pin=U2-49
Added Pin To Net: NetName=GND Pin=U2-49
Added Pin To Net: NetName=GND Pin=U2-49
Added Pin To Net: NetName=GND Pin=U2-49
Added Pin To Net: NetName=GND Pin=U2-49
Added Pin To Net: NetName=GND Pin=U2-49
Added Pin To Net: NetName=GND Pin=U2-49
Added Pin To Net: NetName=GND Pin=U2-49
Added Pin To Net: NetName=GND Pin=U2-49
Added Pin To Net: NetName=GND Pin=U2-49
Added Pin To Net: NetName=GND Pin=U2-49
Added Pin To Net: NetName=GND Pin=U2-49
Added Pin To Net: NetName=GND Pin=U2-49
Added Pin To Net: NetName=GND Pin=U2-49
Added Pin To Net: NetName=GND Pin=U2-49
Added Pin To Net: NetName=GND Pin=U2-49
Added Pin To Net: NetName=GND Pin=U2-49
Added Pin To Net: NetName=GND Pin=U2-49
Added Pin To Net: NetName=GND Pin=U2-49
Added Pin To Net: NetName=GND Pin=U2-49
Added Pin To Net: NetName=GND Pin=U2-49
Added Pin To Net: NetName=GND Pin=U2-49
Added Pin To Net: NetName=GND Pin=U2-49
Added Pin To Net: NetName=GND Pin=U2-49
Added Pin To Net: NetName=GND Pin=U2-49
Added Pin To Net: NetName=GND Pin=U2-49
Added Pin To Net: NetName=GND Pin=U2-49
Added Pin To Net: NetName=GND Pin=U2-49
Added Pin To Net: NetName=GND Pin=U2-49
Added Pin To Net: NetName=GND Pin=U2-49
Added Pin To Net: NetName=GND Pin=U2-49
Added Pin To Net: NetName=GND Pin=U2-49
Added Pin To Net: NetName=GND Pin=U2-49
Added Pin To Net: NetName=GND Pin=U2-49
Added Pin To Net: NetName=GND Pin=U2-49
Added Pin To Net: NetName=GND Pin=U2-49
Added Pin To Net: NetName=GND Pin=U2-49
Added Pin To Net: NetName=GND Pin=U3-0
Added Pin To Net: NetName=GND Pin=U3-0
Added Pin To Net: NetName=GND Pin=U3-0
Added Pin To Net: NetName=GND Pin=U3-0
Added Pin To Net: NetName=GND Pin=U3-0
Added Pin To Net: NetName=GND Pin=U3-0
Added Pin To Net: NetName=GND Pin=U3-0
Added Pin To Net: NetName=GND Pin=U3-0
Added Pin To Net: NetName=GND Pin=U3-0
Added Pin To Net: NetName=GND Pin=U3-0
Added Pin To Net: NetName=GND Pin=U3-0
Added Pin To Net: NetName=GND Pin=U3-0
Added Pin To Net: NetName=GND Pin=U3-0
Added Pin To Net: NetName=GND Pin=U3-0
Added Pin To Net: NetName=GND Pin=U3-0
Added Pin To Net: NetName=GND Pin=U3-0
Added Pin To Net: NetName=GND Pin=U3-0
Added Pin To Net: NetName=GND Pin=U3-0
Added Pin To Net: NetName=GND Pin=U3-0
Added Pin To Net: NetName=GND Pin=U3-0
Added Pin To Net: NetName=NetR39_2 Pin=U3-1
Added Pin To Net: NetName=NetC29_2 Pin=U3-2
Added Pin To Net: NetName=AT86_CPS Pin=U3-3
Added Pin To Net: NetName=NetR38_2 Pin=U3-4
Added Pin To Net: NetName=NetC30_2 Pin=U3-5
Added Pin To Net: NetName=NetJ3_2 Pin=U3-6
Added Pin To Net: NetName=AT86_ANT_SEL Pin=U3-7
Added Pin To Net: NetName=GND Pin=U3-8
Added Pin To Net: NetName=NetU3_9 Pin=U3-9
Added Pin To Net: NetName=GND Pin=U3-10
Added Pin To Net: NetName=NetU3_11 Pin=U3-11
Added Pin To Net: NetName=NetR43_1 Pin=U3-12
Added Pin To Net: NetName=GND Pin=U3-13
Added Pin To Net: NetName=NetR40_1 Pin=U3-14
Added Pin To Net: NetName=GND Pin=U3-15
Added Pin To Net: NetName=NetC28_2 Pin=U3-16
Added Pin To Net: NetName=GND Pin=U3-17
Added Pin To Net: NetName=GND Pin=U3-18
Added Pin To Net: NetName=GND Pin=U3-19
Added Pin To Net: NetName=NetJ2_2 Pin=U3-20
Added Pin To Net: NetName=NetL4_1 Pin=U3-21
Added Pin To Net: NetName=GND Pin=U3-22
Added Pin To Net: NetName=NetC22_2 Pin=U3-23
Added Pin To Net: NetName=NetC20_2 Pin=U3-24
Added Pin To Net: NetName=GND Pin=U4-1
Added Pin To Net: NetName=NetU3_11 Pin=U4-2
Added Pin To Net: NetName=GND Pin=U4-3
Added Pin To Net: NetName=GND Pin=U4-4
Added Pin To Net: NetName=NetU3_9 Pin=U4-5
Added Pin To Net: NetName=GND Pin=U4-6
Added Pin To Net: NetName=GND Pin=U5-1
Added Pin To Net: NetName=NetC30_1 Pin=U5-2
Added Pin To Net: NetName=GND Pin=U5-3
Added Pin To Net: NetName=GND Pin=U5-4
Added Pin To Net: NetName=NetC29_1 Pin=U5-5
Added Pin To Net: NetName=GND Pin=U5-6
Added Pin To Net: NetName=GND Pin=Y2-1
Added Pin To Net: NetName=GND Pin=Y2-2
Added Pin To Net: NetName=NetU2_17 Pin=Y2-3
Added Pin To Net: NetName=3V3_AT86 Pin=Y2-4
Added Member To Class: ClassName=U_Ethernet Member=Component C1 C-100nF-0603
Added Member To Class: ClassName=U_Ethernet Member=Component C2 C-10pF-0603
Added Member To Class: ClassName=U_Ethernet Member=Component C3 C-10pF-0603
Added Member To Class: ClassName=U_Ethernet Member=Component C4 C-10pF-0603
Added Member To Class: ClassName=U_Ethernet Member=Component C5 C-10pF-0603
Added Member To Class: ClassName=U_Ethernet Member=Component C6 C-22nF-0603
Added Member To Class: ClassName=U_Ethernet Member=Component C7 C-100nF-0603
Added Member To Class: ClassName=U_Ethernet Member=Component C8 C-4.7uF-0603
Added Member To Class: ClassName=U_Ethernet Member=Component C9 C-100nF-0603
Added Member To Class: ClassName=U_Ethernet Member=Component C10 C-4.7uF-0603
Added Member To Class: ClassName=U_Ethernet Member=Component C11 C-100nF-0603
Added Member To Class: ClassName=U_Ethernet Member=Component C12 C-100nF-0603
Added Member To Class: ClassName=U_Ethernet Member=Component C13 C-4.7uF-0603
Added Member To Class: ClassName=U_Ethernet Member=Component C14 C-12pF-0603
Added Member To Class: ClassName=U_Ethernet Member=Component C15 C-12pF-0603
Added Member To Class: ClassName=U_IEEE-802 Member=Component C16 C-4.7uF-0603
Added Member To Class: ClassName=U_IEEE-802 Member=Component C17 C-1nF-0402
Added Member To Class: ClassName=U_IEEE-802 Member=Component C18 C-10nF-0402
Added Member To Class: ClassName=U_IEEE-802 Member=Component C19 C-33pF-0402
Added Member To Class: ClassName=U_IEEE-802 Member=Component C20 C-100pF-0402
Added Member To Class: ClassName=U_IEEE-802 Member=Component C21 C-15pF-0402
Added Member To Class: ClassName=U_IEEE-802 Member=Component C22 C-22pF-0402
Added Member To Class: ClassName=U_IEEE-802 Member=Component C23 C-8.2pF-0402
Added Member To Class: ClassName=U_IEEE-802 Member=Component C24 C-100nF-0402
Added Member To Class: ClassName=U_IEEE-802 Member=Component C25 C-100nF-0402
Added Member To Class: ClassName=U_Power Member=Component C36 C-10uF-1210
Added Member To Class: ClassName=U_Power Member=Component C37 C-22uF-1210
Added Member To Class: ClassName=U_Power Member=Component C38 C-100nF-0603
Added Member To Class: ClassName=U_Power Member=Component C39 C-10uF-1210
Added Member To Class: ClassName=U_Power Member=Component C40 C-22uF-1210
Added Member To Class: ClassName=U_Power Member=Component C41 C-100nF-0603
Added Member To Class: ClassName=Top Member=Component C42 C-100nF-0603
Added Member To Class: ClassName=Top Member=Component C43 C-100nF-0603
Added Member To Class: ClassName=Top Member=Component C44 C-100nF-0603
Added Member To Class: ClassName=U_USB Member=Component C45 C-100nF-0603
Added Member To Class: ClassName=U_USB Member=Component C46 C-100nF-0603
Added Member To Class: ClassName=U_USB Member=Component D1 150080YS75000
Added Member To Class: ClassName=U_USB Member=Component D2 150080YS75000
Added Member To Class: ClassName=U_USB Member=Component D3 150080YS75000
Added Member To Class: ClassName=U_Ethernet Member=Component J1 ARJE-0034
Added Member To Class: ClassName=U_Power Member=Component J4 Header_2x6
Added Member To Class: ClassName=U_Power Member=Component J5 Header_2x2
Added Member To Class: ClassName=U_Power Member=Component J6 Header_1x2
Added Member To Class: ClassName=Top Member=Component J7 UCL-CPUM-H7-1
Added Member To Class: ClassName=Top Member=Component J8 I2C_Header
Added Member To Class: ClassName=Top Member=Component J9 733910080
Added Member To Class: ClassName=Top Member=Component J10 SPI_Header
Added Member To Class: ClassName=Top Member=Component J11 733910080
Added Member To Class: ClassName=Top Member=Component J12 SPI_Header
Added Member To Class: ClassName=Top Member=Component J13 UART_Header
Added Member To Class: ClassName=Top Member=Component J14 Header_2x10
Added Member To Class: ClassName=Top Member=Component J15 Header 1x20
Added Member To Class: ClassName=U_USB Member=Component J16 USB3085-30-A
Added Member To Class: ClassName=U_Ethernet Member=Component L1 Ferrite Bead 120ohm@100MHz
Added Member To Class: ClassName=U_IEEE-802 Member=Component L2 L-3.3nH-0402
Added Member To Class: ClassName=U_IEEE-802 Member=Component L3 L-4.7nH-0402
Added Member To Class: ClassName=U_IEEE-802 Member=Component L5 DLW21SN900SQ2L
Added Member To Class: ClassName=U_IEEE-802 Member=Component L6 L-3nH-0402
Added Member To Class: ClassName=Top Member=Component M1 M3x5 (97790503111)
Added Member To Class: ClassName=Top Member=Component M2 M3x5 (97790503111)
Added Member To Class: ClassName=Top Member=Component M7 M3x5 (97790503111)
Added Member To Class: ClassName=Top Member=Component M8 M3x5 (97790503111)
Added Member To Class: ClassName=U_Ethernet Member=Component R1 R-0R-0603
Added Member To Class: ClassName=U_Ethernet Member=Component R2 R-49R9-0603
Added Member To Class: ClassName=U_Ethernet Member=Component R3 R-49R9-0603
Added Member To Class: ClassName=U_Ethernet Member=Component R4 R-49R9-0603
Added Member To Class: ClassName=U_Ethernet Member=Component R5 R-49R9-0603
Added Member To Class: ClassName=U_Ethernet Member=Component R6 R-0R-0603
Added Member To Class: ClassName=U_Ethernet Member=Component R7 R-10K-0603
Added Member To Class: ClassName=U_Ethernet Member=Component R8 R-0R-0603
Added Member To Class: ClassName=U_Ethernet Member=Component R9 R-0R-0603
Added Member To Class: ClassName=U_Ethernet Member=Component R10 R-0R-0603
Added Member To Class: ClassName=U_Ethernet Member=Component R11 R-10K-0603
Added Member To Class: ClassName=U_Ethernet Member=Component R12 R-100R-0603
Added Member To Class: ClassName=U_Ethernet Member=Component R13 R-10K-0603
Added Member To Class: ClassName=U_Ethernet Member=Component R14 R-100R-0603
Added Member To Class: ClassName=U_Ethernet Member=Component R15 R-100R-0603
Added Member To Class: ClassName=U_Ethernet Member=Component R16 R-100R-0603
Added Member To Class: ClassName=U_Ethernet Member=Component R17 R-100R-0603
Added Member To Class: ClassName=U_Ethernet Member=Component R18 R-100R-0603
Added Member To Class: ClassName=U_Ethernet Member=Component R19 R-100R-0603
Added Member To Class: ClassName=U_Ethernet Member=Component R20 R-4K7-0603
Added Member To Class: ClassName=U_Ethernet Member=Component R21 R-330R-0603
Added Member To Class: ClassName=U_Ethernet Member=Component R22 R-330R-0603
Added Member To Class: ClassName=U_Ethernet Member=Component R23 R-10K-0603
Added Member To Class: ClassName=U_Ethernet Member=Component R24 R-10K-0603
Added Member To Class: ClassName=U_Ethernet Member=Component R25 R-100R-0603
Added Member To Class: ClassName=U_Ethernet Member=Component R26 R-10K-0603
Added Member To Class: ClassName=U_Ethernet Member=Component R27 R-4K7-0603
Added Member To Class: ClassName=U_Ethernet Member=Component R28 R-1K5-0603
Added Member To Class: ClassName=U_Ethernet Member=Component R29 R-100R-0603
Added Member To Class: ClassName=U_Ethernet Member=Component R30 R-0R-0603
Added Member To Class: ClassName=U_Ethernet Member=Component R31 R-0R-0603
Added Member To Class: ClassName=U_Ethernet Member=Component R32 R-0R-0603
Added Member To Class: ClassName=U_Ethernet Member=Component R33 R-100R-0603
Added Member To Class: ClassName=U_Ethernet Member=Component R34 R-0R-0603
Added Member To Class: ClassName=U_Ethernet Member=Component R35 R-0R-0603
Added Member To Class: ClassName=U_Ethernet Member=Component R36 R-0R-0603
Added Member To Class: ClassName=U_Ethernet Member=Component R37 R-12K4-1%-0603
Added Member To Class: ClassName=U_Power Member=Component R46 R-2K55-0603
Added Member To Class: ClassName=U_Power Member=Component R47 R-1K5-0603
Added Member To Class: ClassName=Top Member=Component R48 R-10K-0603
Added Member To Class: ClassName=Top Member=Component R49 R-0R-0603
Added Member To Class: ClassName=Top Member=Component R50 R-0R-0603
Added Member To Class: ClassName=Top Member=Component R51 R-0R-0603
Added Member To Class: ClassName=Top Member=Component R52 R-10K-0603
Added Member To Class: ClassName=Top Member=Component R53 R-0R-0603
Added Member To Class: ClassName=Top Member=Component R54 R-0R-0603
Added Member To Class: ClassName=Top Member=Component R55 R-0R-0603
Added Member To Class: ClassName=Top Member=Component R56 R-0R-0603
Added Member To Class: ClassName=Top Member=Component R57 R-0R-0603
Added Member To Class: ClassName=Top Member=Component R58 R-0R-0603
Added Member To Class: ClassName=Top Member=Component R59 R-0R-0603
Added Member To Class: ClassName=Top Member=Component R60 R-0R-0603
Added Member To Class: ClassName=Top Member=Component R61 R-0R-0603
Added Member To Class: ClassName=Top Member=Component R62 R-0R-0603
Added Member To Class: ClassName=Top Member=Component R63 R-0R-0603
Added Member To Class: ClassName=Top Member=Component R64 R-0R-0603
Added Member To Class: ClassName=Top Member=Component R65 R-0R-0603
Added Member To Class: ClassName=Top Member=Component R66 R-10K-0603
Added Member To Class: ClassName=Top Member=Component R67 R-10K-0603
Added Member To Class: ClassName=Top Member=Component R68 R-10K-0603
Added Member To Class: ClassName=U_USB Member=Component R69 R-10K-0603
Added Member To Class: ClassName=U_USB Member=Component R70 R-330R-0603
Added Member To Class: ClassName=U_USB Member=Component R71 R-24R-0603
Added Member To Class: ClassName=U_USB Member=Component R72 R-330R-0603
Added Member To Class: ClassName=U_USB Member=Component R73 R-24R-0603
Added Member To Class: ClassName=U_USB Member=Component R74 R-330R-0603
Added Member To Class: ClassName=U_USB Member=Component R75 R-20K-0603
Added Member To Class: ClassName=U_Ethernet Member=Component U1 LAN8187-JT
Added Member To Class: ClassName=U_Power Member=Component U6 AZ1117IH-3.3TRG1
Added Member To Class: ClassName=U_Power Member=Component U7 AZ2185D-ADJTRG1
Added Member To Class: ClassName=U_USB Member=Component U8 CY7C64225-28PVXC
Added Member To Class: ClassName=U_Ethernet Member=Component Y1 25MHz ±10ppm Cristal
