Added Component: Designator=U1(LAN8187-JT)
Add component. Clean all parameters for all variants
Add component (AddParameter): Name = "Supplier 1"; Value = "Digi-Key"; VariantName = "[No Variations]"
Add component (AddParameter): Name = "Supplier Part Number 1"; Value = "LAN8187-JT-ND"; VariantName = "[No Variations]"
Added Pin To Net: NetName=NetR6_1 Pin=U1-1
Added Pin To Net: NetName=NetR7_2 Pin=U1-2
Added Pin To Net: NetName=NetR30_1 Pin=U1-4
Added Pin To Net: NetName=NetR31_1 Pin=U1-5
Added Pin To Net: NetName=NetR32_1 Pin=U1-6
Added Pin To Net: NetName=GND Pin=U1-7
Added Pin To Net: NetName=GND Pin=U1-9
Added Pin To Net: NetName=GND Pin=U1-10
Added Pin To Net: NetName=3V3_ETH Pin=U1-13
Added Pin To Net: NetName=NetC9_2 Pin=U1-14
Added Pin To Net: NetName=GND Pin=U1-15
Added Pin To Net: NetName=NetR11_1 Pin=U1-16
Added Pin To Net: NetName=NetJ1_12 Pin=U1-17
Added Pin To Net: NetName=NetJ1_1 Pin=U1-19
Added Pin To Net: NetName=NetR13_1 Pin=U1-20
Added Pin To Net: NetName=NetC14_2 Pin=U1-22
Added Pin To Net: NetName=NetC15_2 Pin=U1-23
Added Pin To Net: NetName=GND Pin=U1-24
Added Pin To Net: NetName=ETH_R\E\S\E\T\ Pin=U1-25
Added Pin To Net: NetName=ETH_MDIO Pin=U1-26
Added Pin To Net: NetName=ETH_MDC Pin=U1-27
Added Pin To Net: NetName=GND Pin=U1-28
Added Pin To Net: NetName=NetR14_2 Pin=U1-29
Added Pin To Net: NetName=NetR15_2 Pin=U1-30
Added Pin To Net: NetName=NetR16_2 Pin=U1-31
Added Pin To Net: NetName=NetR17_2 Pin=U1-32
Added Pin To Net: NetName=NetR18_2 Pin=U1-33
Added Pin To Net: NetName=NetR12_2 Pin=U1-34
Added Pin To Net: NetName=NetR19_2 Pin=U1-35
Added Pin To Net: NetName=NetR9_1 Pin=U1-36
Added Pin To Net: NetName=NetR10_1 Pin=U1-37
Added Pin To Net: NetName=NetR25_2 Pin=U1-38
Added Pin To Net: NetName=ETH_MII_TX_EN Pin=U1-39
Added Pin To Net: NetName=GND Pin=U1-40
Added Pin To Net: NetName=ETH_MII_TXD0 Pin=U1-41
Added Pin To Net: NetName=ETH_MII_TXD1 Pin=U1-42
Added Pin To Net: NetName=+2V_ETH Pin=U1-43
Added Pin To Net: NetName=ETH_MII_TXD2 Pin=U1-44
Added Pin To Net: NetName=ETH_MII_TXD3 Pin=U1-45
Added Pin To Net: NetName=ETH_MII_TX_ER/I\N\T\ Pin=U1-46
Added Pin To Net: NetName=NetR33_2 Pin=U1-47
Added Pin To Net: NetName=NetR29_2 Pin=U1-48
Added Pin To Net: NetName=GND Pin=U1-49
Added Pin To Net: NetName=TX_N Pin=U1-50
Added Pin To Net: NetName=TX_P Pin=U1-51
Added Pin To Net: NetName=GND Pin=U1-52
Added Pin To Net: NetName=VDD_ETH Pin=U1-53
Added Pin To Net: NetName=RX_N Pin=U1-54
Added Pin To Net: NetName=RX_P Pin=U1-55
Added Pin To Net: NetName=VDD_ETH Pin=U1-57
Added Pin To Net: NetName=GND Pin=U1-58
Added Pin To Net: NetName=NetR37_2 Pin=U1-59
Added Pin To Net: NetName=GND Pin=U1-60
Added Pin To Net: NetName=VDD_ETH Pin=U1-61
Added Pin To Net: NetName=GND Pin=U1-62
Added Pin To Net: NetName=+2V Pin=U1-63
Added Member To Class: ClassName=U_Ethernet Member=Component U1 LAN8187-JT
