Removed Pin From Net: NetName=+2V Pin=J4-1
Removed Pin From Net: NetName=+2V_MCU Pin=J4-2
Removed Pin From Net: NetName=+2V_ETH Pin=J4-4
Removed Pin From Net: NetName=+2V_AT86 Pin=J4-6
Removed Pin From Net: NetName=3V3 Pin=J4-7
Removed Pin From Net: NetName=3V3_ETH Pin=J4-8
Removed Pin From Net: NetName=3V3_AT86 Pin=J4-10
Removed Pin From Net: NetName=GND Pin=J16-0
Removed Pin From Net: NetName=GND Pin=J16-0
Removed Pin From Net: NetName=GND Pin=J16-0
Removed Pin From Net: NetName=GND Pin=J16-0
Added Pin To Net: NetName=3V3 Pin=J4-1
Added Pin To Net: NetName=3V3_AT86 Pin=J4-2
Added Pin To Net: NetName=+2V_AT86 Pin=J4-4
Added Pin To Net: NetName=+2V_MCU Pin=J4-6
Added Pin To Net: NetName=+2V Pin=J4-7
Added Pin To Net: NetName=+2V_ETH Pin=J4-8
Added Pin To Net: NetName=3V3_ETH Pin=J4-10
Added Rule: Name=Schematic Differential Pairs Routing
Added Rule: Name=Schematic Differential Pairs Routing_2
Added Rule: Name=Schematic Differential Pairs Routing_10
Added Rule: Name=Schematic Differential Pairs Routing_11
Added Rule: Name=Schematic Differential Pairs Routing_12
Added Rule: Name=Schematic Matched Net Lengths
Added Rule: Name=Schematic Matched Net Lengths_1
Added Rule: Name=Schematic Matched Net Lengths_2
