Added Component: Designator=J1(ARJE-0034)
Add component. Clean all parameters for all variants
Add component (AddParameter): Name = "Supplier 1"; Value = "Digi-Key"; VariantName = "[No Variations]"
Add component (AddParameter): Name = "Supplier Part Number 1"; Value = "535-12443-1-ND"; VariantName = "[No Variations]"
Added Pin To Net: NetName=NetJ1_1 Pin=J1-1
Added Pin To Net: NetName=NetJ1_2 Pin=J1-2
Added Pin To Net: NetName=TX_P Pin=J1-3
Added Pin To Net: NetName=TX_N Pin=J1-4
Added Pin To Net: NetName=NetC6_2 Pin=J1-5
Added Pin To Net: NetName=NetJ1_6 Pin=J1-6
Added Pin To Net: NetName=RX_P Pin=J1-7
Added Pin To Net: NetName=RX_N Pin=J1-8
Added Pin To Net: NetName=GND Pin=J1-10
Added Pin To Net: NetName=NetJ1_11 Pin=J1-11
Added Pin To Net: NetName=NetJ1_12 Pin=J1-12
Added Member To Class: ClassName=U_Ethernet Member=Component J1 ARJE-0034
Added Rule: Name=Schematic Differential Pairs Routing_4
Added Rule: Name=Schematic Differential Pairs Routing_5
Added Rule: Name=Schematic Differential Pairs Routing_7
Added Rule: Name=Schematic Differential Pairs Routing_8
Added Rule: Name=Schematic Differential Pairs Routing_9
Added Rule: Name=Schematic Matched Net Lengths_4
Added Rule: Name=Schematic Matched Net Lengths_5
Added Rule: Name=Schematic Matched Net Lengths_6
