Change Net Name : Old Net Name=NetC21_1 New Net Name=RF50_1
Change Net Name : Old Net Name=NetC21_2 New Net Name=RF50_2
Change Net Name : Old Net Name=NetC23_2 New Net Name=RF50_0
Change Net Name : Old Net Name=NetJ3_2 New Net Name=RF50_4
Change Net Name : Old Net Name=NetJ9_1 New Net Name=RF50_9
Change Net Name : Old Net Name=NetR40_1 New Net Name=RF50_8
Change Net Name : Old Net Name=NetU3_1 New Net Name=RF50_6
Change Net Name : Old Net Name=NetU3_4 New Net Name=RF50_7
Change Net Name : Old Net Name=NetU4_4 New Net Name=RF50_5
Added Rule: Name=Schematic Differential Pairs Routing
Added Rule: Name=Schematic Differential Pairs Routing_2
Added Rule: Name=Schematic Differential Pairs Routing_10
Added Rule: Name=Schematic Differential Pairs Routing_11
Added Rule: Name=Schematic Differential Pairs Routing_12
Added Rule: Name=Schematic Impedance Constraint_5
Added Rule: Name=Schematic Impedance Constraint_6
Added Rule: Name=Schematic Impedance Constraint_7
Added Rule: Name=Schematic Matched Net Lengths
Added Rule: Name=Schematic Matched Net Lengths_1
Added Rule: Name=Schematic Matched Net Lengths_2
Change Rule Scope 1 : Old Scope=InNet('NetC21_2') New Scope=InNet('RF50_2')
Change Rule Scope 1 : Old Scope=InNet('NetJ3_2') New Scope=InNet('RF50_4')
